<?xml version="1.0" encoding="UTF-8"?>
<coverage generated="1785324998807" clover="3.2.0">
  <project timestamp="1785324998807" name="All files">
    <metrics statements="1359" coveredstatements="1096" conditionals="3177" coveredconditionals="1850" methods="536" coveredmethods="341" elements="5072" coveredelements="3287" complexity="0" loc="1359" ncloc="1359" packages="29" files="45" classes="45"/>
    <package name="app.auth.login">
      <metrics statements="28" coveredstatements="25" conditionals="26" coveredconditionals="18" methods="5" coveredmethods="4"/>
      <file name="page.tsx" path="/root/projects/trading-os/apps/web/src/app/auth/login/page.tsx">
        <metrics statements="28" coveredstatements="25" conditionals="26" coveredconditionals="18" methods="5" coveredmethods="4"/>
        <line num="2" count="1" type="stmt"/>
        <line num="3" count="1" type="stmt"/>
        <line num="4" count="1" type="stmt"/>
        <line num="5" count="1" type="stmt"/>
        <line num="6" count="1" type="stmt"/>
        <line num="8" count="1" type="stmt"/>
        <line num="9" count="10" type="stmt"/>
        <line num="10" count="10" type="stmt"/>
        <line num="11" count="10" type="stmt"/>
        <line num="12" count="10" type="stmt"/>
        <line num="13" count="10" type="stmt"/>
        <line num="14" count="10" type="stmt"/>
        <line num="15" count="10" type="stmt"/>
        <line num="17" count="10" type="stmt"/>
        <line num="18" count="2" type="stmt"/>
        <line num="19" count="2" type="stmt"/>
        <line num="20" count="2" type="stmt"/>
        <line num="21" count="2" type="cond" truecount="1" falsecount="1"/>
        <line num="22" count="1" type="stmt"/>
        <line num="24" count="1" type="cond" truecount="12" falsecount="4"/>
        <line num="25" count="1" type="cond" truecount="1" falsecount="1"/>
        <line num="26" count="0" type="stmt"/>
        <line num="27" count="0" type="stmt"/>
        <line num="29" count="1" type="stmt"/>
        <line num="34" count="10" type="stmt"/>
        <line num="59" count="2" type="stmt"/>
        <line num="71" count="2" type="stmt"/>
        <line num="86" count="0" type="stmt"/>
      </file>
    </package>
    <package name="app.auth.register">
      <metrics statements="25" coveredstatements="23" conditionals="19" coveredconditionals="4" methods="5" coveredmethods="5"/>
      <file name="page.tsx" path="/root/projects/trading-os/apps/web/src/app/auth/register/page.tsx">
        <metrics statements="25" coveredstatements="23" conditionals="19" coveredconditionals="4" methods="5" coveredmethods="5"/>
        <line num="2" count="1" type="stmt"/>
        <line num="3" count="1" type="stmt"/>
        <line num="4" count="1" type="stmt"/>
        <line num="5" count="1" type="stmt"/>
        <line num="6" count="1" type="stmt"/>
        <line num="8" count="1" type="stmt"/>
        <line num="9" count="11" type="stmt"/>
        <line num="10" count="11" type="stmt"/>
        <line num="11" count="11" type="stmt"/>
        <line num="12" count="11" type="stmt"/>
        <line num="13" count="11" type="stmt"/>
        <line num="14" count="11" type="stmt"/>
        <line num="16" count="11" type="stmt"/>
        <line num="17" count="2" type="stmt"/>
        <line num="18" count="2" type="stmt"/>
        <line num="19" count="2" type="cond" truecount="1" falsecount="0"/>
        <line num="20" count="1" type="stmt"/>
        <line num="21" count="1" type="stmt"/>
        <line num="22" count="1" type="stmt"/>
        <line num="24" count="0" type="cond" truecount="0" falsecount="12"/>
        <line num="25" count="0" type="cond" truecount="0" falsecount="2"/>
        <line num="29" count="11" type="stmt"/>
        <line num="54" count="2" type="stmt"/>
        <line num="66" count="2" type="stmt"/>
        <line num="78" count="2" type="stmt"/>
      </file>
    </package>
    <package name="app.billing">
      <metrics statements="30" coveredstatements="22" conditionals="60" coveredconditionals="45" methods="13" coveredmethods="7"/>
      <file name="page.tsx" path="/root/projects/trading-os/apps/web/src/app/billing/page.tsx">
        <metrics statements="30" coveredstatements="22" conditionals="60" coveredconditionals="45" methods="13" coveredmethods="7"/>
        <line num="2" count="1" type="stmt"/>
        <line num="3" count="1" type="stmt"/>
        <line num="4" count="1" type="stmt"/>
        <line num="5" count="1" type="stmt"/>
        <line num="34" count="6" type="cond" truecount="1" falsecount="1"/>
        <line num="35" count="6" type="cond" truecount="2" falsecount="0"/>
        <line num="36" count="6" type="stmt"/>
        <line num="54" count="1" type="stmt"/>
        <line num="55" count="4" type="stmt"/>
        <line num="57" count="4" type="stmt"/>
        <line num="59" count="2" type="stmt"/>
        <line num="62" count="4" type="stmt"/>
        <line num="64" count="2" type="stmt"/>
        <line num="67" count="4" type="stmt"/>
        <line num="69" count="2" type="stmt"/>
        <line num="72" count="4" type="stmt"/>
        <line num="73" count="0" type="stmt"/>
        <line num="75" count="0" type="stmt"/>
        <line num="76" count="0" type="stmt"/>
        <line num="80" count="4" type="stmt"/>
        <line num="81" count="0" type="stmt"/>
        <line num="83" count="0" type="stmt"/>
        <line num="84" count="0" type="stmt"/>
        <line num="88" count="4" type="cond" truecount="2" falsecount="0"/>
        <line num="90" count="4" type="stmt"/>
        <line num="118" count="0" type="stmt"/>
        <line num="151" count="2" type="cond" truecount="3" falsecount="1"/>
        <line num="152" count="2" type="stmt"/>
        <line num="169" count="2" type="stmt"/>
        <line num="190" count="0" type="stmt"/>
      </file>
    </package>
    <package name="app.dashboard">
      <metrics statements="82" coveredstatements="71" conditionals="361" coveredconditionals="167" methods="28" coveredmethods="20"/>
      <file name="page.tsx" path="/root/projects/trading-os/apps/web/src/app/dashboard/page.tsx">
        <metrics statements="82" coveredstatements="71" conditionals="361" coveredconditionals="167" methods="28" coveredmethods="20"/>
        <line num="2" count="1" type="stmt"/>
        <line num="3" count="1" type="stmt"/>
        <line num="4" count="1" type="stmt"/>
        <line num="5" count="1" type="stmt"/>
        <line num="6" count="1" type="stmt"/>
        <line num="7" count="1" type="stmt"/>
        <line num="8" count="1" type="stmt"/>
        <line num="9" count="1" type="stmt"/>
        <line num="11" count="1" type="stmt"/>
        <line num="12" count="1" type="stmt"/>
        <line num="15" count="5" type="stmt"/>
        <line num="33" count="1" type="stmt"/>
        <line num="44" count="1" type="stmt"/>
        <line num="45" count="4" type="stmt"/>
        <line num="46" count="12" type="stmt"/>
        <line num="47" count="12" type="stmt"/>
        <line num="48" count="12" type="stmt"/>
        <line num="49" count="4" type="stmt"/>
        <line num="50" count="4" type="stmt"/>
        <line num="52" count="4" type="stmt"/>
        <line num="54" count="3" type="stmt"/>
        <line num="57" count="4" type="cond" truecount="4" falsecount="0"/>
        <line num="59" count="4" type="stmt"/>
        <line num="61" count="1" type="stmt"/>
        <line num="65" count="4" type="stmt"/>
        <line num="67" count="3" type="stmt"/>
        <line num="71" count="4" type="stmt"/>
        <line num="73" count="3" type="stmt"/>
        <line num="77" count="4" type="stmt"/>
        <line num="79" count="3" type="stmt"/>
        <line num="83" count="4" type="stmt"/>
        <line num="85" count="3" type="stmt"/>
        <line num="89" count="4" type="stmt"/>
        <line num="91" count="3" type="stmt"/>
        <line num="95" count="4" type="stmt"/>
        <line num="97" count="3" type="stmt"/>
        <line num="101" count="4" type="stmt"/>
        <line num="103" count="3" type="stmt"/>
        <line num="108" count="4" type="stmt"/>
        <line num="116" count="3" type="stmt"/>
        <line num="120" count="4" type="stmt"/>
        <line num="122" count="3" type="stmt"/>
        <line num="126" count="4" type="cond" truecount="2" falsecount="0"/>
        <line num="127" count="4" type="cond" truecount="2" falsecount="0"/>
        <line num="128" count="4" type="cond" truecount="6" falsecount="2"/>
        <line num="129" count="4" type="cond" truecount="2" falsecount="0"/>
        <line num="130" count="4" type="cond" truecount="6" falsecount="2"/>
        <line num="131" count="4" type="cond" truecount="6" falsecount="2"/>
        <line num="132" count="4" type="cond" truecount="3" falsecount="5"/>
        <line num="133" count="4" type="stmt"/>
        <line num="134" count="4" type="cond" truecount="1" falsecount="1"/>
        <line num="135" count="0" type="cond" truecount="0" falsecount="4"/>
        <line num="137" count="4" type="cond" truecount="1" falsecount="1"/>
        <line num="138" count="0" type="cond" truecount="0" falsecount="8"/>
        <line num="140" count="4" type="cond" truecount="1" falsecount="1"/>
        <line num="141" count="0" type="cond" truecount="0" falsecount="12"/>
        <line num="144" count="4" type="cond" truecount="3" falsecount="2"/>
        <line num="145" count="4" type="cond" truecount="3" falsecount="1"/>
        <line num="146" count="4" type="cond" truecount="3" falsecount="1"/>
        <line num="148" count="4" type="stmt"/>
        <line num="149" count="4" type="cond" truecount="2" falsecount="2"/>
        <line num="151" count="4" type="cond" truecount="5" falsecount="1"/>
        <line num="152" count="4" type="cond" truecount="7" falsecount="1"/>
        <line num="153" count="4" type="cond" truecount="5" falsecount="1"/>
        <line num="154" count="4" type="stmt"/>
        <line num="155" count="4" type="cond" truecount="0" falsecount="1"/>
        <line num="156" count="4" type="cond" truecount="0" falsecount="1"/>
        <line num="157" count="4" type="cond" truecount="6" falsecount="2"/>
        <line num="159" count="4" type="stmt"/>
        <line num="177" count="12" type="stmt"/>
        <line num="233" count="16" type="stmt"/>
        <line num="306" count="0" type="stmt"/>
        <line num="307" count="0" type="stmt"/>
        <line num="329" count="0" type="stmt"/>
        <line num="427" count="0" type="stmt"/>
        <line num="445" count="32" type="stmt"/>
        <line num="446" count="32" type="stmt"/>
        <line num="479" count="0" type="cond" truecount="0" falsecount="4"/>
        <line num="480" count="0" type="cond" truecount="0" falsecount="8"/>
        <line num="481" count="0" type="cond" truecount="0" falsecount="8"/>
        <line num="482" count="0" type="stmt"/>
        <line num="529" count="20" type="stmt"/>
      </file>
    </package>
    <package name="app.dashboard._components">
      <metrics statements="46" coveredstatements="44" conditionals="118" coveredconditionals="95" methods="25" coveredmethods="23"/>
      <file name="ExpectedMoveWidget.tsx" path="/root/projects/trading-os/apps/web/src/app/dashboard/_components/ExpectedMoveWidget.tsx">
        <metrics statements="14" coveredstatements="12" conditionals="44" coveredconditionals="42" methods="8" coveredmethods="6"/>
        <line num="3" count="1" type="stmt"/>
        <line num="17" count="1" type="stmt"/>
        <line num="24" count="11" type="cond" truecount="4" falsecount="0"/>
        <line num="25" count="5" type="stmt"/>
        <line num="29" count="4" type="cond" truecount="4" falsecount="0"/>
        <line num="30" count="1" type="cond" truecount="1" falsecount="1"/>
        <line num="33" count="1" type="stmt"/>
        <line num="43" count="4" type="cond" truecount="2" falsecount="0"/>
        <line num="45" count="4" type="stmt"/>
        <line num="60" count="0" type="stmt"/>
        <line num="64" count="28" type="stmt"/>
        <line num="69" count="0" type="stmt"/>
        <line num="73" count="12" type="stmt"/>
        <line num="124" count="1" type="stmt"/>
      </file>
      <file name="PhaseBWidgets.tsx" path="/root/projects/trading-os/apps/web/src/app/dashboard/_components/PhaseBWidgets.tsx">
        <metrics statements="32" coveredstatements="32" conditionals="74" coveredconditionals="53" methods="17" coveredmethods="17"/>
        <line num="3" count="1" type="stmt"/>
        <line num="4" count="1" type="stmt"/>
        <line num="5" count="1" type="stmt"/>
        <line num="6" count="1" type="stmt"/>
        <line num="9" count="10" type="stmt"/>
        <line num="58" count="2" type="stmt"/>
        <line num="61" count="1" type="stmt"/>
        <line num="62" count="1" type="stmt"/>
        <line num="66" count="2" type="stmt"/>
        <line num="75" count="1" type="stmt"/>
        <line num="89" count="2" type="stmt"/>
        <line num="92" count="1" type="stmt"/>
        <line num="93" count="1" type="stmt"/>
        <line num="97" count="2" type="stmt"/>
        <line num="105" count="1" type="stmt"/>
        <line num="120" count="2" type="stmt"/>
        <line num="123" count="1" type="stmt"/>
        <line num="124" count="1" type="stmt"/>
        <line num="128" count="2" type="stmt"/>
        <line num="136" count="1" type="stmt"/>
        <line num="151" count="2" type="stmt"/>
        <line num="154" count="1" type="stmt"/>
        <line num="155" count="1" type="stmt"/>
        <line num="159" count="2" type="stmt"/>
        <line num="168" count="1" type="stmt"/>
        <line num="180" count="2" type="stmt"/>
        <line num="183" count="1" type="stmt"/>
        <line num="184" count="1" type="stmt"/>
        <line num="188" count="2" type="stmt"/>
        <line num="196" count="1" type="stmt"/>
        <line num="210" count="1" type="stmt"/>
        <line num="211" count="1" type="stmt"/>
      </file>
    </package>
    <package name="app.early-alpha">
      <metrics statements="32" coveredstatements="29" conditionals="36" coveredconditionals="31" methods="12" coveredmethods="10"/>
      <file name="page.tsx" path="/root/projects/trading-os/apps/web/src/app/early-alpha/page.tsx">
        <metrics statements="32" coveredstatements="29" conditionals="36" coveredconditionals="31" methods="12" coveredmethods="10"/>
        <line num="2" count="1" type="stmt"/>
        <line num="3" count="1" type="stmt"/>
        <line num="4" count="1" type="stmt"/>
        <line num="5" count="1" type="stmt"/>
        <line num="6" count="1" type="stmt"/>
        <line num="34" count="1" type="stmt"/>
        <line num="35" count="16" type="stmt"/>
        <line num="37" count="1" type="stmt"/>
        <line num="38" count="6" type="cond" truecount="0" falsecount="1"/>
        <line num="39" count="6" type="cond" truecount="1" falsecount="0"/>
        <line num="40" count="3" type="stmt"/>
        <line num="43" count="1" type="stmt"/>
        <line num="44" count="4" type="cond" truecount="1" falsecount="0"/>
        <line num="45" count="3" type="cond" truecount="1" falsecount="0"/>
        <line num="46" count="0" type="stmt"/>
        <line num="49" count="1" type="stmt"/>
        <line num="50" count="7" type="stmt"/>
        <line num="51" count="7" type="stmt"/>
        <line num="52" count="7" type="stmt"/>
        <line num="54" count="7" type="stmt"/>
        <line num="56" count="4" type="stmt"/>
        <line num="59" count="7" type="stmt"/>
        <line num="61" count="3" type="stmt"/>
        <line num="64" count="7" type="cond" truecount="8" falsecount="0"/>
        <line num="65" count="7" type="cond" truecount="8" falsecount="0"/>
        <line num="67" count="7" type="stmt"/>
        <line num="84" count="1" type="stmt"/>
        <line num="97" count="0" type="stmt"/>
        <line num="104" count="0" type="stmt"/>
        <line num="126" count="6" type="stmt"/>
        <line num="139" count="6" type="stmt"/>
        <line num="155" count="4" type="stmt"/>
      </file>
    </package>
    <package name="app.economic-calendar">
      <metrics statements="32" coveredstatements="31" conditionals="24" coveredconditionals="21" methods="12" coveredmethods="11"/>
      <file name="page.tsx" path="/root/projects/trading-os/apps/web/src/app/economic-calendar/page.tsx">
        <metrics statements="32" coveredstatements="31" conditionals="24" coveredconditionals="21" methods="12" coveredmethods="11"/>
        <line num="2" count="1" type="stmt"/>
        <line num="3" count="1" type="stmt"/>
        <line num="4" count="1" type="stmt"/>
        <line num="5" count="1" type="stmt"/>
        <line num="6" count="1" type="stmt"/>
        <line num="7" count="1" type="stmt"/>
        <line num="21" count="7" type="stmt"/>
        <line num="26" count="7" type="stmt"/>
        <line num="33" count="1" type="stmt"/>
        <line num="41" count="1" type="stmt"/>
        <line num="42" count="5" type="stmt"/>
        <line num="43" count="5" type="stmt"/>
        <line num="44" count="5" type="stmt"/>
        <line num="46" count="2" type="stmt"/>
        <line num="50" count="5" type="stmt"/>
        <line num="51" count="5" type="cond" truecount="1" falsecount="0"/>
        <line num="52" count="3" type="stmt"/>
        <line num="53" count="9" type="cond" truecount="1" falsecount="1"/>
        <line num="54" count="9" type="cond" truecount="2" falsecount="0"/>
        <line num="55" count="9" type="cond" truecount="2" falsecount="0"/>
        <line num="59" count="5" type="stmt"/>
        <line num="60" count="4" type="cond" truecount="1" falsecount="0"/>
        <line num="61" count="2" type="stmt"/>
        <line num="62" count="6" type="stmt"/>
        <line num="63" count="6" type="stmt"/>
        <line num="67" count="5" type="cond" truecount="1" falsecount="0"/>
        <line num="68" count="2" type="stmt"/>
        <line num="75" count="3" type="stmt"/>
        <line num="88" count="9" type="stmt"/>
        <line num="90" count="0" type="stmt"/>
        <line num="102" count="1" type="stmt"/>
        <line num="129" count="7" type="stmt"/>
      </file>
    </package>
    <package name="app.features">
      <metrics statements="37" coveredstatements="28" conditionals="67" coveredconditionals="39" methods="16" coveredmethods="7"/>
      <file name="page.tsx" path="/root/projects/trading-os/apps/web/src/app/features/page.tsx">
        <metrics statements="37" coveredstatements="28" conditionals="67" coveredconditionals="39" methods="16" coveredmethods="7"/>
        <line num="2" count="1" type="stmt"/>
        <line num="3" count="1" type="stmt"/>
        <line num="4" count="1" type="stmt"/>
        <line num="5" count="1" type="stmt"/>
        <line num="6" count="1" type="stmt"/>
        <line num="7" count="1" type="stmt"/>
        <line num="8" count="1" type="stmt"/>
        <line num="24" count="1" type="stmt"/>
        <line num="37" count="1" type="stmt"/>
        <line num="42" count="1" type="stmt"/>
        <line num="43" count="2" type="stmt"/>
        <line num="44" count="2" type="stmt"/>
        <line num="45" count="2" type="stmt"/>
        <line num="56" count="2" type="stmt"/>
        <line num="58" count="2" type="stmt"/>
        <line num="60" count="1" type="stmt"/>
        <line num="64" count="2" type="stmt"/>
        <line num="66" count="1" type="stmt"/>
        <line num="70" count="2" type="stmt"/>
        <line num="71" count="0" type="cond" truecount="0" falsecount="2"/>
        <line num="73" count="0" type="stmt"/>
        <line num="74" count="0" type="stmt"/>
        <line num="78" count="2" type="stmt"/>
        <line num="79" count="0" type="stmt"/>
        <line num="80" count="0" type="stmt"/>
        <line num="83" count="2" type="cond" truecount="2" falsecount="0"/>
        <line num="85" count="2" type="cond" truecount="1" falsecount="0"/>
        <line num="86" count="1" type="stmt"/>
        <line num="93" count="1" type="cond" truecount="4" falsecount="2"/>
        <line num="94" count="2" type="stmt"/>
        <line num="97" count="1" type="stmt"/>
        <line num="149" count="0" type="stmt"/>
        <line num="154" count="0" type="stmt"/>
        <line num="180" count="3" type="stmt"/>
        <line num="197" count="9" type="stmt"/>
        <line num="208" count="0" type="cond" truecount="0" falsecount="2"/>
        <line num="216" count="0" type="stmt"/>
      </file>
    </package>
    <package name="app.memory">
      <metrics statements="23" coveredstatements="20" conditionals="26" coveredconditionals="13" methods="12" coveredmethods="8"/>
      <file name="page.tsx" path="/root/projects/trading-os/apps/web/src/app/memory/page.tsx">
        <metrics statements="23" coveredstatements="20" conditionals="26" coveredconditionals="13" methods="12" coveredmethods="8"/>
        <line num="2" count="1" type="stmt"/>
        <line num="3" count="1" type="stmt"/>
        <line num="4" count="1" type="stmt"/>
        <line num="5" count="1" type="stmt"/>
        <line num="6" count="1" type="stmt"/>
        <line num="7" count="1" type="stmt"/>
        <line num="22" count="1" type="stmt"/>
        <line num="38" count="1" type="cond" truecount="1" falsecount="1"/>
        <line num="43" count="1" type="stmt"/>
        <line num="46" count="1" type="stmt"/>
        <line num="47" count="2" type="stmt"/>
        <line num="48" count="2" type="stmt"/>
        <line num="49" count="2" type="stmt"/>
        <line num="50" count="12" type="stmt"/>
        <line num="53" count="2" type="stmt"/>
        <line num="55" count="1" type="stmt"/>
        <line num="63" count="2" type="stmt"/>
        <line num="81" count="0" type="stmt"/>
        <line num="89" count="0" type="stmt"/>
        <line num="102" count="24" type="stmt"/>
        <line num="107" count="0" type="cond" truecount="0" falsecount="2"/>
        <line num="115" count="1" type="stmt"/>
        <line num="142" count="1" type="stmt"/>
      </file>
    </package>
    <package name="app.onchain">
      <metrics statements="14" coveredstatements="14" conditionals="9" coveredconditionals="7" methods="4" coveredmethods="4"/>
      <file name="page.tsx" path="/root/projects/trading-os/apps/web/src/app/onchain/page.tsx">
        <metrics statements="14" coveredstatements="14" conditionals="9" coveredconditionals="7" methods="4" coveredmethods="4"/>
        <line num="2" count="1" type="stmt"/>
        <line num="3" count="1" type="stmt"/>
        <line num="4" count="1" type="stmt"/>
        <line num="5" count="1" type="stmt"/>
        <line num="6" count="1" type="stmt"/>
        <line num="24" count="8" type="stmt"/>
        <line num="38" count="1" type="stmt"/>
        <line num="39" count="2" type="stmt"/>
        <line num="41" count="1" type="stmt"/>
        <line num="44" count="2" type="stmt"/>
        <line num="46" count="1" type="stmt"/>
        <line num="50" count="2" type="cond" truecount="3" falsecount="0"/>
        <line num="51" count="1" type="stmt"/>
        <line num="58" count="1" type="stmt"/>
      </file>
    </package>
    <package name="app.patterns">
      <metrics statements="17" coveredstatements="16" conditionals="24" coveredconditionals="18" methods="5" coveredmethods="4"/>
      <file name="page.tsx" path="/root/projects/trading-os/apps/web/src/app/patterns/page.tsx">
        <metrics statements="17" coveredstatements="16" conditionals="24" coveredconditionals="18" methods="5" coveredmethods="4"/>
        <line num="3" count="1" type="stmt"/>
        <line num="4" count="1" type="stmt"/>
        <line num="5" count="1" type="stmt"/>
        <line num="6" count="1" type="stmt"/>
        <line num="7" count="1" type="stmt"/>
        <line num="8" count="1" type="stmt"/>
        <line num="10" count="1" type="stmt"/>
        <line num="12" count="1" type="stmt"/>
        <line num="14" count="1" type="stmt"/>
        <line num="15" count="3" type="stmt"/>
        <line num="17" count="3" type="stmt"/>
        <line num="19" count="1" type="stmt"/>
        <line num="22" count="3" type="stmt"/>
        <line num="24" count="1" type="cond" truecount="1" falsecount="1"/>
        <line num="28" count="3" type="stmt"/>
        <line num="46" count="0" type="stmt"/>
        <line num="50" count="15" type="stmt"/>
      </file>
    </package>
    <package name="app.performance">
      <metrics statements="82" coveredstatements="65" conditionals="225" coveredconditionals="132" methods="37" coveredmethods="24"/>
      <file name="page.tsx" path="/root/projects/trading-os/apps/web/src/app/performance/page.tsx">
        <metrics statements="82" coveredstatements="65" conditionals="225" coveredconditionals="132" methods="37" coveredmethods="24"/>
        <line num="2" count="1" type="stmt"/>
        <line num="3" count="1" type="stmt"/>
        <line num="4" count="1" type="stmt"/>
        <line num="5" count="1" type="stmt"/>
        <line num="6" count="1" type="stmt"/>
        <line num="8" count="1" type="stmt"/>
        <line num="13" count="1" type="stmt"/>
        <line num="14" count="1" type="stmt"/>
        <line num="16" count="1" type="stmt"/>
        <line num="17" count="1" type="stmt"/>
        <line num="18" count="1" type="stmt"/>
        <line num="21" count="1" type="stmt"/>
        <line num="22" count="6" type="stmt"/>
        <line num="24" count="6" type="stmt"/>
        <line num="26" count="2" type="stmt"/>
        <line num="29" count="6" type="stmt"/>
        <line num="31" count="2" type="stmt"/>
        <line num="35" count="6" type="stmt"/>
        <line num="36" count="0" type="cond" truecount="0" falsecount="5"/>
        <line num="37" count="0" type="stmt"/>
        <line num="40" count="0" type="cond" truecount="0" falsecount="8"/>
        <line num="41" count="0" type="stmt"/>
        <line num="42" count="0" type="stmt"/>
        <line num="43" count="0" type="stmt"/>
        <line num="44" count="0" type="cond" truecount="0" falsecount="4"/>
        <line num="45" count="0" type="cond" truecount="0" falsecount="4"/>
        <line num="46" count="0" type="cond" truecount="0" falsecount="4"/>
        <line num="47" count="0" type="cond" truecount="0" falsecount="2"/>
        <line num="48" count="0" type="cond" truecount="0" falsecount="2"/>
        <line num="54" count="6" type="stmt"/>
        <line num="55" count="0" type="cond" truecount="0" falsecount="7"/>
        <line num="56" count="0" type="stmt"/>
        <line num="72" count="6" type="stmt"/>
        <line num="73" count="4" type="cond" truecount="1" falsecount="0"/>
        <line num="74" count="3" type="cond" truecount="3" falsecount="1"/>
        <line num="75" count="3" type="cond" truecount="3" falsecount="1"/>
        <line num="76" count="3" type="cond" truecount="3" falsecount="1"/>
        <line num="78" count="3" type="cond" truecount="3" falsecount="1"/>
        <line num="79" count="3" type="cond" truecount="3" falsecount="1"/>
        <line num="80" count="2" type="cond" truecount="0" falsecount="4"/>
        <line num="81" count="2" type="cond" truecount="2" falsecount="2"/>
        <line num="83" count="2" type="cond" truecount="1" falsecount="1"/>
        <line num="84" count="2" type="cond" truecount="1" falsecount="1"/>
        <line num="85" count="2" type="cond" truecount="1" falsecount="1"/>
        <line num="89" count="2" type="cond" truecount="6" falsecount="2"/>
        <line num="90" count="2" type="stmt"/>
        <line num="91" count="2" type="stmt"/>
        <line num="92" count="2" type="stmt"/>
        <line num="93" count="3" type="cond" truecount="3" falsecount="1"/>
        <line num="94" count="3" type="stmt"/>
        <line num="97" count="3" type="cond" truecount="8" falsecount="4"/>
        <line num="98" count="3" type="cond" truecount="8" falsecount="4"/>
        <line num="100" count="2" type="stmt"/>
        <line num="101" count="2" type="stmt"/>
        <line num="102" count="2" type="stmt"/>
        <line num="103" count="3" type="cond" truecount="1" falsecount="0"/>
        <line num="104" count="3" type="stmt"/>
        <line num="105" count="3" type="cond" truecount="0" falsecount="1"/>
        <line num="108" count="2" type="stmt"/>
        <line num="123" count="6" type="stmt"/>
        <line num="150" count="0" type="stmt"/>
        <line num="155" count="4" type="stmt"/>
        <line num="164" count="16" type="stmt"/>
        <line num="221" count="8" type="stmt"/>
        <line num="237" count="8" type="stmt"/>
        <line num="246" count="6" type="cond" truecount="3" falsecount="1"/>
        <line num="247" count="6" type="cond" truecount="3" falsecount="1"/>
        <line num="248" count="6" type="stmt"/>
        <line num="249" count="6" type="stmt"/>
        <line num="250" count="6" type="stmt"/>
        <line num="252" count="6" type="stmt"/>
        <line num="253" count="1" type="cond" truecount="0" falsecount="1"/>
        <line num="254" count="0" type="stmt"/>
        <line num="255" count="0" type="stmt"/>
        <line num="257" count="1" type="stmt"/>
        <line num="258" count="1" type="stmt"/>
        <line num="259" count="1" type="stmt"/>
        <line num="260" count="1" type="cond" truecount="1" falsecount="1"/>
        <line num="262" count="0" type="stmt"/>
        <line num="264" count="1" type="stmt"/>
        <line num="265" count="1" type="stmt"/>
        <line num="268" count="6" type="stmt"/>
      </file>
    </package>
    <package name="app.phase-b">
      <metrics statements="4" coveredstatements="4" conditionals="0" coveredconditionals="0" methods="1" coveredmethods="1"/>
      <file name="page.tsx" path="/root/projects/trading-os/apps/web/src/app/phase-b/page.tsx">
        <metrics statements="4" coveredstatements="4" conditionals="0" coveredconditionals="0" methods="1" coveredmethods="1"/>
        <line num="3" count="1" type="stmt"/>
        <line num="4" count="1" type="stmt"/>
        <line num="6" count="1" type="stmt"/>
        <line num="7" count="1" type="stmt"/>
      </file>
    </package>
    <package name="app.portfolio">
      <metrics statements="166" coveredstatements="85" conditionals="496" coveredconditionals="221" methods="83" coveredmethods="22"/>
      <file name="page.tsx" path="/root/projects/trading-os/apps/web/src/app/portfolio/page.tsx">
        <metrics statements="166" coveredstatements="85" conditionals="496" coveredconditionals="221" methods="83" coveredmethods="22"/>
        <line num="2" count="1" type="stmt"/>
        <line num="3" count="1" type="stmt"/>
        <line num="4" count="1" type="stmt"/>
        <line num="8" count="1" type="stmt"/>
        <line num="9" count="1" type="stmt"/>
        <line num="10" count="1" type="stmt"/>
        <line num="11" count="1" type="stmt"/>
        <line num="14" count="1" type="cond" truecount="2" falsecount="0"/>
        <line num="25" count="10" type="cond" truecount="3" falsecount="1"/>
        <line num="26" count="10" type="cond" truecount="3" falsecount="1"/>
        <line num="27" count="10" type="cond" truecount="1" falsecount="1"/>
        <line num="31" count="0" type="stmt"/>
        <line num="44" count="1" type="stmt"/>
        <line num="46" count="1" type="stmt"/>
        <line num="47" count="14" type="stmt"/>
        <line num="48" count="14" type="stmt"/>
        <line num="49" count="14" type="stmt"/>
        <line num="50" count="14" type="stmt"/>
        <line num="60" count="14" type="stmt"/>
        <line num="61" count="14" type="stmt"/>
        <line num="62" count="14" type="stmt"/>
        <line num="63" count="14" type="stmt"/>
        <line num="64" count="14" type="stmt"/>
        <line num="65" count="14" type="stmt"/>
        <line num="66" count="14" type="stmt"/>
        <line num="67" count="14" type="stmt"/>
        <line num="69" count="14" type="stmt"/>
        <line num="71" count="14" type="stmt"/>
        <line num="72" count="0" type="cond" truecount="0" falsecount="4"/>
        <line num="73" count="0" type="stmt"/>
        <line num="74" count="0" type="stmt"/>
        <line num="75" count="0" type="stmt"/>
        <line num="82" count="0" type="stmt"/>
        <line num="83" count="0" type="stmt"/>
        <line num="89" count="0" type="stmt"/>
        <line num="92" count="14" type="stmt"/>
        <line num="94" count="4" type="stmt"/>
        <line num="97" count="14" type="cond" truecount="4" falsecount="0"/>
        <line num="99" count="14" type="stmt"/>
        <line num="101" count="4" type="stmt"/>
        <line num="106" count="14" type="stmt"/>
        <line num="108" count="8" type="stmt"/>
        <line num="114" count="42" type="stmt"/>
        <line num="116" count="14" type="cond" truecount="6" falsecount="2"/>
        <line num="118" count="14" type="stmt"/>
        <line num="119" count="0" type="stmt"/>
        <line num="121" count="0" type="stmt"/>
        <line num="122" count="0" type="stmt"/>
        <line num="123" count="0" type="stmt"/>
        <line num="124" count="0" type="stmt"/>
        <line num="137" count="14" type="stmt"/>
        <line num="139" count="0" type="stmt"/>
        <line num="141" count="0" type="stmt"/>
        <line num="142" count="0" type="stmt"/>
        <line num="143" count="0" type="cond" truecount="0" falsecount="1"/>
        <line num="144" count="0" type="stmt"/>
        <line num="146" count="0" type="stmt"/>
        <line num="149" count="0" type="cond" truecount="0" falsecount="5"/>
        <line num="150" count="0" type="stmt"/>
        <line num="154" count="0" type="stmt"/>
        <line num="155" count="0" type="stmt"/>
        <line num="156" count="0" type="stmt"/>
        <line num="160" count="14" type="stmt"/>
        <line num="162" count="1" type="stmt"/>
        <line num="164" count="1" type="stmt"/>
        <line num="165" count="1" type="stmt"/>
        <line num="166" count="1" type="cond" truecount="0" falsecount="1"/>
        <line num="167" count="0" type="stmt"/>
        <line num="168" count="0" type="cond" truecount="0" falsecount="6"/>
        <line num="170" count="1" type="stmt"/>
        <line num="173" count="0" type="cond" truecount="0" falsecount="5"/>
        <line num="174" count="0" type="stmt"/>
        <line num="178" count="1" type="stmt"/>
        <line num="182" count="14" type="stmt"/>
        <line num="183" count="0" type="stmt"/>
        <line num="185" count="0" type="cond" truecount="0" falsecount="4"/>
        <line num="189" count="14" type="stmt"/>
        <line num="191" count="1" type="stmt"/>
        <line num="193" count="1" type="stmt"/>
        <line num="197" count="14" type="stmt"/>
        <line num="198" count="0" type="stmt"/>
        <line num="200" count="0" type="stmt"/>
        <line num="201" count="0" type="stmt"/>
        <line num="202" count="0" type="stmt"/>
        <line num="206" count="14" type="stmt"/>
        <line num="207" count="0" type="stmt"/>
        <line num="208" count="0" type="stmt"/>
        <line num="209" count="0" type="cond" truecount="0" falsecount="1"/>
        <line num="210" count="0" type="stmt"/>
        <line num="211" count="0" type="stmt"/>
        <line num="212" count="0" type="stmt"/>
        <line num="213" count="0" type="stmt"/>
        <line num="214" count="0" type="cond" truecount="0" falsecount="1"/>
        <line num="215" count="0" type="stmt"/>
        <line num="216" count="0" type="stmt"/>
        <line num="218" count="0" type="stmt"/>
        <line num="231" count="14" type="cond" truecount="2" falsecount="0"/>
        <line num="232" count="14" type="cond" truecount="2" falsecount="0"/>
        <line num="233" count="14" type="cond" truecount="8" falsecount="0"/>
        <line num="234" count="14" type="cond" truecount="2" falsecount="0"/>
        <line num="236" count="14" type="cond" truecount="11" falsecount="1"/>
        <line num="238" count="14" type="stmt"/>
        <line num="242" count="0" type="cond" truecount="1" falsecount="1"/>
        <line num="243" count="0" type="cond" truecount="1" falsecount="1"/>
        <line num="257" count="56" type="stmt"/>
        <line num="267" count="0" type="stmt"/>
        <line num="271" count="1" type="stmt"/>
        <line num="277" count="0" type="stmt"/>
        <line num="281" count="0" type="stmt"/>
        <line num="297" count="0" type="stmt"/>
        <line num="300" count="0" type="stmt"/>
        <line num="333" count="0" type="stmt"/>
        <line num="335" count="0" type="stmt"/>
        <line num="340" count="0" type="stmt"/>
        <line num="348" count="0" type="stmt"/>
        <line num="357" count="0" type="stmt"/>
        <line num="361" count="0" type="stmt"/>
        <line num="368" count="0" type="stmt"/>
        <line num="378" count="0" type="stmt"/>
        <line num="415" count="130" type="stmt"/>
        <line num="434" count="6" type="stmt"/>
        <line num="435" count="6" type="cond" truecount="1" falsecount="1"/>
        <line num="436" count="6" type="cond" truecount="1" falsecount="1"/>
        <line num="437" count="6" type="cond" truecount="1" falsecount="1"/>
        <line num="438" count="6" type="stmt"/>
        <line num="439" count="6" type="stmt"/>
        <line num="440" count="6" type="stmt"/>
        <line num="441" count="6" type="cond" truecount="4" falsecount="1"/>
        <line num="444" count="6" type="stmt"/>
        <line num="490" count="1" type="stmt"/>
        <line num="501" count="0" type="stmt"/>
        <line num="523" count="1" type="stmt"/>
        <line num="536" count="0" type="stmt"/>
        <line num="540" count="0" type="stmt"/>
        <line num="567" count="6" type="stmt"/>
        <line num="568" count="6" type="cond" truecount="1" falsecount="1"/>
        <line num="569" count="6" type="cond" truecount="1" falsecount="1"/>
        <line num="570" count="6" type="cond" truecount="1" falsecount="1"/>
        <line num="571" count="6" type="stmt"/>
        <line num="572" count="6" type="stmt"/>
        <line num="573" count="6" type="stmt"/>
        <line num="574" count="6" type="cond" truecount="4" falsecount="1"/>
        <line num="577" count="6" type="stmt"/>
        <line num="593" count="0" type="stmt"/>
        <line num="624" count="0" type="stmt"/>
        <line num="635" count="0" type="stmt"/>
        <line num="660" count="0" type="stmt"/>
        <line num="671" count="1" type="cond" truecount="9" falsecount="3"/>
        <line num="672" count="1" type="stmt"/>
        <line num="673" count="1" type="stmt"/>
        <line num="674" count="1" type="stmt"/>
        <line num="682" count="0" type="stmt"/>
        <line num="687" count="0" type="stmt"/>
        <line num="701" count="8" type="stmt"/>
        <line num="712" count="0" type="cond" truecount="0" falsecount="4"/>
        <line num="713" count="0" type="cond" truecount="0" falsecount="4"/>
        <line num="714" count="0" type="stmt"/>
        <line num="733" count="0" type="stmt"/>
        <line num="759" count="0" type="cond" truecount="0" falsecount="4"/>
        <line num="760" count="0" type="cond" truecount="0" falsecount="4"/>
        <line num="761" count="0" type="stmt"/>
        <line num="790" count="0" type="stmt"/>
        <line num="811" count="0" type="stmt"/>
        <line num="812" count="0" type="stmt"/>
        <line num="819" count="0" type="stmt"/>
        <line num="838" count="0" type="stmt"/>
      </file>
    </package>
    <package name="app.risk">
      <metrics statements="44" coveredstatements="41" conditionals="190" coveredconditionals="130" methods="18" coveredmethods="15"/>
      <file name="page.tsx" path="/root/projects/trading-os/apps/web/src/app/risk/page.tsx">
        <metrics statements="44" coveredstatements="41" conditionals="190" coveredconditionals="130" methods="18" coveredmethods="15"/>
        <line num="2" count="1" type="stmt"/>
        <line num="3" count="1" type="stmt"/>
        <line num="4" count="1" type="stmt"/>
        <line num="5" count="1" type="stmt"/>
        <line num="7" count="1" type="stmt"/>
        <line num="12" count="1" type="stmt"/>
        <line num="13" count="3" type="stmt"/>
        <line num="15" count="3" type="stmt"/>
        <line num="17" count="1" type="stmt"/>
        <line num="20" count="3" type="stmt"/>
        <line num="22" count="1" type="stmt"/>
        <line num="26" count="3" type="cond" truecount="4" falsecount="0"/>
        <line num="28" count="3" type="stmt"/>
        <line num="29" count="2" type="cond" truecount="1" falsecount="0"/>
        <line num="30" count="1" type="cond" truecount="3" falsecount="1"/>
        <line num="31" count="1" type="cond" truecount="1" falsecount="1"/>
        <line num="32" count="1" type="cond" truecount="12" falsecount="4"/>
        <line num="34" count="1" type="stmt"/>
        <line num="35" count="1" type="cond" truecount="3" falsecount="1"/>
        <line num="36" count="1" type="cond" truecount="3" falsecount="1"/>
        <line num="37" count="1" type="stmt"/>
        <line num="40" count="1" type="cond" truecount="1" falsecount="1"/>
        <line num="42" count="1" type="stmt"/>
        <line num="43" count="1" type="stmt"/>
        <line num="44" count="1" type="cond" truecount="9" falsecount="3"/>
        <line num="45" count="1" type="cond" truecount="2" falsecount="0"/>
        <line num="47" count="1" type="stmt"/>
        <line num="48" count="1" type="stmt"/>
        <line num="49" count="0" type="stmt"/>
        <line num="51" count="1" type="stmt"/>
        <line num="52" count="1" type="cond" truecount="3" falsecount="1"/>
        <line num="53" count="1" type="cond" truecount="3" falsecount="1"/>
        <line num="54" count="1" type="cond" truecount="1" falsecount="1"/>
        <line num="55" count="1" type="stmt"/>
        <line num="56" count="1" type="cond" truecount="7" falsecount="3"/>
        <line num="57" count="0" type="stmt"/>
        <line num="59" count="1" type="stmt"/>
        <line num="71" count="3" type="stmt"/>
        <line num="83" count="0" type="stmt"/>
        <line num="88" count="2" type="stmt"/>
        <line num="96" count="8" type="stmt"/>
        <line num="154" count="1" type="stmt"/>
        <line num="202" count="4" type="stmt"/>
        <line num="215" count="4" type="stmt"/>
      </file>
    </package>
    <package name="app.scanner">
      <metrics statements="57" coveredstatements="53" conditionals="48" coveredconditionals="26" methods="24" coveredmethods="20"/>
      <file name="page.tsx" path="/root/projects/trading-os/apps/web/src/app/scanner/page.tsx">
        <metrics statements="57" coveredstatements="53" conditionals="48" coveredconditionals="26" methods="24" coveredmethods="20"/>
        <line num="2" count="1" type="stmt"/>
        <line num="3" count="1" type="stmt"/>
        <line num="4" count="1" type="stmt"/>
        <line num="5" count="1" type="stmt"/>
        <line num="6" count="1" type="stmt"/>
        <line num="8" count="1" type="stmt"/>
        <line num="9" count="1" type="stmt"/>
        <line num="10" count="1" type="stmt"/>
        <line num="14" count="1" type="stmt"/>
        <line num="15" count="1" type="stmt"/>
        <line num="16" count="1" type="stmt"/>
        <line num="18" count="1" type="stmt"/>
        <line num="19" count="11" type="stmt"/>
        <line num="20" count="33" type="stmt"/>
        <line num="21" count="11" type="stmt"/>
        <line num="22" count="11" type="stmt"/>
        <line num="23" count="11" type="stmt"/>
        <line num="24" count="11" type="stmt"/>
        <line num="25" count="11" type="stmt"/>
        <line num="27" count="11" type="stmt"/>
        <line num="29" count="7" type="stmt"/>
        <line num="32" count="11" type="stmt"/>
        <line num="33" count="1" type="stmt"/>
        <line num="35" count="1" type="stmt"/>
        <line num="36" count="1" type="stmt"/>
        <line num="38" count="0" type="stmt"/>
        <line num="41" count="11" type="stmt"/>
        <line num="42" count="10" type="cond" truecount="1" falsecount="0"/>
        <line num="43" count="4" type="stmt"/>
        <line num="45" count="6" type="cond" truecount="0" falsecount="1"/>
        <line num="46" count="6" type="cond" truecount="3" falsecount="0"/>
        <line num="47" count="5" type="cond" truecount="1" falsecount="2"/>
        <line num="48" count="5" type="cond" truecount="1" falsecount="6"/>
        <line num="49" count="5" type="cond" truecount="1" falsecount="6"/>
        <line num="50" count="5" type="stmt"/>
        <line num="52" count="2" type="stmt"/>
        <line num="56" count="4" type="cond" truecount="3" falsecount="1"/>
        <line num="57" count="4" type="cond" truecount="1" falsecount="1"/>
        <line num="58" count="4" type="cond" truecount="6" falsecount="2"/>
        <line num="59" count="4" type="cond" truecount="2" falsecount="2"/>
        <line num="60" count="4" type="stmt"/>
        <line num="63" count="11" type="stmt"/>
        <line num="64" count="10" type="stmt"/>
        <line num="65" count="10" type="stmt"/>
        <line num="66" count="10" type="stmt"/>
        <line num="67" count="10" type="stmt"/>
        <line num="70" count="11" type="stmt"/>
        <line num="81" count="1" type="stmt"/>
        <line num="98" count="0" type="stmt"/>
        <line num="114" count="0" type="stmt"/>
        <line num="132" count="36" type="stmt"/>
        <line num="139" count="0" type="stmt"/>
        <line num="145" count="7" type="stmt"/>
        <line num="154" count="33" type="stmt"/>
        <line num="160" count="1" type="stmt"/>
        <line num="163" count="176" type="cond" truecount="2" falsecount="0"/>
        <line num="170" count="33" type="stmt"/>
      </file>
    </package>
    <package name="app.settings">
      <metrics statements="72" coveredstatements="51" conditionals="73" coveredconditionals="40" methods="38" coveredmethods="18"/>
      <file name="page.tsx" path="/root/projects/trading-os/apps/web/src/app/settings/page.tsx">
        <metrics statements="72" coveredstatements="51" conditionals="73" coveredconditionals="40" methods="38" coveredmethods="18"/>
        <line num="2" count="1" type="stmt"/>
        <line num="3" count="1" type="stmt"/>
        <line num="4" count="1" type="stmt"/>
        <line num="5" count="1" type="stmt"/>
        <line num="6" count="1" type="stmt"/>
        <line num="7" count="1" type="stmt"/>
        <line num="8" count="1" type="stmt"/>
        <line num="21" count="1" type="stmt"/>
        <line num="33" count="0" type="stmt"/>
        <line num="36" count="0" type="stmt"/>
        <line num="44" count="1" type="stmt"/>
        <line num="45" count="1" type="stmt"/>
        <line num="51" count="1" type="stmt"/>
        <line num="52" count="14" type="stmt"/>
        <line num="53" count="14" type="stmt"/>
        <line num="54" count="14" type="stmt"/>
        <line num="55" count="14" type="stmt"/>
        <line num="56" count="14" type="stmt"/>
        <line num="57" count="14" type="stmt"/>
        <line num="58" count="4" type="cond" truecount="0" falsecount="1"/>
        <line num="59" count="4" type="cond" truecount="2" falsecount="2"/>
        <line num="61" count="14" type="stmt"/>
        <line num="63" count="14" type="stmt"/>
        <line num="64" count="1" type="stmt"/>
        <line num="65" count="1" type="stmt"/>
        <line num="68" count="14" type="stmt"/>
        <line num="70" count="4" type="stmt"/>
        <line num="73" count="14" type="stmt"/>
        <line num="74" count="0" type="stmt"/>
        <line num="75" count="0" type="stmt"/>
        <line num="78" count="14" type="stmt"/>
        <line num="80" count="1" type="stmt"/>
        <line num="82" count="1" type="stmt"/>
        <line num="83" count="1" type="stmt"/>
        <line num="84" count="1" type="cond" truecount="1" falsecount="0"/>
        <line num="85" count="1" type="stmt"/>
        <line num="86" count="2" type="cond" truecount="2" falsecount="0"/>
        <line num="89" count="1" type="stmt"/>
        <line num="92" count="0" type="cond" truecount="0" falsecount="5"/>
        <line num="94" count="0" type="stmt"/>
        <line num="97" count="14" type="stmt"/>
        <line num="98" count="1" type="stmt"/>
        <line num="100" count="1" type="stmt"/>
        <line num="101" count="1" type="stmt"/>
        <line num="102" count="1" type="cond" truecount="1" falsecount="0"/>
        <line num="103" count="2" type="stmt"/>
        <line num="105" count="1" type="stmt"/>
        <line num="108" count="0" type="cond" truecount="0" falsecount="5"/>
        <line num="110" count="0" type="stmt"/>
        <line num="113" count="14" type="stmt"/>
        <line num="114" count="0" type="stmt"/>
        <line num="115" count="0" type="stmt"/>
        <line num="116" count="0" type="stmt"/>
        <line num="117" count="0" type="stmt"/>
        <line num="118" count="0" type="stmt"/>
        <line num="120" count="0" type="stmt"/>
        <line num="124" count="19" type="cond" truecount="8" falsecount="0"/>
        <line num="126" count="14" type="stmt"/>
        <line num="140" count="0" type="stmt"/>
        <line num="152" count="2" type="stmt"/>
        <line num="160" count="42" type="stmt"/>
        <line num="162" count="0" type="stmt"/>
        <line num="180" count="2" type="stmt"/>
        <line num="181" count="1" type="stmt"/>
        <line num="196" count="0" type="stmt"/>
        <line num="210" count="0" type="stmt"/>
        <line num="216" count="0" type="stmt"/>
        <line num="223" count="0" type="stmt"/>
        <line num="252" count="19" type="cond" truecount="2" falsecount="0"/>
        <line num="269" count="0" type="cond" truecount="0" falsecount="2"/>
        <line num="275" count="1" type="stmt"/>
        <line num="286" count="1" type="cond" truecount="1" falsecount="0"/>
      </file>
    </package>
    <package name="app.signals">
      <metrics statements="121" coveredstatements="80" conditionals="235" coveredconditionals="91" methods="66" coveredmethods="29"/>
      <file name="page.tsx" path="/root/projects/trading-os/apps/web/src/app/signals/page.tsx">
        <metrics statements="121" coveredstatements="80" conditionals="235" coveredconditionals="91" methods="66" coveredmethods="29"/>
        <line num="2" count="1" type="stmt"/>
        <line num="3" count="1" type="stmt"/>
        <line num="4" count="1" type="stmt"/>
        <line num="5" count="1" type="stmt"/>
        <line num="6" count="1" type="stmt"/>
        <line num="7" count="1" type="stmt"/>
        <line num="8" count="1" type="stmt"/>
        <line num="9" count="1" type="stmt"/>
        <line num="10" count="1" type="stmt"/>
        <line num="12" count="1" type="stmt"/>
        <line num="21" count="7" type="stmt"/>
        <line num="22" count="1" type="stmt"/>
        <line num="24" count="1" type="stmt"/>
        <line num="26" count="1" type="stmt"/>
        <line num="27" count="1" type="stmt"/>
        <line num="28" count="1" type="stmt"/>
        <line num="29" count="1" type="stmt"/>
        <line num="31" count="1" type="stmt"/>
        <line num="38" count="1" type="stmt"/>
        <line num="47" count="2" type="cond" truecount="0" falsecount="1"/>
        <line num="48" count="2" type="cond" truecount="1" falsecount="0"/>
        <line num="49" count="1" type="cond" truecount="0" falsecount="1"/>
        <line num="50" count="1" type="cond" truecount="1" falsecount="0"/>
        <line num="51" count="0" type="stmt"/>
        <line num="54" count="1" type="stmt"/>
        <line num="55" count="10" type="stmt"/>
        <line num="56" count="10" type="stmt"/>
        <line num="57" count="29" type="stmt"/>
        <line num="58" count="29" type="stmt"/>
        <line num="59" count="29" type="stmt"/>
        <line num="60" count="29" type="stmt"/>
        <line num="61" count="10" type="stmt"/>
        <line num="62" count="6" type="cond" truecount="0" falsecount="1"/>
        <line num="63" count="6" type="cond" truecount="2" falsecount="2"/>
        <line num="65" count="10" type="stmt"/>
        <line num="66" count="10" type="stmt"/>
        <line num="67" count="10" type="stmt"/>
        <line num="68" count="10" type="stmt"/>
        <line num="69" count="6" type="cond" truecount="0" falsecount="1"/>
        <line num="70" count="6" type="cond" truecount="2" falsecount="2"/>
        <line num="72" count="10" type="stmt"/>
        <line num="73" count="6" type="cond" truecount="0" falsecount="1"/>
        <line num="74" count="6" type="cond" truecount="2" falsecount="2"/>
        <line num="76" count="10" type="stmt"/>
        <line num="77" count="6" type="cond" truecount="0" falsecount="1"/>
        <line num="78" count="6" type="stmt"/>
        <line num="79" count="6" type="stmt"/>
        <line num="80" count="6" type="cond" truecount="1" falsecount="1"/>
        <line num="81" count="0" type="stmt"/>
        <line num="83" count="10" type="stmt"/>
        <line num="86" count="10" type="stmt"/>
        <line num="87" count="10" type="stmt"/>
        <line num="88" count="10" type="stmt"/>
        <line num="89" count="10" type="stmt"/>
        <line num="91" count="10" type="stmt"/>
        <line num="92" count="0" type="cond" truecount="0" falsecount="2"/>
        <line num="94" count="10" type="stmt"/>
        <line num="95" count="0" type="stmt"/>
        <line num="96" count="0" type="cond" truecount="0" falsecount="2"/>
        <line num="97" count="0" type="stmt"/>
        <line num="99" count="0" type="stmt"/>
        <line num="102" count="10" type="stmt"/>
        <line num="103" count="0" type="cond" truecount="0" falsecount="1"/>
        <line num="104" count="0" type="stmt"/>
        <line num="105" count="0" type="stmt"/>
        <line num="107" count="0" type="stmt"/>
        <line num="108" count="0" type="stmt"/>
        <line num="109" count="0" type="stmt"/>
        <line num="110" count="0" type="stmt"/>
        <line num="112" count="0" type="stmt"/>
        <line num="114" count="0" type="stmt"/>
        <line num="118" count="10" type="stmt"/>
        <line num="119" count="1" type="cond" truecount="1" falsecount="1"/>
        <line num="121" count="1" type="stmt"/>
        <line num="122" count="1" type="stmt"/>
        <line num="126" count="10" type="cond" truecount="8" falsecount="0"/>
        <line num="127" count="10" type="cond" truecount="7" falsecount="1"/>
        <line num="128" count="10" type="cond" truecount="5" falsecount="1"/>
        <line num="130" count="10" type="cond" truecount="6" falsecount="2"/>
        <line num="131" count="10" type="cond" truecount="5" falsecount="1"/>
        <line num="132" count="10" type="cond" truecount="5" falsecount="1"/>
        <line num="133" count="10" type="cond" truecount="2" falsecount="0"/>
        <line num="136" count="10" type="stmt"/>
        <line num="138" count="6" type="stmt"/>
        <line num="142" count="10" type="stmt"/>
        <line num="144" count="6" type="stmt"/>
        <line num="148" count="10" type="stmt"/>
        <line num="150" count="0" type="stmt"/>
        <line num="151" count="0" type="cond" truecount="0" falsecount="1"/>
        <line num="152" count="0" type="cond" truecount="0" falsecount="1"/>
        <line num="153" count="0" type="stmt"/>
        <line num="154" count="0" type="stmt"/>
        <line num="157" count="0" type="stmt"/>
        <line num="158" count="0" type="cond" truecount="0" falsecount="14"/>
        <line num="164" count="0" type="cond" truecount="0" falsecount="24"/>
        <line num="165" count="0" type="stmt"/>
        <line num="169" count="10" type="stmt"/>
        <line num="188" count="40" type="stmt"/>
        <line num="196" count="40" type="stmt"/>
        <line num="204" count="50" type="stmt"/>
        <line num="210" count="1" type="stmt"/>
        <line num="236" count="0" type="stmt"/>
        <line num="247" count="0" type="stmt"/>
        <line num="263" count="0" type="stmt"/>
        <line num="271" count="580" type="stmt"/>
        <line num="272" count="70" type="cond" truecount="0" falsecount="1"/>
        <line num="273" count="70" type="stmt"/>
        <line num="281" count="0" type="stmt"/>
        <line num="282" count="0" type="stmt"/>
        <line num="283" count="0" type="stmt"/>
        <line num="288" count="0" type="stmt"/>
        <line num="299" count="0" type="stmt"/>
        <line num="311" count="0" type="stmt"/>
        <line num="312" count="0" type="stmt"/>
        <line num="313" count="0" type="stmt"/>
        <line num="335" count="0" type="stmt"/>
        <line num="370" count="0" type="stmt"/>
        <line num="383" count="0" type="stmt"/>
        <line num="401" count="0" type="stmt"/>
        <line num="406" count="0" type="stmt"/>
        <line num="416" count="8" type="stmt"/>
      </file>
    </package>
    <package name="app.synthetic">
      <metrics statements="25" coveredstatements="25" conditionals="11" coveredconditionals="11" methods="12" coveredmethods="11"/>
      <file name="page.tsx" path="/root/projects/trading-os/apps/web/src/app/synthetic/page.tsx">
        <metrics statements="25" coveredstatements="25" conditionals="11" coveredconditionals="11" methods="12" coveredmethods="11"/>
        <line num="2" count="1" type="stmt"/>
        <line num="3" count="1" type="stmt"/>
        <line num="4" count="1" type="stmt"/>
        <line num="5" count="1" type="stmt"/>
        <line num="6" count="1" type="stmt"/>
        <line num="7" count="1" type="stmt"/>
        <line num="9" count="1" type="cond" truecount="2" falsecount="0"/>
        <line num="11" count="1" type="stmt"/>
        <line num="34" count="1" type="stmt"/>
        <line num="41" count="1" type="stmt"/>
        <line num="42" count="4" type="stmt"/>
        <line num="44" count="2" type="stmt"/>
        <line num="47" count="1" type="stmt"/>
        <line num="48" count="17" type="stmt"/>
        <line num="50" count="1" type="stmt"/>
        <line num="56" count="2" type="stmt"/>
        <line num="57" count="2" type="stmt"/>
        <line num="58" count="17" type="cond" truecount="4" falsecount="0"/>
        <line num="59" count="2" type="stmt"/>
        <line num="62" count="2" type="stmt"/>
        <line num="75" count="6" type="stmt"/>
        <line num="81" count="4" type="stmt"/>
        <line num="87" count="17" type="stmt"/>
        <line num="88" count="17" type="cond" truecount="1" falsecount="0"/>
        <line num="93" count="1" type="stmt"/>
      </file>
    </package>
    <package name="components">
      <metrics statements="22" coveredstatements="19" conditionals="15" coveredconditionals="10" methods="10" coveredmethods="8"/>
      <file name="ErrorBoundary.tsx" path="/root/projects/trading-os/apps/web/src/components/ErrorBoundary.tsx">
        <metrics statements="13" coveredstatements="11" conditionals="12" coveredconditionals="8" methods="5" coveredmethods="4"/>
        <line num="3" count="1" type="stmt"/>
        <line num="4" count="1" type="stmt"/>
        <line num="16" count="1" type="stmt"/>
        <line num="18" count="4" type="stmt"/>
        <line num="19" count="3" type="stmt"/>
        <line num="23" count="2" type="stmt"/>
        <line num="27" count="1" type="stmt"/>
        <line num="28" count="1" type="cond" truecount="0" falsecount="1"/>
        <line num="29" count="0" type="stmt"/>
        <line num="37" count="5" type="cond" truecount="1" falsecount="0"/>
        <line num="38" count="2" type="stmt"/>
        <line num="46" count="0" type="stmt"/>
        <line num="55" count="3" type="stmt"/>
      </file>
      <file name="ServiceWorkerRegistration.tsx" path="/root/projects/trading-os/apps/web/src/components/ServiceWorkerRegistration.tsx">
        <metrics statements="9" coveredstatements="8" conditionals="3" coveredconditionals="2" methods="5" coveredmethods="4"/>
        <line num="2" count="1" type="stmt"/>
        <line num="4" count="1" type="stmt"/>
        <line num="5" count="2" type="stmt"/>
        <line num="6" count="2" type="cond" truecount="2" falsecount="1"/>
        <line num="8" count="2" type="stmt"/>
        <line num="9" count="1" type="stmt"/>
        <line num="13" count="1" type="stmt"/>
        <line num="17" count="0" type="stmt"/>
        <line num="22" count="2" type="stmt"/>
      </file>
    </package>
    <package name="components.layout">
      <metrics statements="6" coveredstatements="6" conditionals="10" coveredconditionals="10" methods="1" coveredmethods="1"/>
      <file name="ModeToggle.tsx" path="/root/projects/trading-os/apps/web/src/components/layout/ModeToggle.tsx">
        <metrics statements="6" coveredstatements="6" conditionals="10" coveredconditionals="10" methods="1" coveredmethods="1"/>
        <line num="2" count="1" type="stmt"/>
        <line num="3" count="1" type="stmt"/>
        <line num="5" count="1" type="stmt"/>
        <line num="6" count="2" type="stmt"/>
        <line num="7" count="2" type="stmt"/>
        <line num="9" count="2" type="stmt"/>
      </file>
    </package>
    <package name="components.onboarding">
      <metrics statements="35" coveredstatements="30" conditionals="18" coveredconditionals="13" methods="10" coveredmethods="8"/>
      <file name="OnboardingModal.tsx" path="/root/projects/trading-os/apps/web/src/components/onboarding/OnboardingModal.tsx">
        <metrics statements="35" coveredstatements="30" conditionals="18" coveredconditionals="13" methods="10" coveredmethods="8"/>
        <line num="2" count="1" type="stmt"/>
        <line num="3" count="1" type="stmt"/>
        <line num="13" count="1" type="stmt"/>
        <line num="53" count="1" type="cond" truecount="1" falsecount="0"/>
        <line num="54" count="0" type="cond" truecount="0" falsecount="1"/>
        <line num="55" count="0" type="stmt"/>
        <line num="64" count="1" type="stmt"/>
        <line num="65" count="18" type="stmt"/>
        <line num="66" count="18" type="stmt"/>
        <line num="67" count="18" type="stmt"/>
        <line num="69" count="18" type="cond" truecount="1" falsecount="0"/>
        <line num="71" count="6" type="stmt"/>
        <line num="72" count="6" type="stmt"/>
        <line num="74" count="6" type="stmt"/>
        <line num="75" count="4" type="stmt"/>
        <line num="76" count="4" type="stmt"/>
        <line num="77" count="4" type="cond" truecount="2" falsecount="0"/>
        <line num="78" count="4" type="stmt"/>
        <line num="79" count="1" type="stmt"/>
        <line num="81" count="3" type="stmt"/>
        <line num="85" count="6" type="stmt"/>
        <line num="86" count="0" type="cond" truecount="0" falsecount="2"/>
        <line num="87" count="0" type="stmt"/>
        <line num="89" count="0" type="stmt"/>
        <line num="93" count="6" type="stmt"/>
        <line num="94" count="1" type="cond" truecount="1" falsecount="0"/>
        <line num="95" count="1" type="stmt"/>
        <line num="96" count="1" type="stmt"/>
        <line num="97" count="1" type="stmt"/>
        <line num="98" count="1" type="stmt"/>
        <line num="99" count="1" type="stmt"/>
        <line num="103" count="6" type="cond" truecount="2" falsecount="0"/>
        <line num="105" count="6" type="stmt"/>
        <line num="145" count="15" type="stmt"/>
        <line num="147" count="4" type="stmt"/>
      </file>
    </package>
    <package name="components.patterns">
      <metrics statements="9" coveredstatements="9" conditionals="39" coveredconditionals="20" methods="4" coveredmethods="3"/>
      <file name="PatternStatsTable.tsx" path="/root/projects/trading-os/apps/web/src/components/patterns/PatternStatsTable.tsx">
        <metrics statements="5" coveredstatements="5" conditionals="22" coveredconditionals="11" methods="3" coveredmethods="2"/>
        <line num="4" count="1" type="stmt"/>
        <line num="10" count="1" type="stmt"/>
        <line num="11" count="1" type="stmt"/>
        <line num="13" count="1" type="stmt"/>
        <line num="30" count="1" type="stmt"/>
      </file>
      <file name="PostTradeAnalysisCard.tsx" path="/root/projects/trading-os/apps/web/src/components/patterns/PostTradeAnalysisCard.tsx">
        <metrics statements="4" coveredstatements="4" conditionals="17" coveredconditionals="9" methods="1" coveredmethods="1"/>
        <line num="4" count="1" type="stmt"/>
        <line num="10" count="1" type="stmt"/>
        <line num="11" count="1" type="cond" truecount="1" falsecount="1"/>
        <line num="17" count="1" type="stmt"/>
      </file>
    </package>
    <package name="components.signals">
      <metrics statements="162" coveredstatements="159" conditionals="761" coveredconditionals="515" methods="37" coveredmethods="36"/>
      <file name="SignalCard.tsx" path="/root/projects/trading-os/apps/web/src/components/signals/SignalCard.tsx">
        <metrics statements="162" coveredstatements="159" conditionals="761" coveredconditionals="515" methods="37" coveredmethods="36"/>
        <line num="2" count="3" type="stmt"/>
        <line num="3" count="3" type="stmt"/>
        <line num="4" count="3" type="stmt"/>
        <line num="10" count="3" type="stmt"/>
        <line num="11" count="3" type="stmt"/>
        <line num="12" count="3" type="stmt"/>
        <line num="13" count="3" type="stmt"/>
        <line num="14" count="3" type="stmt"/>
        <line num="15" count="3" type="stmt"/>
        <line num="16" count="3" type="stmt"/>
        <line num="17" count="3" type="stmt"/>
        <line num="19" count="3" type="stmt"/>
        <line num="44" count="3" type="stmt"/>
        <line num="45" count="90" type="stmt"/>
        <line num="46" count="30" type="stmt"/>
        <line num="47" count="30" type="stmt"/>
        <line num="48" count="30" type="stmt"/>
        <line num="49" count="30" type="stmt"/>
        <line num="51" count="30" type="cond" truecount="7" falsecount="1"/>
        <line num="53" count="30" type="cond" truecount="7" falsecount="1"/>
        <line num="54" count="30" type="cond" truecount="7" falsecount="1"/>
        <line num="55" count="30" type="cond" truecount="7" falsecount="1"/>
        <line num="56" count="30" type="cond" truecount="7" falsecount="1"/>
        <line num="57" count="30" type="cond" truecount="7" falsecount="1"/>
        <line num="58" count="30" type="cond" truecount="7" falsecount="1"/>
        <line num="59" count="30" type="cond" truecount="4" falsecount="0"/>
        <line num="60" count="30" type="cond" truecount="4" falsecount="0"/>
        <line num="61" count="30" type="cond" truecount="4" falsecount="0"/>
        <line num="62" count="30" type="cond" truecount="3" falsecount="1"/>
        <line num="63" count="30" type="cond" truecount="6" falsecount="2"/>
        <line num="64" count="30" type="cond" truecount="3" falsecount="1"/>
        <line num="65" count="30" type="cond" truecount="6" falsecount="2"/>
        <line num="66" count="30" type="cond" truecount="15" falsecount="5"/>
        <line num="67" count="30" type="cond" truecount="3" falsecount="3"/>
        <line num="77" count="30" type="stmt"/>
        <line num="78" count="30" type="stmt"/>
        <line num="80" count="30" type="cond" truecount="9" falsecount="11"/>
        <line num="81" count="30" type="cond" truecount="4" falsecount="0"/>
        <line num="83" count="30" type="cond" truecount="1" falsecount="1"/>
        <line num="84" count="30" type="cond" truecount="1" falsecount="1"/>
        <line num="85" count="30" type="cond" truecount="1" falsecount="1"/>
        <line num="86" count="30" type="cond" truecount="2" falsecount="0"/>
        <line num="87" count="30" type="cond" truecount="2" falsecount="0"/>
        <line num="89" count="30" type="stmt"/>
        <line num="90" count="30" type="stmt"/>
        <line num="91" count="30" type="stmt"/>
        <line num="93" count="30" type="cond" truecount="4" falsecount="0"/>
        <line num="95" count="30" type="stmt"/>
        <line num="96" count="30" type="stmt"/>
        <line num="97" count="30" type="stmt"/>
        <line num="99" count="30" type="stmt"/>
        <line num="100" count="30" type="stmt"/>
        <line num="102" count="30" type="cond" truecount="2" falsecount="0"/>
        <line num="107" count="30" type="stmt"/>
        <line num="123" count="34" type="stmt"/>
        <line num="230" count="90" type="stmt"/>
        <line num="333" count="15" type="stmt"/>
        <line num="350" count="1" type="stmt"/>
        <line num="353" count="14" type="stmt"/>
        <line num="376" count="28" type="stmt"/>
        <line num="389" count="28" type="stmt"/>
        <line num="408" count="1" type="stmt"/>
        <line num="411" count="28" type="stmt"/>
        <line num="421" count="1" type="stmt"/>
        <line num="424" count="14" type="stmt"/>
        <line num="449" count="1" type="stmt"/>
        <line num="479" count="120" type="cond" truecount="4" falsecount="0"/>
        <line num="482" count="120" type="stmt"/>
        <line num="491" count="30" type="cond" truecount="1" falsecount="0"/>
        <line num="492" count="4" type="cond" truecount="1" falsecount="0"/>
        <line num="493" count="0" type="stmt"/>
        <line num="499" count="72" type="stmt"/>
        <line num="511" count="22" type="cond" truecount="1" falsecount="1"/>
        <line num="512" count="22" type="cond" truecount="1" falsecount="1"/>
        <line num="513" count="22" type="cond" truecount="1" falsecount="1"/>
        <line num="514" count="22" type="cond" truecount="2" falsecount="0"/>
        <line num="515" count="22" type="cond" truecount="2" falsecount="0"/>
        <line num="516" count="22" type="cond" truecount="2" falsecount="1"/>
        <line num="517" count="22" type="stmt"/>
        <line num="518" count="22" type="stmt"/>
        <line num="519" count="22" type="cond" truecount="3" falsecount="1"/>
        <line num="520" count="22" type="stmt"/>
        <line num="521" count="66" type="cond" truecount="6" falsecount="0"/>
        <line num="523" count="22" type="cond" truecount="3" falsecount="1"/>
        <line num="524" count="22" type="stmt"/>
        <line num="525" count="66" type="stmt"/>
        <line num="526" count="66" type="stmt"/>
        <line num="527" count="66" type="stmt"/>
        <line num="532" count="22" type="cond" truecount="1" falsecount="1"/>
        <line num="533" count="22" type="cond" truecount="1" falsecount="1"/>
        <line num="534" count="22" type="cond" truecount="2" falsecount="1"/>
        <line num="535" count="22" type="stmt"/>
        <line num="536" count="22" type="stmt"/>
        <line num="537" count="22" type="cond" truecount="7" falsecount="1"/>
        <line num="538" count="22" type="cond" truecount="4" falsecount="0"/>
        <line num="539" count="22" type="cond" truecount="4" falsecount="0"/>
        <line num="540" count="22" type="cond" truecount="2" falsecount="0"/>
        <line num="541" count="22" type="cond" truecount="2" falsecount="0"/>
        <line num="543" count="22" type="stmt"/>
        <line num="544" count="22" type="stmt"/>
        <line num="545" count="22" type="stmt"/>
        <line num="546" count="22" type="stmt"/>
        <line num="548" count="22" type="cond" truecount="3" falsecount="0"/>
        <line num="549" count="22" type="cond" truecount="2" falsecount="1"/>
        <line num="550" count="22" type="cond" truecount="3" falsecount="1"/>
        <line num="551" count="22" type="cond" truecount="2" falsecount="2"/>
        <line num="553" count="22" type="stmt"/>
        <line num="554" count="22" type="cond" truecount="12" falsecount="2"/>
        <line num="555" count="22" type="stmt"/>
        <line num="559" count="22" type="cond" truecount="3" falsecount="1"/>
        <line num="560" count="22" type="cond" truecount="2" falsecount="0"/>
        <line num="561" count="22" type="cond" truecount="7" falsecount="1"/>
        <line num="562" count="22" type="cond" truecount="3" falsecount="1"/>
        <line num="563" count="22" type="stmt"/>
        <line num="564" count="22" type="stmt"/>
        <line num="568" count="22" type="cond" truecount="3" falsecount="1"/>
        <line num="569" count="22" type="stmt"/>
        <line num="570" count="22" type="cond" truecount="2" falsecount="0"/>
        <line num="571" count="22" type="cond" truecount="3" falsecount="1"/>
        <line num="572" count="22" type="cond" truecount="2" falsecount="0"/>
        <line num="573" count="22" type="stmt"/>
        <line num="577" count="22" type="cond" truecount="3" falsecount="1"/>
        <line num="578" count="22" type="cond" truecount="9" falsecount="0"/>
        <line num="579" count="10" type="stmt"/>
        <line num="580" count="10" type="cond" truecount="6" falsecount="2"/>
        <line num="581" count="10" type="cond" truecount="6" falsecount="2"/>
        <line num="582" count="10" type="cond" truecount="6" falsecount="2"/>
        <line num="583" count="10" type="cond" truecount="6" falsecount="2"/>
        <line num="584" count="10" type="cond" truecount="0" falsecount="1"/>
        <line num="585" count="10" type="cond" truecount="0" falsecount="1"/>
        <line num="586" count="10" type="cond" truecount="0" falsecount="1"/>
        <line num="587" count="10" type="cond" truecount="0" falsecount="1"/>
        <line num="588" count="10" type="cond" truecount="8" falsecount="3"/>
        <line num="589" count="10" type="cond" truecount="8" falsecount="3"/>
        <line num="590" count="10" type="cond" truecount="8" falsecount="3"/>
        <line num="591" count="10" type="cond" truecount="0" falsecount="1"/>
        <line num="592" count="10" type="cond" truecount="0" falsecount="1"/>
        <line num="593" count="10" type="stmt"/>
        <line num="597" count="22" type="cond" truecount="3" falsecount="1"/>
        <line num="598" count="22" type="cond" truecount="9" falsecount="0"/>
        <line num="599" count="10" type="stmt"/>
        <line num="600" count="10" type="cond" truecount="6" falsecount="2"/>
        <line num="601" count="10" type="cond" truecount="6" falsecount="2"/>
        <line num="602" count="10" type="cond" truecount="6" falsecount="2"/>
        <line num="603" count="10" type="cond" truecount="3" falsecount="1"/>
        <line num="604" count="10" type="cond" truecount="0" falsecount="1"/>
        <line num="605" count="10" type="cond" truecount="3" falsecount="2"/>
        <line num="606" count="10" type="cond" truecount="1" falsecount="2"/>
        <line num="607" count="10" type="cond" truecount="3" falsecount="2"/>
        <line num="608" count="10" type="cond" truecount="3" falsecount="2"/>
        <line num="609" count="10" type="cond" truecount="3" falsecount="2"/>
        <line num="610" count="10" type="stmt"/>
        <line num="614" count="30" type="cond" truecount="0" falsecount="1"/>
        <line num="615" count="30" type="cond" truecount="1" falsecount="0"/>
        <line num="616" count="4" type="cond" truecount="4" falsecount="1"/>
        <line num="617" count="4" type="cond" truecount="1" falsecount="0"/>
        <line num="618" count="0" type="cond" truecount="0" falsecount="1"/>
        <line num="619" count="0" type="stmt"/>
        <line num="623" count="84" type="cond" truecount="1" falsecount="1"/>
        <line num="624" count="84" type="cond" truecount="3" falsecount="1"/>
        <line num="625" count="84" type="cond" truecount="1" falsecount="5"/>
        <line num="626" count="84" type="stmt"/>
      </file>
    </package>
    <package name="components.synthetic">
      <metrics statements="10" coveredstatements="10" conditionals="95" coveredconditionals="74" methods="2" coveredmethods="2"/>
      <file name="SyntheticRegimeCard.tsx" path="/root/projects/trading-os/apps/web/src/components/synthetic/SyntheticRegimeCard.tsx">
        <metrics statements="10" coveredstatements="10" conditionals="95" coveredconditionals="74" methods="2" coveredmethods="2"/>
        <line num="2" count="2" type="stmt"/>
        <line num="26" count="2" type="stmt"/>
        <line num="33" count="2" type="stmt"/>
        <line num="34" count="5" type="cond" truecount="3" falsecount="1"/>
        <line num="36" count="5" type="cond" truecount="1" falsecount="0"/>
        <line num="37" count="1" type="stmt"/>
        <line num="47" count="4" type="cond" truecount="4" falsecount="0"/>
        <line num="53" count="4" type="stmt"/>
        <line num="110" count="12" type="stmt"/>
        <line num="111" count="12" type="stmt"/>
      </file>
    </package>
    <package name="components.ui">
      <metrics statements="97" coveredstatements="95" conditionals="100" coveredconditionals="76" methods="33" coveredmethods="29"/>
      <file name="AssetTypeBadge.tsx" path="/root/projects/trading-os/apps/web/src/components/ui/AssetTypeBadge.tsx">
        <metrics statements="6" coveredstatements="6" conditionals="5" coveredconditionals="4" methods="1" coveredmethods="1"/>
        <line num="1" count="5" type="stmt"/>
        <line num="10" count="5" type="stmt"/>
        <line num="18" count="5" type="stmt"/>
        <line num="19" count="37" type="cond" truecount="1" falsecount="0"/>
        <line num="20" count="36" type="cond" truecount="3" falsecount="1"/>
        <line num="22" count="36" type="stmt"/>
      </file>
      <file name="ConfidenceGauge.tsx" path="/root/projects/trading-os/apps/web/src/components/ui/ConfidenceGauge.tsx">
        <metrics statements="9" coveredstatements="9" conditionals="17" coveredconditionals="13" methods="1" coveredmethods="1"/>
        <line num="1" count="4" type="stmt"/>
        <line num="9" count="4" type="cond" truecount="1" falsecount="0"/>
        <line num="10" count="31" type="stmt"/>
        <line num="11" count="31" type="cond" truecount="3" falsecount="1"/>
        <line num="12" count="31" type="cond" truecount="3" falsecount="1"/>
        <line num="13" count="31" type="stmt"/>
        <line num="14" count="31" type="stmt"/>
        <line num="16" count="31" type="cond" truecount="3" falsecount="1"/>
        <line num="18" count="31" type="stmt"/>
      </file>
      <file name="LiveDot.tsx" path="/root/projects/trading-os/apps/web/src/components/ui/LiveDot.tsx">
        <metrics statements="3" coveredstatements="3" conditionals="11" coveredconditionals="10" methods="1" coveredmethods="1"/>
        <line num="1" count="1" type="stmt"/>
        <line num="9" count="1" type="cond" truecount="1" falsecount="0"/>
        <line num="10" count="2" type="stmt"/>
      </file>
      <file name="OpportunityScore.tsx" path="/root/projects/trading-os/apps/web/src/components/ui/OpportunityScore.tsx">
        <metrics statements="7" coveredstatements="7" conditionals="10" coveredconditionals="7" methods="2" coveredmethods="2"/>
        <line num="1" count="4" type="stmt"/>
        <line num="2" count="4" type="stmt"/>
        <line num="9" count="4" type="stmt"/>
        <line num="10" count="30" type="stmt"/>
        <line num="11" count="30" type="cond" truecount="5" falsecount="3"/>
        <line num="13" count="30" type="stmt"/>
        <line num="16" count="120" type="stmt"/>
      </file>
      <file name="PageSkeleton.tsx" path="/root/projects/trading-os/apps/web/src/components/ui/PageSkeleton.tsx">
        <metrics statements="4" coveredstatements="4" conditionals="2" coveredconditionals="0" methods="2" coveredmethods="2"/>
        <line num="1" count="4" type="stmt"/>
        <line num="8" count="4" type="cond" truecount="0" falsecount="2"/>
        <line num="9" count="4" type="stmt"/>
        <line num="21" count="13" type="stmt"/>
      </file>
      <file name="ProbabilityBar.tsx" path="/root/projects/trading-os/apps/web/src/components/ui/ProbabilityBar.tsx">
        <metrics statements="6" coveredstatements="6" conditionals="15" coveredconditionals="12" methods="1" coveredmethods="1"/>
        <line num="1" count="5" type="stmt"/>
        <line num="12" count="5" type="stmt"/>
        <line num="20" count="34" type="stmt"/>
        <line num="22" count="34" type="cond" truecount="2" falsecount="0"/>
        <line num="25" count="34" type="cond" truecount="2" falsecount="0"/>
        <line num="35" count="34" type="stmt"/>
      </file>
      <file name="RRRatioBadge.tsx" path="/root/projects/trading-os/apps/web/src/components/ui/RRRatioBadge.tsx">
        <metrics statements="7" coveredstatements="7" conditionals="12" coveredconditionals="6" methods="1" coveredmethods="1"/>
        <line num="1" count="4" type="stmt"/>
        <line num="8" count="4" type="stmt"/>
        <line num="9" count="31" type="cond" truecount="3" falsecount="0"/>
        <line num="10" count="24" type="cond" truecount="1" falsecount="1"/>
        <line num="11" count="24" type="cond" truecount="0" falsecount="1"/>
        <line num="14" count="24" type="cond" truecount="1" falsecount="1"/>
        <line num="19" count="24" type="stmt"/>
      </file>
      <file name="RegimeBadge.tsx" path="/root/projects/trading-os/apps/web/src/components/ui/RegimeBadge.tsx">
        <metrics statements="6" coveredstatements="6" conditionals="7" coveredconditionals="7" methods="1" coveredmethods="1"/>
        <line num="1" count="5" type="stmt"/>
        <line num="18" count="5" type="stmt"/>
        <line num="28" count="5" type="stmt"/>
        <line num="29" count="34" type="cond" truecount="3" falsecount="0"/>
        <line num="30" count="18" type="cond" truecount="4" falsecount="0"/>
        <line num="32" count="18" type="stmt"/>
      </file>
      <file name="Skeleton.tsx" path="/root/projects/trading-os/apps/web/src/components/ui/Skeleton.tsx">
        <metrics statements="10" coveredstatements="8" conditionals="2" coveredconditionals="0" methods="6" coveredmethods="4"/>
        <line num="1" count="7" type="cond" truecount="0" falsecount="1"/>
        <line num="2" count="193" type="stmt"/>
        <line num="7" count="7" type="stmt"/>
        <line num="8" count="28" type="stmt"/>
        <line num="20" count="7" type="cond" truecount="0" falsecount="1"/>
        <line num="21" count="4" type="stmt"/>
        <line num="24" count="12" type="stmt"/>
        <line num="36" count="7" type="stmt"/>
        <line num="37" count="0" type="stmt"/>
        <line num="50" count="0" type="stmt"/>
      </file>
      <file name="TimeAgo.tsx" path="/root/projects/trading-os/apps/web/src/components/ui/TimeAgo.tsx">
        <metrics statements="18" coveredstatements="18" conditionals="4" coveredconditionals="2" methods="5" coveredmethods="4"/>
        <line num="2" count="4" type="stmt"/>
        <line num="10" count="62" type="stmt"/>
        <line num="11" count="62" type="cond" truecount="1" falsecount="0"/>
        <line num="12" count="46" type="cond" truecount="0" falsecount="1"/>
        <line num="13" count="46" type="stmt"/>
        <line num="14" count="46" type="cond" truecount="1" falsecount="0"/>
        <line num="15" count="44" type="stmt"/>
        <line num="16" count="44" type="cond" truecount="0" falsecount="1"/>
        <line num="17" count="44" type="stmt"/>
        <line num="18" count="44" type="stmt"/>
        <line num="21" count="4" type="stmt"/>
        <line num="22" count="39" type="stmt"/>
        <line num="24" count="39" type="stmt"/>
        <line num="25" count="23" type="stmt"/>
        <line num="26" count="23" type="stmt"/>
        <line num="27" count="23" type="stmt"/>
        <line num="28" count="23" type="stmt"/>
        <line num="31" count="39" type="stmt"/>
      </file>
      <file name="ToastProvider.tsx" path="/root/projects/trading-os/apps/web/src/components/ui/ToastProvider.tsx">
        <metrics statements="21" coveredstatements="21" conditionals="15" coveredconditionals="15" methods="12" coveredmethods="11"/>
        <line num="2" count="2" type="stmt"/>
        <line num="3" count="2" type="stmt"/>
        <line num="19" count="2" type="stmt"/>
        <line num="21" count="2" type="stmt"/>
        <line num="28" count="2" type="stmt"/>
        <line num="29" count="11" type="stmt"/>
        <line num="31" count="11" type="stmt"/>
        <line num="32" count="1" type="stmt"/>
        <line num="35" count="11" type="stmt"/>
        <line num="36" count="2" type="stmt"/>
        <line num="37" count="2" type="cond" truecount="8" falsecount="0"/>
        <line num="38" count="2" type="cond" truecount="4" falsecount="0"/>
        <line num="41" count="11" type="stmt"/>
        <line num="42" count="11" type="cond" truecount="1" falsecount="0"/>
        <line num="43" count="2" type="stmt"/>
        <line num="44" count="2" type="stmt"/>
        <line num="46" count="2" type="stmt"/>
        <line num="49" count="11" type="stmt"/>
        <line num="54" count="2" type="stmt"/>
        <line num="55" count="2" type="stmt"/>
        <line num="67" count="1" type="stmt"/>
      </file>
    </package>
    <package name="hooks">
      <metrics statements="7" coveredstatements="6" conditionals="1" coveredconditionals="0" methods="1" coveredmethods="1"/>
      <file name="useToast.ts" path="/root/projects/trading-os/apps/web/src/hooks/useToast.ts">
        <metrics statements="7" coveredstatements="6" conditionals="1" coveredconditionals="0" methods="1" coveredmethods="1"/>
        <line num="2" count="1" type="stmt"/>
        <line num="3" count="1" type="stmt"/>
        <line num="5" count="1" type="stmt"/>
        <line num="6" count="10" type="stmt"/>
        <line num="7" count="10" type="cond" truecount="0" falsecount="1"/>
        <line num="8" count="0" type="stmt"/>
        <line num="10" count="10" type="stmt"/>
      </file>
    </package>
    <package name="lib">
      <metrics statements="42" coveredstatements="6" conditionals="55" coveredconditionals="0" methods="11" coveredmethods="1"/>
      <file name="export.ts" path="/root/projects/trading-os/apps/web/src/lib/export.ts">
        <metrics statements="17" coveredstatements="1" conditionals="9" coveredconditionals="0" methods="5" coveredmethods="0"/>
        <line num="7" count="0" type="cond" truecount="0" falsecount="4"/>
        <line num="8" count="0" type="cond" truecount="0" falsecount="5"/>
        <line num="9" count="0" type="stmt"/>
        <line num="11" count="0" type="stmt"/>
        <line num="14" count="1" type="stmt"/>
        <line num="15" count="0" type="stmt"/>
        <line num="16" count="0" type="stmt"/>
        <line num="17" count="0" type="stmt"/>
        <line num="19" count="0" type="stmt"/>
        <line num="20" count="0" type="stmt"/>
        <line num="21" count="0" type="stmt"/>
        <line num="22" count="0" type="stmt"/>
        <line num="23" count="0" type="stmt"/>
        <line num="24" count="0" type="stmt"/>
        <line num="25" count="0" type="stmt"/>
        <line num="26" count="0" type="stmt"/>
        <line num="27" count="0" type="stmt"/>
      </file>
      <file name="pdf.ts" path="/root/projects/trading-os/apps/web/src/lib/pdf.ts">
        <metrics statements="19" coveredstatements="1" conditionals="46" coveredconditionals="0" methods="4" coveredmethods="0"/>
        <line num="26" count="1" type="stmt"/>
        <line num="31" count="0" type="stmt"/>
        <line num="32" count="0" type="stmt"/>
        <line num="33" count="0" type="stmt"/>
        <line num="35" count="0" type="stmt"/>
        <line num="36" count="0" type="stmt"/>
        <line num="37" count="0" type="stmt"/>
        <line num="38" count="0" type="stmt"/>
        <line num="40" count="0" type="stmt"/>
        <line num="41" count="0" type="stmt"/>
        <line num="42" count="0" type="stmt"/>
        <line num="44" count="0" type="stmt"/>
        <line num="45" count="0" type="stmt"/>
        <line num="46" count="0" type="stmt"/>
        <line num="57" count="0" type="stmt"/>
        <line num="67" count="0" type="cond" truecount="0" falsecount="1"/>
        <line num="68" count="0" type="stmt"/>
        <line num="80" count="0" type="stmt"/>
        <line num="91" count="0" type="stmt"/>
      </file>
      <file name="test-utils.tsx" path="/root/projects/trading-os/apps/web/src/lib/test-utils.tsx">
        <metrics statements="6" coveredstatements="4" conditionals="0" coveredconditionals="0" methods="2" coveredmethods="1"/>
        <line num="2" count="16" type="stmt"/>
        <line num="4" count="16" type="stmt"/>
        <line num="5" count="39" type="stmt"/>
        <line num="12" count="16" type="stmt"/>
        <line num="13" count="0" type="stmt"/>
        <line num="14" count="0" type="stmt"/>
      </file>
    </package>
    <package name="store">
      <metrics statements="32" coveredstatements="29" conditionals="35" coveredconditionals="23" methods="11" coveredmethods="9"/>
      <file name="mode.store.ts" path="/root/projects/trading-os/apps/web/src/store/mode.store.ts">
        <metrics statements="13" coveredstatements="11" conditionals="6" coveredconditionals="2" methods="5" coveredmethods="4"/>
        <line num="2" count="4" type="stmt"/>
        <line num="12" count="4" type="stmt"/>
        <line num="15" count="4" type="cond" truecount="0" falsecount="1"/>
        <line num="16" count="4" type="stmt"/>
        <line num="17" count="4" type="cond" truecount="1" falsecount="1"/>
        <line num="21" count="1" type="cond" truecount="0" falsecount="1"/>
        <line num="22" count="1" type="stmt"/>
        <line num="25" count="4" type="stmt"/>
        <line num="28" count="1" type="cond" truecount="1" falsecount="1"/>
        <line num="29" count="1" type="stmt"/>
        <line num="30" count="1" type="stmt"/>
        <line num="33" count="0" type="stmt"/>
        <line num="34" count="0" type="stmt"/>
      </file>
      <file name="trading.store.ts" path="/root/projects/trading-os/apps/web/src/store/trading.store.ts">
        <metrics statements="19" coveredstatements="18" conditionals="29" coveredconditionals="21" methods="6" coveredmethods="5"/>
        <line num="2" count="5" type="stmt"/>
        <line num="3" count="5" type="stmt"/>
        <line num="25" count="5" type="stmt"/>
        <line num="27" count="5" type="stmt"/>
        <line num="31" count="1" type="stmt"/>
        <line num="32" count="1" type="stmt"/>
        <line num="41" count="5" type="stmt"/>
        <line num="42" count="5" type="cond" truecount="1" falsecount="1"/>
        <line num="43" count="5" type="stmt"/>
        <line num="45" count="5" type="cond" truecount="0" falsecount="1"/>
        <line num="46" count="5" type="cond" truecount="1" falsecount="0"/>
        <line num="47" count="4" type="cond" truecount="4" falsecount="0"/>
        <line num="49" count="3" type="stmt"/>
        <line num="50" count="3" type="stmt"/>
        <line num="51" count="3" type="stmt"/>
        <line num="52" count="2" type="cond" truecount="9" falsecount="3"/>
        <line num="53" count="2" type="stmt"/>
        <line num="55" count="1" type="cond" truecount="6" falsecount="2"/>
        <line num="59" count="0" type="stmt"/>
      </file>
    </package>
  </project>
</coverage>
