{"/root/projects/trading-os/apps/web/src/app/auth/login/page.tsx": {"path":"/root/projects/trading-os/apps/web/src/app/auth/login/page.tsx","statementMap":{"0":{"start":{"line":8,"column":0},"end":{"line":8,"column":24}},"1":{"start":{"line":2,"column":0},"end":{"line":2,"column":33}},"2":{"start":{"line":3,"column":0},"end":{"line":3,"column":44}},"3":{"start":{"line":4,"column":0},"end":{"line":4,"column":29}},"4":{"start":{"line":5,"column":0},"end":{"line":5,"column":48}},"5":{"start":{"line":6,"column":0},"end":{"line":6,"column":50}},"6":{"start":{"line":9,"column":28},"end":{"line":9,"column":40}},"7":{"start":{"line":10,"column":34},"end":{"line":10,"column":46}},"8":{"start":{"line":11,"column":36},"end":{"line":11,"column":48}},"9":{"start":{"line":12,"column":36},"end":{"line":12,"column":51}},"10":{"start":{"line":13,"column":28},"end":{"line":13,"column":40}},"11":{"start":{"line":14,"column":31},"end":{"line":14,"column":45}},"12":{"start":{"line":15,"column":17},"end":{"line":15,"column":28}},"13":{"start":{"line":17,"column":23},"end":{"line":32,"column":3}},"14":{"start":{"line":18,"column":4},"end":{"line":18,"column":23}},"15":{"start":{"line":19,"column":4},"end":{"line":19,"column":17}},"16":{"start":{"line":20,"column":4},"end":{"line":31,"column":5}},"17":{"start":{"line":21,"column":6},"end":{"line":21,"column":70}},"18":{"start":{"line":22,"column":6},"end":{"line":22,"column":35}},"19":{"start":{"line":24,"column":18},"end":{"line":24,"column":52}},"20":{"start":{"line":25,"column":6},"end":{"line":30,"column":7}},"21":{"start":{"line":26,"column":8},"end":{"line":26,"column":27}},"22":{"start":{"line":27,"column":8},"end":{"line":27,"column":93}},"23":{"start":{"line":29,"column":8},"end":{"line":29,"column":63}},"24":{"start":{"line":34,"column":2},"end":{"line":112,"column":4}},"25":{"start":{"line":59,"column":33},"end":{"line":59,"column":57}},"26":{"start":{"line":71,"column":33},"end":{"line":71,"column":60}},"27":{"start":{"line":86,"column":35},"end":{"line":86,"column":63}}},"fnMap":{"0":{"name":"LoginPage","decl":{"start":{"line":8,"column":24},"end":{"line":8,"column":33}},"loc":{"start":{"line":8,"column":33},"end":{"line":113,"column":1}}},"1":{"name":"(anonymous_2)","decl":{"start":{"line":17,"column":23},"end":{"line":17,"column":28}},"loc":{"start":{"line":17,"column":52},"end":{"line":32,"column":3}}},"2":{"name":"(anonymous_3)","decl":{"start":{"line":59,"column":26},"end":{"line":59,"column":27}},"loc":{"start":{"line":59,"column":33},"end":{"line":59,"column":57}}},"3":{"name":"(anonymous_4)","decl":{"start":{"line":71,"column":26},"end":{"line":71,"column":27}},"loc":{"start":{"line":71,"column":33},"end":{"line":71,"column":60}}},"4":{"name":"(anonymous_5)","decl":{"start":{"line":86,"column":28},"end":{"line":86,"column":29}},"loc":{"start":{"line":86,"column":35},"end":{"line":86,"column":63}}}},"branchMap":{"0":{"loc":{"start":{"line":21,"column":35},"end":{"line":21,"column":68}},"type":"cond-expr","locations":[{"start":{"line":21,"column":47},"end":{"line":21,"column":56}},{"start":{"line":21,"column":59},"end":{"line":21,"column":68}}]},"1":{"loc":{"start":{"line":24,"column":18},"end":{"line":24,"column":52}},"type":"cond-expr","locations":[{"start":{"line":24,"column":46},"end":{"line":24,"column":50}},{"start":{"line":24,"column":50},"end":{"line":24,"column":52}}]},"2":{"loc":{"start":{"line":24,"column":18},"end":{"line":24,"column":50}},"type":"binary-expr","locations":[{"start":{"line":24,"column":18},"end":{"line":24,"column":50}},{"start":{"line":24,"column":46},"end":{"line":24,"column":50}}]},"3":{"loc":{"start":{"line":24,"column":18},"end":{"line":24,"column":46}},"type":"cond-expr","locations":[{"start":{"line":24,"column":37},"end":{"line":24,"column":39}},{"start":{"line":24,"column":37},"end":{"line":24,"column":46}}]},"4":{"loc":{"start":{"line":24,"column":18},"end":{"line":24,"column":39}},"type":"binary-expr","locations":[{"start":{"line":24,"column":18},"end":{"line":24,"column":39}},{"start":{"line":24,"column":37},"end":{"line":24,"column":39}}]},"5":{"loc":{"start":{"line":24,"column":18},"end":{"line":24,"column":37}},"type":"cond-expr","locations":[{"start":{"line":24,"column":31},"end":{"line":24,"column":33}},{"start":{"line":24,"column":31},"end":{"line":24,"column":37}}]},"6":{"loc":{"start":{"line":24,"column":18},"end":{"line":24,"column":33}},"type":"binary-expr","locations":[{"start":{"line":24,"column":18},"end":{"line":24,"column":33}},{"start":{"line":24,"column":31},"end":{"line":24,"column":33}}]},"7":{"loc":{"start":{"line":24,"column":18},"end":{"line":24,"column":31}},"type":"cond-expr","locations":[{"start":{"line":24,"column":21},"end":{"line":24,"column":23}},{"start":{"line":24,"column":18},"end":{"line":24,"column":31}}]},"8":{"loc":{"start":{"line":24,"column":18},"end":{"line":24,"column":23}},"type":"binary-expr","locations":[{"start":{"line":24,"column":18},"end":{"line":24,"column":23}},{"start":{"line":24,"column":18},"end":{"line":24,"column":23}}]},"9":{"loc":{"start":{"line":25,"column":6},"end":{"line":30,"column":7}},"type":"if","locations":[{"start":{"line":25,"column":6},"end":{"line":30,"column":7}},{"start":{"line":28,"column":13},"end":{"line":30,"column":7}}]},"10":{"loc":{"start":{"line":47,"column":13},"end":{"line":51,"column":null}},"type":"binary-expr","locations":[{"start":{"line":47,"column":13},"end":{"line":47,"column":18}},{"start":{"line":48,"column":14},"end":{"line":50,"column":null}}]},"11":{"loc":{"start":{"line":78,"column":13},"end":{"line":91,"column":null}},"type":"binary-expr","locations":[{"start":{"line":78,"column":13},"end":{"line":78,"column":22}},{"start":{"line":79,"column":14},"end":{"line":90,"column":null}}]},"12":{"loc":{"start":{"line":99,"column":15},"end":{"line":99,"column":58}},"type":"cond-expr","locations":[{"start":{"line":99,"column":27},"end":{"line":99,"column":41}},{"start":{"line":99,"column":44},"end":{"line":99,"column":58}}]}},"s":{"0":1,"1":1,"2":1,"3":1,"4":1,"5":1,"6":10,"7":10,"8":10,"9":10,"10":10,"11":10,"12":10,"13":10,"14":2,"15":2,"16":2,"17":2,"18":1,"19":1,"20":1,"21":0,"22":0,"23":1,"24":10,"25":2,"26":2,"27":0},"f":{"0":10,"1":2,"2":2,"3":2,"4":0},"b":{"0":[0,2],"1":[0,1],"2":[1,1],"3":[1,0],"4":[1,1],"5":[1,0],"6":[1,1],"7":[0,1],"8":[1,1],"9":[0,1],"10":[10,1],"11":[10,0],"12":[0,10]}}
,"/root/projects/trading-os/apps/web/src/app/auth/register/page.tsx": {"path":"/root/projects/trading-os/apps/web/src/app/auth/register/page.tsx","statementMap":{"0":{"start":{"line":8,"column":0},"end":{"line":8,"column":24}},"1":{"start":{"line":2,"column":0},"end":{"line":2,"column":33}},"2":{"start":{"line":3,"column":0},"end":{"line":3,"column":44}},"3":{"start":{"line":4,"column":0},"end":{"line":4,"column":29}},"4":{"start":{"line":5,"column":0},"end":{"line":5,"column":48}},"5":{"start":{"line":6,"column":0},"end":{"line":6,"column":50}},"6":{"start":{"line":9,"column":26},"end":{"line":9,"column":38}},"7":{"start":{"line":10,"column":28},"end":{"line":10,"column":40}},"8":{"start":{"line":11,"column":34},"end":{"line":11,"column":46}},"9":{"start":{"line":12,"column":28},"end":{"line":12,"column":40}},"10":{"start":{"line":13,"column":34},"end":{"line":13,"column":48}},"11":{"start":{"line":14,"column":17},"end":{"line":14,"column":28}},"12":{"start":{"line":16,"column":23},"end":{"line":27,"column":3}},"13":{"start":{"line":17,"column":4},"end":{"line":17,"column":23}},"14":{"start":{"line":18,"column":4},"end":{"line":18,"column":17}},"15":{"start":{"line":19,"column":4},"end":{"line":19,"column":103}},"16":{"start":{"line":19,"column":31},"end":{"line":19,"column":93}},"17":{"start":{"line":19,"column":94},"end":{"line":19,"column":101}},"18":{"start":{"line":20,"column":4},"end":{"line":26,"column":5}},"19":{"start":{"line":21,"column":6},"end":{"line":21,"column":44}},"20":{"start":{"line":22,"column":6},"end":{"line":22,"column":35}},"21":{"start":{"line":24,"column":18},"end":{"line":24,"column":46}},"22":{"start":{"line":25,"column":6},"end":{"line":25,"column":117}},"23":{"start":{"line":29,"column":2},"end":{"line":103,"column":4}},"24":{"start":{"line":54,"column":33},"end":{"line":54,"column":56}},"25":{"start":{"line":66,"column":33},"end":{"line":66,"column":57}},"26":{"start":{"line":78,"column":33},"end":{"line":78,"column":60}}},"fnMap":{"0":{"name":"RegisterPage","decl":{"start":{"line":8,"column":24},"end":{"line":8,"column":36}},"loc":{"start":{"line":8,"column":36},"end":{"line":104,"column":1}}},"1":{"name":"(anonymous_2)","decl":{"start":{"line":16,"column":23},"end":{"line":16,"column":28}},"loc":{"start":{"line":16,"column":52},"end":{"line":27,"column":3}}},"2":{"name":"(anonymous_3)","decl":{"start":{"line":54,"column":26},"end":{"line":54,"column":27}},"loc":{"start":{"line":54,"column":33},"end":{"line":54,"column":56}}},"3":{"name":"(anonymous_4)","decl":{"start":{"line":66,"column":26},"end":{"line":66,"column":27}},"loc":{"start":{"line":66,"column":33},"end":{"line":66,"column":57}}},"4":{"name":"(anonymous_5)","decl":{"start":{"line":78,"column":26},"end":{"line":78,"column":27}},"loc":{"start":{"line":78,"column":33},"end":{"line":78,"column":60}}}},"branchMap":{"0":{"loc":{"start":{"line":19,"column":4},"end":{"line":19,"column":103}},"type":"if","locations":[{"start":{"line":19,"column":4},"end":{"line":19,"column":103}}]},"1":{"loc":{"start":{"line":24,"column":18},"end":{"line":24,"column":46}},"type":"cond-expr","locations":[{"start":{"line":24,"column":37},"end":{"line":24,"column":39}},{"start":{"line":24,"column":37},"end":{"line":24,"column":46}}]},"2":{"loc":{"start":{"line":24,"column":18},"end":{"line":24,"column":39}},"type":"binary-expr","locations":[{"start":{"line":24,"column":18},"end":{"line":24,"column":39}},{"start":{"line":24,"column":37},"end":{"line":24,"column":39}}]},"3":{"loc":{"start":{"line":24,"column":18},"end":{"line":24,"column":37}},"type":"cond-expr","locations":[{"start":{"line":24,"column":31},"end":{"line":24,"column":33}},{"start":{"line":24,"column":31},"end":{"line":24,"column":37}}]},"4":{"loc":{"start":{"line":24,"column":18},"end":{"line":24,"column":33}},"type":"binary-expr","locations":[{"start":{"line":24,"column":18},"end":{"line":24,"column":33}},{"start":{"line":24,"column":31},"end":{"line":24,"column":33}}]},"5":{"loc":{"start":{"line":24,"column":18},"end":{"line":24,"column":31}},"type":"cond-expr","locations":[{"start":{"line":24,"column":21},"end":{"line":24,"column":23}},{"start":{"line":24,"column":18},"end":{"line":24,"column":31}}]},"6":{"loc":{"start":{"line":24,"column":18},"end":{"line":24,"column":23}},"type":"binary-expr","locations":[{"start":{"line":24,"column":18},"end":{"line":24,"column":23}},{"start":{"line":24,"column":18},"end":{"line":24,"column":23}}]},"7":{"loc":{"start":{"line":25,"column":15},"end":{"line":25,"column":115}},"type":"cond-expr","locations":[{"start":{"line":25,"column":52},"end":{"line":25,"column":73}},{"start":{"line":25,"column":76},"end":{"line":25,"column":115}}]},"8":{"loc":{"start":{"line":42,"column":13},"end":{"line":46,"column":null}},"type":"binary-expr","locations":[{"start":{"line":42,"column":13},"end":{"line":42,"column":18}},{"start":{"line":43,"column":14},"end":{"line":45,"column":null}}]},"9":{"loc":{"start":{"line":90,"column":15},"end":{"line":90,"column":61}},"type":"cond-expr","locations":[{"start":{"line":90,"column":27},"end":{"line":90,"column":40}},{"start":{"line":90,"column":43},"end":{"line":90,"column":61}}]}},"s":{"0":1,"1":1,"2":1,"3":1,"4":1,"5":1,"6":11,"7":11,"8":11,"9":11,"10":11,"11":11,"12":11,"13":2,"14":2,"15":2,"16":1,"17":1,"18":1,"19":1,"20":1,"21":0,"22":0,"23":11,"24":2,"25":2,"26":2},"f":{"0":11,"1":2,"2":2,"3":2,"4":2},"b":{"0":[1],"1":[0,0],"2":[0,0],"3":[0,0],"4":[0,0],"5":[0,0],"6":[0,0],"7":[0,0],"8":[11,1],"9":[0,11]}}
,"/root/projects/trading-os/apps/web/src/app/billing/page.tsx": {"path":"/root/projects/trading-os/apps/web/src/app/billing/page.tsx","statementMap":{"0":{"start":{"line":54,"column":0},"end":{"line":54,"column":24}},"1":{"start":{"line":2,"column":0},"end":{"line":2,"column":78}},"2":{"start":{"line":3,"column":0},"end":{"line":3,"column":58}},"3":{"start":{"line":4,"column":0},"end":{"line":4,"column":32}},"4":{"start":{"line":5,"column":0},"end":{"line":5,"column":88}},"5":{"start":{"line":34,"column":14},"end":{"line":34,"column":73}},"6":{"start":{"line":35,"column":20},"end":{"line":35,"column":47}},"7":{"start":{"line":36,"column":2},"end":{"line":51,"column":4}},"8":{"start":{"line":55,"column":13},"end":{"line":55,"column":29}},"9":{"start":{"line":57,"column":51},"end":{"line":60,"column":4}},"10":{"start":{"line":59,"column":25},"end":{"line":59,"column":63}},"11":{"start":{"line":62,"column":56},"end":{"line":65,"column":4}},"12":{"start":{"line":64,"column":25},"end":{"line":64,"column":70}},"13":{"start":{"line":67,"column":26},"end":{"line":70,"column":4}},"14":{"start":{"line":69,"column":25},"end":{"line":69,"column":63}},"15":{"start":{"line":72,"column":20},"end":{"line":78,"column":4}},"16":{"start":{"line":73,"column":34},"end":{"line":73,"column":76}},"17":{"start":{"line":75,"column":6},"end":{"line":75,"column":59}},"18":{"start":{"line":76,"column":6},"end":{"line":76,"column":60}},"19":{"start":{"line":80,"column":17},"end":{"line":86,"column":4}},"20":{"start":{"line":81,"column":22},"end":{"line":81,"column":53}},"21":{"start":{"line":83,"column":6},"end":{"line":83,"column":59}},"22":{"start":{"line":84,"column":6},"end":{"line":84,"column":60}},"23":{"start":{"line":88,"column":20},"end":{"line":88,"column":46}},"24":{"start":{"line":90,"column":2},"end":{"line":215,"column":4}},"25":{"start":{"line":118,"column":29},"end":{"line":118,"column":44}},"26":{"start":{"line":151,"column":27},"end":{"line":151,"column":64}},"27":{"start":{"line":152,"column":12},"end":{"line":203,"column":14}},"28":{"start":{"line":169,"column":20},"end":{"line":169,"column":32}},"29":{"start":{"line":190,"column":33},"end":{"line":190,"column":60}}},"fnMap":{"0":{"name":"UsageBar","decl":{"start":{"line":33,"column":9},"end":{"line":33,"column":17}},"loc":{"start":{"line":33,"column":95},"end":{"line":52,"column":1}}},"1":{"name":"BillingPage","decl":{"start":{"line":54,"column":24},"end":{"line":54,"column":35}},"loc":{"start":{"line":54,"column":35},"end":{"line":216,"column":1}}},"2":{"name":"(anonymous_2)","decl":{"start":{"line":59,"column":13},"end":{"line":59,"column":18}},"loc":{"start":{"line":59,"column":25},"end":{"line":59,"column":63}}},"3":{"name":"(anonymous_3)","decl":{"start":{"line":64,"column":13},"end":{"line":64,"column":18}},"loc":{"start":{"line":64,"column":25},"end":{"line":64,"column":70}}},"4":{"name":"(anonymous_4)","decl":{"start":{"line":69,"column":13},"end":{"line":69,"column":18}},"loc":{"start":{"line":69,"column":25},"end":{"line":69,"column":63}}},"5":{"name":"(anonymous_5)","decl":{"start":{"line":73,"column":16},"end":{"line":73,"column":17}},"loc":{"start":{"line":73,"column":34},"end":{"line":73,"column":76}}},"6":{"name":"(anonymous_6)","decl":{"start":{"line":74,"column":15},"end":{"line":74,"column":18}},"loc":{"start":{"line":74,"column":20},"end":{"line":77,"column":5}}},"7":{"name":"(anonymous_7)","decl":{"start":{"line":81,"column":16},"end":{"line":81,"column":19}},"loc":{"start":{"line":81,"column":22},"end":{"line":81,"column":53}}},"8":{"name":"(anonymous_8)","decl":{"start":{"line":82,"column":15},"end":{"line":82,"column":18}},"loc":{"start":{"line":82,"column":20},"end":{"line":85,"column":5}}},"9":{"name":"(anonymous_9)","decl":{"start":{"line":118,"column":23},"end":{"line":118,"column":26}},"loc":{"start":{"line":118,"column":29},"end":{"line":118,"column":44}}},"10":{"name":"(anonymous_10)","decl":{"start":{"line":150,"column":22},"end":{"line":150,"column":26}},"loc":{"start":{"line":150,"column":29},"end":{"line":204,"column":11}}},"11":{"name":"(anonymous_11)","decl":{"start":{"line":168,"column":37},"end":{"line":168,"column":38}},"loc":{"start":{"line":169,"column":20},"end":{"line":169,"column":32}}},"12":{"name":"(anonymous_12)","decl":{"start":{"line":190,"column":27},"end":{"line":190,"column":30}},"loc":{"start":{"line":190,"column":33},"end":{"line":190,"column":60}}}},"branchMap":{"0":{"loc":{"start":{"line":34,"column":14},"end":{"line":34,"column":73}},"type":"cond-expr","locations":[{"start":{"line":34,"column":22},"end":{"line":34,"column":69}},{"start":{"line":34,"column":72},"end":{"line":34,"column":73}}]},"1":{"loc":{"start":{"line":35,"column":20},"end":{"line":35,"column":47}},"type":"binary-expr","locations":[{"start":{"line":35,"column":20},"end":{"line":35,"column":34}},{"start":{"line":35,"column":38},"end":{"line":35,"column":47}}]},"2":{"loc":{"start":{"line":40,"column":25},"end":{"line":40,"column":72}},"type":"cond-expr","locations":[{"start":{"line":40,"column":37},"end":{"line":40,"column":54}},{"start":{"line":40,"column":57},"end":{"line":40,"column":72}}]},"3":{"loc":{"start":{"line":41,"column":20},"end":{"line":41,"column":32}},"type":"cond-expr","locations":[{"start":{"line":41,"column":20},"end":{"line":41,"column":25}},{"start":{"line":41,"column":29},"end":{"line":41,"column":32}}]},"4":{"loc":{"start":{"line":41,"column":20},"end":{"line":41,"column":29}},"type":"binary-expr","locations":[{"start":{"line":41,"column":20},"end":{"line":41,"column":29}},{"start":{"line":41,"column":20},"end":{"line":41,"column":29}}]},"5":{"loc":{"start":{"line":46,"column":44},"end":{"line":46,"column":90}},"type":"cond-expr","locations":[{"start":{"line":46,"column":56},"end":{"line":46,"column":71}},{"start":{"line":46,"column":74},"end":{"line":46,"column":90}}]},"6":{"loc":{"start":{"line":47,"column":26},"end":{"line":47,"column":50}},"type":"cond-expr","locations":[{"start":{"line":47,"column":34},"end":{"line":47,"column":43}},{"start":{"line":47,"column":46},"end":{"line":47,"column":50}}]},"7":{"loc":{"start":{"line":88,"column":20},"end":{"line":88,"column":46}},"type":"binary-expr","locations":[{"start":{"line":88,"column":20},"end":{"line":88,"column":32}},{"start":{"line":88,"column":36},"end":{"line":88,"column":46}}]},"8":{"loc":{"start":{"line":100,"column":9},"end":{"line":125,"column":null}},"type":"binary-expr","locations":[{"start":{"line":100,"column":9},"end":{"line":100,"column":21}},{"start":{"line":101,"column":10},"end":{"line":124,"column":null}}]},"9":{"loc":{"start":{"line":108,"column":18},"end":{"line":108,"column":null}},"type":"cond-expr","locations":[{"start":{"line":108,"column":52},"end":{"line":108,"column":107}},{"start":{"line":108,"column":110},"end":{"line":108,"column":null}}]},"10":{"loc":{"start":{"line":119,"column":24},"end":{"line":119,"column":79}},"type":"binary-expr","locations":[{"start":{"line":119,"column":24},"end":{"line":119,"column":40}},{"start":{"line":119,"column":44},"end":{"line":119,"column":79}}]},"11":{"loc":{"start":{"line":122,"column":15},"end":{"line":122,"column":83}},"type":"binary-expr","locations":[{"start":{"line":122,"column":15},"end":{"line":122,"column":31}},{"start":{"line":122,"column":35},"end":{"line":122,"column":83}}]},"12":{"loc":{"start":{"line":128,"column":9},"end":{"line":138,"column":null}},"type":"binary-expr","locations":[{"start":{"line":128,"column":9},"end":{"line":128,"column":14}},{"start":{"line":129,"column":10},"end":{"line":137,"column":null}}]},"13":{"loc":{"start":{"line":141,"column":9},"end":{"line":142,"column":null}},"type":"binary-expr","locations":[{"start":{"line":141,"column":9},"end":{"line":141,"column":18}},{"start":{"line":142,"column":10},"end":{"line":142,"column":96}}]},"14":{"loc":{"start":{"line":145,"column":9},"end":{"line":146,"column":null}},"type":"binary-expr","locations":[{"start":{"line":145,"column":9},"end":{"line":145,"column":19}},{"start":{"line":145,"column":23},"end":{"line":145,"column":28}},{"start":{"line":145,"column":32},"end":{"line":145,"column":50}},{"start":{"line":146,"column":10},"end":{"line":146,"column":95}}]},"15":{"loc":{"start":{"line":150,"column":11},"end":{"line":204,"column":12}},"type":"cond-expr","locations":[{"start":{"line":150,"column":16},"end":{"line":150,"column":18}},{"start":{"line":150,"column":11},"end":{"line":204,"column":12}}]},"16":{"loc":{"start":{"line":150,"column":11},"end":{"line":150,"column":18}},"type":"binary-expr","locations":[{"start":{"line":150,"column":11},"end":{"line":150,"column":18}},{"start":{"line":150,"column":11},"end":{"line":150,"column":18}}]},"17":{"loc":{"start":{"line":151,"column":27},"end":{"line":151,"column":50}},"type":"cond-expr","locations":[{"start":{"line":151,"column":39},"end":{"line":151,"column":41}},{"start":{"line":151,"column":27},"end":{"line":151,"column":50}}]},"18":{"loc":{"start":{"line":151,"column":27},"end":{"line":151,"column":41}},"type":"binary-expr","locations":[{"start":{"line":151,"column":27},"end":{"line":151,"column":41}},{"start":{"line":151,"column":27},"end":{"line":151,"column":41}}]},"19":{"loc":{"start":{"line":156,"column":18},"end":{"line":156,"column":null}},"type":"cond-expr","locations":[{"start":{"line":156,"column":27},"end":{"line":156,"column":50}},{"start":{"line":156,"column":53},"end":{"line":156,"column":null}}]},"20":{"loc":{"start":{"line":161,"column":19},"end":{"line":161,"column":75}},"type":"binary-expr","locations":[{"start":{"line":161,"column":19},"end":{"line":161,"column":25}},{"start":{"line":161,"column":29},"end":{"line":161,"column":75}}]},"21":{"loc":{"start":{"line":165,"column":72},"end":{"line":165,"column":112}},"type":"cond-expr","locations":[{"start":{"line":165,"column":99},"end":{"line":165,"column":103}},{"start":{"line":165,"column":106},"end":{"line":165,"column":112}}]},"22":{"loc":{"start":{"line":173,"column":19},"end":{"line":176,"column":null}},"type":"binary-expr","locations":[{"start":{"line":173,"column":19},"end":{"line":173,"column":46}},{"start":{"line":174,"column":20},"end":{"line":175,"column":null}}]},"23":{"loc":{"start":{"line":178,"column":19},"end":{"line":181,"column":null}},"type":"binary-expr","locations":[{"start":{"line":178,"column":19},"end":{"line":178,"column":43}},{"start":{"line":179,"column":20},"end":{"line":180,"column":null}}]},"24":{"loc":{"start":{"line":183,"column":19},"end":{"line":186,"column":null}},"type":"binary-expr","locations":[{"start":{"line":183,"column":19},"end":{"line":183,"column":46}},{"start":{"line":184,"column":20},"end":{"line":185,"column":null}}]},"25":{"loc":{"start":{"line":191,"column":28},"end":{"line":191,"column":57}},"type":"binary-expr","locations":[{"start":{"line":191,"column":28},"end":{"line":191,"column":34}},{"start":{"line":191,"column":38},"end":{"line":191,"column":57}}]},"26":{"loc":{"start":{"line":194,"column":19},"end":{"line":199,"column":null}},"type":"cond-expr","locations":[{"start":{"line":195,"column":20},"end":{"line":195,"column":147}},{"start":{"line":196,"column":22},"end":{"line":199,"column":null}}]},"27":{"loc":{"start":{"line":194,"column":19},"end":{"line":194,"column":75}},"type":"binary-expr","locations":[{"start":{"line":194,"column":19},"end":{"line":194,"column":38}},{"start":{"line":194,"column":42},"end":{"line":194,"column":75}}]},"28":{"loc":{"start":{"line":196,"column":22},"end":{"line":199,"column":null}},"type":"cond-expr","locations":[{"start":{"line":197,"column":20},"end":{"line":197,"column":32}},{"start":{"line":199,"column":20},"end":{"line":199,"column":31}}]}},"s":{"0":1,"1":1,"2":1,"3":1,"4":1,"5":6,"6":6,"7":6,"8":4,"9":4,"10":2,"11":4,"12":2,"13":4,"14":2,"15":4,"16":0,"17":0,"18":0,"19":4,"20":0,"21":0,"22":0,"23":4,"24":4,"25":0,"26":2,"27":2,"28":2,"29":0},"f":{"0":6,"1":4,"2":2,"3":2,"4":2,"5":0,"6":0,"7":0,"8":0,"9":0,"10":2,"11":2,"12":0},"b":{"0":[6,0],"1":[6,6],"2":[0,6],"3":[6,0],"4":[6,6],"5":[0,6],"6":[6,0],"7":[4,2],"8":[4,2],"9":[0,2],"10":[2,2],"11":[2,0],"12":[4,2],"13":[4,2],"14":[4,2,2,0],"15":[2,2],"16":[4,4],"17":[0,2],"18":[2,2],"19":[2,0],"20":[2,2],"21":[0,2],"22":[2,2],"23":[2,2],"24":[2,2],"25":[2,0],"26":[0,2],"27":[2,0],"28":[2,0]}}
,"/root/projects/trading-os/apps/web/src/app/dashboard/page.tsx": {"path":"/root/projects/trading-os/apps/web/src/app/dashboard/page.tsx","statementMap":{"0":{"start":{"line":44,"column":0},"end":{"line":44,"column":24}},"1":{"start":{"line":2,"column":0},"end":{"line":2,"column":33}},"2":{"start":{"line":3,"column":0},"end":{"line":3,"column":49}},"3":{"start":{"line":4,"column":0},"end":{"line":4,"column":211}},"4":{"start":{"line":5,"column":0},"end":{"line":5,"column":56}},"5":{"start":{"line":6,"column":0},"end":{"line":6,"column":58}},"6":{"start":{"line":7,"column":0},"end":{"line":7,"column":50}},"7":{"start":{"line":8,"column":0},"end":{"line":8,"column":56}},"8":{"start":{"line":9,"column":0},"end":{"line":9,"column":32}},"9":{"start":{"line":11,"column":0},"end":{"line":11,"column":29}},"10":{"start":{"line":12,"column":0},"end":{"line":12,"column":70}},"11":{"start":{"line":15,"column":2},"end":{"line":30,"column":4}},"12":{"start":{"line":33,"column":21},"end":{"line":42,"column":2}},"13":{"start":{"line":45,"column":19},"end":{"line":45,"column":33}},"14":{"start":{"line":46,"column":20},"end":{"line":46,"column":50}},"15":{"start":{"line":46,"column":41},"end":{"line":46,"column":49}},"16":{"start":{"line":47,"column":20},"end":{"line":47,"column":55}},"17":{"start":{"line":47,"column":41},"end":{"line":47,"column":54}},"18":{"start":{"line":48,"column":20},"end":{"line":48,"column":63}},"19":{"start":{"line":48,"column":41},"end":{"line":48,"column":50}},"20":{"start":{"line":49,"column":46},"end":{"line":49,"column":66}},"21":{"start":{"line":50,"column":52},"end":{"line":50,"column":66}},"22":{"start":{"line":52,"column":31},"end":{"line":55,"column":4}},"23":{"start":{"line":54,"column":25},"end":{"line":54,"column":60}},"24":{"start":{"line":57,"column":20},"end":{"line":57,"column":35}},"25":{"start":{"line":59,"column":28},"end":{"line":63,"column":4}},"26":{"start":{"line":61,"column":25},"end":{"line":61,"column":96}},"27":{"start":{"line":65,"column":30},"end":{"line":69,"column":4}},"28":{"start":{"line":67,"column":25},"end":{"line":67,"column":72}},"29":{"start":{"line":71,"column":33},"end":{"line":75,"column":4}},"30":{"start":{"line":73,"column":25},"end":{"line":73,"column":75}},"31":{"start":{"line":77,"column":37},"end":{"line":81,"column":4}},"32":{"start":{"line":79,"column":25},"end":{"line":79,"column":79}},"33":{"start":{"line":83,"column":31},"end":{"line":87,"column":4}},"34":{"start":{"line":85,"column":25},"end":{"line":85,"column":74}},"35":{"start":{"line":89,"column":31},"end":{"line":93,"column":4}},"36":{"start":{"line":91,"column":25},"end":{"line":91,"column":74}},"37":{"start":{"line":95,"column":26},"end":{"line":99,"column":4}},"38":{"start":{"line":97,"column":25},"end":{"line":97,"column":67}},"39":{"start":{"line":101,"column":65},"end":{"line":106,"column":4}},"40":{"start":{"line":103,"column":25},"end":{"line":103,"column":133}},"41":{"start":{"line":108,"column":71},"end":{"line":118,"column":4}},"42":{"start":{"line":116,"column":25},"end":{"line":116,"column":74}},"43":{"start":{"line":120,"column":27},"end":{"line":124,"column":4}},"44":{"start":{"line":122,"column":25},"end":{"line":122,"column":69}},"45":{"start":{"line":126,"column":18},"end":{"line":126,"column":70}},"46":{"start":{"line":127,"column":18},"end":{"line":127,"column":70}},"47":{"start":{"line":128,"column":18},"end":{"line":128,"column":58}},"48":{"start":{"line":129,"column":18},"end":{"line":129,"column":75}},"49":{"start":{"line":130,"column":19},"end":{"line":130,"column":40}},"50":{"start":{"line":131,"column":24},"end":{"line":131,"column":44}},"51":{"start":{"line":132,"column":20},"end":{"line":132,"column":94}},"52":{"start":{"line":132,"column":48},"end":{"line":132,"column":94}},"53":{"start":{"line":133,"column":18},"end":{"line":133,"column":34}},"54":{"start":{"line":134,"column":30},"end":{"line":136,"column":10}},"55":{"start":{"line":135,"column":35},"end":{"line":135,"column":62}},"56":{"start":{"line":137,"column":26},"end":{"line":139,"column":10}},"57":{"start":{"line":138,"column":35},"end":{"line":138,"column":87}},"58":{"start":{"line":140,"column":27},"end":{"line":142,"column":10}},"59":{"start":{"line":141,"column":28},"end":{"line":141,"column":96}},"60":{"start":{"line":144,"column":22},"end":{"line":144,"column":136}},"61":{"start":{"line":145,"column":29},"end":{"line":145,"column":101}},"62":{"start":{"line":146,"column":29},"end":{"line":146,"column":101}},"63":{"start":{"line":148,"column":15},"end":{"line":148,"column":36}},"64":{"start":{"line":149,"column":19},"end":{"line":149,"column":83}},"65":{"start":{"line":151,"column":28},"end":{"line":151,"column":114}},"66":{"start":{"line":152,"column":27},"end":{"line":152,"column":59}},"67":{"start":{"line":153,"column":27},"end":{"line":153,"column":98}},"68":{"start":{"line":154,"column":38},"end":{"line":154,"column":40}},"69":{"start":{"line":155,"column":2},"end":{"line":155,"column":91}},"70":{"start":{"line":155,"column":32},"end":{"line":155,"column":91}},"71":{"start":{"line":156,"column":2},"end":{"line":156,"column":170}},"72":{"start":{"line":156,"column":24},"end":{"line":156,"column":170}},"73":{"start":{"line":157,"column":23},"end":{"line":157,"column":161}},"74":{"start":{"line":159,"column":2},"end":{"line":569,"column":4}},"75":{"start":{"line":177,"column":33},"end":{"line":177,"column":57}},"76":{"start":{"line":233,"column":12},"end":{"line":233,"column":34}},"77":{"start":{"line":306,"column":32},"end":{"line":306,"column":52}},"78":{"start":{"line":307,"column":16},"end":{"line":314,"column":18}},"79":{"start":{"line":329,"column":16},"end":{"line":329,"column":36}},"80":{"start":{"line":427,"column":16},"end":{"line":427,"column":29}},"81":{"start":{"line":445,"column":26},"end":{"line":445,"column":37}},"82":{"start":{"line":446,"column":12},"end":{"line":456,"column":14}},"83":{"start":{"line":479,"column":33},"end":{"line":479,"column":51}},"84":{"start":{"line":480,"column":33},"end":{"line":480,"column":53}},"85":{"start":{"line":481,"column":33},"end":{"line":481,"column":52}},"86":{"start":{"line":482,"column":18},"end":{"line":506,"column":20}},"87":{"start":{"line":529,"column":27},"end":{"line":534,"column":16}}},"fnMap":{"0":{"name":"StatCard","decl":{"start":{"line":14,"column":9},"end":{"line":14,"column":17}},"loc":{"start":{"line":14,"column":177},"end":{"line":31,"column":1}}},"1":{"name":"DashboardPage","decl":{"start":{"line":44,"column":24},"end":{"line":44,"column":37}},"loc":{"start":{"line":44,"column":37},"end":{"line":570,"column":1}}},"2":{"name":"(anonymous_3)","decl":{"start":{"line":46,"column":36},"end":{"line":46,"column":37}},"loc":{"start":{"line":46,"column":41},"end":{"line":46,"column":49}}},"3":{"name":"(anonymous_4)","decl":{"start":{"line":47,"column":36},"end":{"line":47,"column":37}},"loc":{"start":{"line":47,"column":41},"end":{"line":47,"column":54}}},"4":{"name":"(anonymous_5)","decl":{"start":{"line":48,"column":36},"end":{"line":48,"column":37}},"loc":{"start":{"line":48,"column":41},"end":{"line":48,"column":50}}},"5":{"name":"(anonymous_6)","decl":{"start":{"line":54,"column":13},"end":{"line":54,"column":18}},"loc":{"start":{"line":54,"column":25},"end":{"line":54,"column":60}}},"6":{"name":"(anonymous_7)","decl":{"start":{"line":61,"column":13},"end":{"line":61,"column":18}},"loc":{"start":{"line":61,"column":25},"end":{"line":61,"column":96}}},"7":{"name":"(anonymous_8)","decl":{"start":{"line":67,"column":13},"end":{"line":67,"column":18}},"loc":{"start":{"line":67,"column":25},"end":{"line":67,"column":72}}},"8":{"name":"(anonymous_9)","decl":{"start":{"line":73,"column":13},"end":{"line":73,"column":18}},"loc":{"start":{"line":73,"column":25},"end":{"line":73,"column":75}}},"9":{"name":"(anonymous_10)","decl":{"start":{"line":79,"column":13},"end":{"line":79,"column":18}},"loc":{"start":{"line":79,"column":25},"end":{"line":79,"column":79}}},"10":{"name":"(anonymous_11)","decl":{"start":{"line":85,"column":13},"end":{"line":85,"column":18}},"loc":{"start":{"line":85,"column":25},"end":{"line":85,"column":74}}},"11":{"name":"(anonymous_12)","decl":{"start":{"line":91,"column":13},"end":{"line":91,"column":18}},"loc":{"start":{"line":91,"column":25},"end":{"line":91,"column":74}}},"12":{"name":"(anonymous_13)","decl":{"start":{"line":97,"column":13},"end":{"line":97,"column":18}},"loc":{"start":{"line":97,"column":25},"end":{"line":97,"column":67}}},"13":{"name":"(anonymous_14)","decl":{"start":{"line":103,"column":13},"end":{"line":103,"column":18}},"loc":{"start":{"line":103,"column":25},"end":{"line":103,"column":133}}},"14":{"name":"(anonymous_15)","decl":{"start":{"line":116,"column":13},"end":{"line":116,"column":18}},"loc":{"start":{"line":116,"column":25},"end":{"line":116,"column":74}}},"15":{"name":"(anonymous_16)","decl":{"start":{"line":122,"column":13},"end":{"line":122,"column":18}},"loc":{"start":{"line":122,"column":25},"end":{"line":122,"column":69}}},"16":{"name":"(anonymous_17)","decl":{"start":{"line":132,"column":43},"end":{"line":132,"column":44}},"loc":{"start":{"line":132,"column":47},"end":{"line":132,"column":94}}},"17":{"name":"(anonymous_18)","decl":{"start":{"line":135,"column":23},"end":{"line":135,"column":24}},"loc":{"start":{"line":135,"column":34},"end":{"line":135,"column":62}}},"18":{"name":"(anonymous_19)","decl":{"start":{"line":138,"column":23},"end":{"line":138,"column":24}},"loc":{"start":{"line":138,"column":34},"end":{"line":138,"column":87}}},"19":{"name":"(anonymous_20)","decl":{"start":{"line":141,"column":23},"end":{"line":141,"column":24}},"loc":{"start":{"line":141,"column":27},"end":{"line":141,"column":96}}},"20":{"name":"(anonymous_21)","decl":{"start":{"line":177,"column":28},"end":{"line":177,"column":29}},"loc":{"start":{"line":177,"column":33},"end":{"line":177,"column":57}}},"21":{"name":"(anonymous_22)","decl":{"start":{"line":232,"column":16},"end":{"line":232,"column":20}},"loc":{"start":{"line":233,"column":12},"end":{"line":233,"column":34}}},"22":{"name":"(anonymous_23)","decl":{"start":{"line":305,"column":32},"end":{"line":305,"column":34}},"loc":{"start":{"line":305,"column":37},"end":{"line":315,"column":15}}},"23":{"name":"(anonymous_24)","decl":{"start":{"line":328,"column":25},"end":{"line":328,"column":26}},"loc":{"start":{"line":329,"column":16},"end":{"line":329,"column":36}}},"24":{"name":"(anonymous_25)","decl":{"start":{"line":426,"column":49},"end":{"line":426,"column":50}},"loc":{"start":{"line":427,"column":16},"end":{"line":427,"column":29}}},"25":{"name":"(anonymous_26)","decl":{"start":{"line":444,"column":28},"end":{"line":444,"column":29}},"loc":{"start":{"line":444,"column":47},"end":{"line":457,"column":11}}},"26":{"name":"(anonymous_27)","decl":{"start":{"line":478,"column":41},"end":{"line":478,"column":42}},"loc":{"start":{"line":478,"column":45},"end":{"line":507,"column":17}}},"27":{"name":"(anonymous_28)","decl":{"start":{"line":529,"column":20},"end":{"line":529,"column":23}},"loc":{"start":{"line":529,"column":26},"end":{"line":534,"column":16}}}},"branchMap":{"0":{"loc":{"start":{"line":19,"column":9},"end":{"line":19,"column":62}},"type":"binary-expr","locations":[{"start":{"line":19,"column":9},"end":{"line":19,"column":13}},{"start":{"line":19,"column":17},"end":{"line":19,"column":62}}]},"1":{"loc":{"start":{"line":22,"column":7},"end":{"line":27,"column":null}},"type":"binary-expr","locations":[{"start":{"line":22,"column":7},"end":{"line":22,"column":10}},{"start":{"line":23,"column":8},"end":{"line":26,"column":null}}]},"2":{"loc":{"start":{"line":23,"column":64},"end":{"line":23,"column":153}},"type":"cond-expr","locations":[{"start":{"line":23,"column":81},"end":{"line":23,"column":99}},{"start":{"line":23,"column":102},"end":{"line":23,"column":153}}]},"3":{"loc":{"start":{"line":23,"column":102},"end":{"line":23,"column":153}},"type":"cond-expr","locations":[{"start":{"line":23,"column":121},"end":{"line":23,"column":135}},{"start":{"line":23,"column":138},"end":{"line":23,"column":153}}]},"4":{"loc":{"start":{"line":24,"column":11},"end":{"line":24,"column":65}},"type":"binary-expr","locations":[{"start":{"line":24,"column":11},"end":{"line":24,"column":25}},{"start":{"line":24,"column":29},"end":{"line":24,"column":65}}]},"5":{"loc":{"start":{"line":25,"column":11},"end":{"line":25,"column":69}},"type":"binary-expr","locations":[{"start":{"line":25,"column":11},"end":{"line":25,"column":27}},{"start":{"line":25,"column":31},"end":{"line":25,"column":69}}]},"6":{"loc":{"start":{"line":57,"column":20},"end":{"line":57,"column":35}},"type":"cond-expr","locations":[{"start":{"line":57,"column":30},"end":{"line":57,"column":33}},{"start":{"line":57,"column":20},"end":{"line":57,"column":35}}]},"7":{"loc":{"start":{"line":57,"column":20},"end":{"line":57,"column":33}},"type":"binary-expr","locations":[{"start":{"line":57,"column":20},"end":{"line":57,"column":33}},{"start":{"line":57,"column":20},"end":{"line":57,"column":33}}]},"8":{"loc":{"start":{"line":60,"column":36},"end":{"line":60,"column":49}},"type":"cond-expr","locations":[{"start":{"line":60,"column":45},"end":{"line":60,"column":47}},{"start":{"line":60,"column":36},"end":{"line":60,"column":49}}]},"9":{"loc":{"start":{"line":60,"column":36},"end":{"line":60,"column":47}},"type":"binary-expr","locations":[{"start":{"line":60,"column":36},"end":{"line":60,"column":47}},{"start":{"line":60,"column":36},"end":{"line":60,"column":47}}]},"10":{"loc":{"start":{"line":62,"column":15},"end":{"line":62,"column":28}},"type":"cond-expr","locations":[{"start":{"line":62,"column":24},"end":{"line":62,"column":26}},{"start":{"line":62,"column":15},"end":{"line":62,"column":28}}]},"11":{"loc":{"start":{"line":62,"column":15},"end":{"line":62,"column":26}},"type":"binary-expr","locations":[{"start":{"line":62,"column":15},"end":{"line":62,"column":26}},{"start":{"line":62,"column":15},"end":{"line":62,"column":26}}]},"12":{"loc":{"start":{"line":126,"column":18},"end":{"line":126,"column":70}},"type":"cond-expr","locations":[{"start":{"line":126,"column":30},"end":{"line":126,"column":66}},{"start":{"line":126,"column":69},"end":{"line":126,"column":70}}]},"13":{"loc":{"start":{"line":127,"column":18},"end":{"line":127,"column":70}},"type":"cond-expr","locations":[{"start":{"line":127,"column":30},"end":{"line":127,"column":66}},{"start":{"line":127,"column":69},"end":{"line":127,"column":70}}]},"14":{"loc":{"start":{"line":128,"column":18},"end":{"line":128,"column":58}},"type":"cond-expr","locations":[{"start":{"line":128,"column":35},"end":{"line":128,"column":39}},{"start":{"line":128,"column":40},"end":{"line":128,"column":57}}]},"15":{"loc":{"start":{"line":128,"column":18},"end":{"line":128,"column":39}},"type":"binary-expr","locations":[{"start":{"line":128,"column":18},"end":{"line":128,"column":39}},{"start":{"line":128,"column":35},"end":{"line":128,"column":39}}]},"16":{"loc":{"start":{"line":128,"column":18},"end":{"line":128,"column":35}},"type":"cond-expr","locations":[{"start":{"line":128,"column":25},"end":{"line":128,"column":27}},{"start":{"line":128,"column":18},"end":{"line":128,"column":35}}]},"17":{"loc":{"start":{"line":128,"column":18},"end":{"line":128,"column":27}},"type":"binary-expr","locations":[{"start":{"line":128,"column":18},"end":{"line":128,"column":27}},{"start":{"line":128,"column":18},"end":{"line":128,"column":27}}]},"18":{"loc":{"start":{"line":129,"column":18},"end":{"line":129,"column":75}},"type":"cond-expr","locations":[{"start":{"line":129,"column":32},"end":{"line":129,"column":66}},{"start":{"line":129,"column":69},"end":{"line":129,"column":75}}]},"19":{"loc":{"start":{"line":130,"column":19},"end":{"line":130,"column":40}},"type":"cond-expr","locations":[{"start":{"line":130,"column":35},"end":{"line":130,"column":39}},{"start":{"line":130,"column":39},"end":{"line":130,"column":40}}]},"20":{"loc":{"start":{"line":130,"column":19},"end":{"line":130,"column":39}},"type":"binary-expr","locations":[{"start":{"line":130,"column":19},"end":{"line":130,"column":39}},{"start":{"line":130,"column":35},"end":{"line":130,"column":39}}]},"21":{"loc":{"start":{"line":130,"column":19},"end":{"line":130,"column":35}},"type":"cond-expr","locations":[{"start":{"line":130,"column":26},"end":{"line":130,"column":28}},{"start":{"line":130,"column":19},"end":{"line":130,"column":35}}]},"22":{"loc":{"start":{"line":130,"column":19},"end":{"line":130,"column":28}},"type":"binary-expr","locations":[{"start":{"line":130,"column":19},"end":{"line":130,"column":28}},{"start":{"line":130,"column":19},"end":{"line":130,"column":28}}]},"23":{"loc":{"start":{"line":131,"column":24},"end":{"line":131,"column":44}},"type":"cond-expr","locations":[{"start":{"line":131,"column":39},"end":{"line":131,"column":43}},{"start":{"line":131,"column":43},"end":{"line":131,"column":44}}]},"24":{"loc":{"start":{"line":131,"column":24},"end":{"line":131,"column":43}},"type":"binary-expr","locations":[{"start":{"line":131,"column":24},"end":{"line":131,"column":43}},{"start":{"line":131,"column":39},"end":{"line":131,"column":43}}]},"25":{"loc":{"start":{"line":131,"column":24},"end":{"line":131,"column":39}},"type":"cond-expr","locations":[{"start":{"line":131,"column":31},"end":{"line":131,"column":33}},{"start":{"line":131,"column":24},"end":{"line":131,"column":39}}]},"26":{"loc":{"start":{"line":131,"column":24},"end":{"line":131,"column":33}},"type":"binary-expr","locations":[{"start":{"line":131,"column":24},"end":{"line":131,"column":33}},{"start":{"line":131,"column":24},"end":{"line":131,"column":33}}]},"27":{"loc":{"start":{"line":132,"column":21},"end":{"line":132,"column":34}},"type":"cond-expr","locations":[{"start":{"line":132,"column":21},"end":{"line":132,"column":28}},{"start":{"line":132,"column":32},"end":{"line":132,"column":34}}]},"28":{"loc":{"start":{"line":132,"column":21},"end":{"line":132,"column":32}},"type":"binary-expr","locations":[{"start":{"line":132,"column":21},"end":{"line":132,"column":32}},{"start":{"line":132,"column":21},"end":{"line":132,"column":32}}]},"29":{"loc":{"start":{"line":132,"column":55},"end":{"line":132,"column":80}},"type":"cond-expr","locations":[{"start":{"line":132,"column":65},"end":{"line":132,"column":67}},{"start":{"line":132,"column":65},"end":{"line":132,"column":80}}]},"30":{"loc":{"start":{"line":132,"column":55},"end":{"line":132,"column":67}},"type":"binary-expr","locations":[{"start":{"line":132,"column":55},"end":{"line":132,"column":67}},{"start":{"line":132,"column":65},"end":{"line":132,"column":67}}]},"31":{"loc":{"start":{"line":134,"column":30},"end":{"line":136,"column":10}},"type":"cond-expr","locations":[{"start":{"line":135,"column":6},"end":{"line":135,"column":74}},{"start":{"line":136,"column":6},"end":{"line":136,"column":10}}]},"32":{"loc":{"start":{"line":135,"column":42},"end":{"line":135,"column":59}},"type":"cond-expr","locations":[{"start":{"line":135,"column":54},"end":{"line":135,"column":58}},{"start":{"line":135,"column":58},"end":{"line":135,"column":59}}]},"33":{"loc":{"start":{"line":135,"column":42},"end":{"line":135,"column":58}},"type":"binary-expr","locations":[{"start":{"line":135,"column":42},"end":{"line":135,"column":58}},{"start":{"line":135,"column":54},"end":{"line":135,"column":58}}]},"34":{"loc":{"start":{"line":137,"column":26},"end":{"line":139,"column":10}},"type":"cond-expr","locations":[{"start":{"line":138,"column":6},"end":{"line":138,"column":99}},{"start":{"line":139,"column":6},"end":{"line":139,"column":10}}]},"35":{"loc":{"start":{"line":138,"column":42},"end":{"line":138,"column":84}},"type":"cond-expr","locations":[{"start":{"line":138,"column":79},"end":{"line":138,"column":83}},{"start":{"line":138,"column":83},"end":{"line":138,"column":84}}]},"36":{"loc":{"start":{"line":138,"column":42},"end":{"line":138,"column":83}},"type":"binary-expr","locations":[{"start":{"line":138,"column":42},"end":{"line":138,"column":83}},{"start":{"line":138,"column":79},"end":{"line":138,"column":83}}]},"37":{"loc":{"start":{"line":138,"column":43},"end":{"line":138,"column":79}},"type":"cond-expr","locations":[{"start":{"line":138,"column":53},"end":{"line":138,"column":55}},{"start":{"line":138,"column":53},"end":{"line":138,"column":79}}]},"38":{"loc":{"start":{"line":138,"column":43},"end":{"line":138,"column":55}},"type":"binary-expr","locations":[{"start":{"line":138,"column":43},"end":{"line":138,"column":55}},{"start":{"line":138,"column":53},"end":{"line":138,"column":55}}]},"39":{"loc":{"start":{"line":140,"column":27},"end":{"line":142,"column":10}},"type":"cond-expr","locations":[{"start":{"line":141,"column":6},"end":{"line":141,"column":119}},{"start":{"line":142,"column":6},"end":{"line":142,"column":10}}]},"40":{"loc":{"start":{"line":141,"column":29},"end":{"line":141,"column":71}},"type":"cond-expr","locations":[{"start":{"line":141,"column":66},"end":{"line":141,"column":70}},{"start":{"line":141,"column":70},"end":{"line":141,"column":71}}]},"41":{"loc":{"start":{"line":141,"column":29},"end":{"line":141,"column":70}},"type":"binary-expr","locations":[{"start":{"line":141,"column":29},"end":{"line":141,"column":70}},{"start":{"line":141,"column":66},"end":{"line":141,"column":70}}]},"42":{"loc":{"start":{"line":141,"column":30},"end":{"line":141,"column":66}},"type":"cond-expr","locations":[{"start":{"line":141,"column":40},"end":{"line":141,"column":42}},{"start":{"line":141,"column":40},"end":{"line":141,"column":66}}]},"43":{"loc":{"start":{"line":141,"column":30},"end":{"line":141,"column":42}},"type":"binary-expr","locations":[{"start":{"line":141,"column":30},"end":{"line":141,"column":42}},{"start":{"line":141,"column":40},"end":{"line":141,"column":42}}]},"44":{"loc":{"start":{"line":141,"column":77},"end":{"line":141,"column":94}},"type":"cond-expr","locations":[{"start":{"line":141,"column":89},"end":{"line":141,"column":93}},{"start":{"line":141,"column":93},"end":{"line":141,"column":94}}]},"45":{"loc":{"start":{"line":141,"column":77},"end":{"line":141,"column":93}},"type":"binary-expr","locations":[{"start":{"line":141,"column":77},"end":{"line":141,"column":93}},{"start":{"line":141,"column":89},"end":{"line":141,"column":93}}]},"46":{"loc":{"start":{"line":144,"column":22},"end":{"line":144,"column":136}},"type":"cond-expr","locations":[{"start":{"line":144,"column":123},"end":{"line":144,"column":129}},{"start":{"line":144,"column":132},"end":{"line":144,"column":136}}]},"47":{"loc":{"start":{"line":144,"column":23},"end":{"line":144,"column":119}},"type":"binary-expr","locations":[{"start":{"line":144,"column":23},"end":{"line":144,"column":29}},{"start":{"line":144,"column":33},"end":{"line":144,"column":76}},{"start":{"line":144,"column":80},"end":{"line":144,"column":119}}]},"48":{"loc":{"start":{"line":145,"column":29},"end":{"line":145,"column":101}},"type":"cond-expr","locations":[{"start":{"line":145,"column":84},"end":{"line":145,"column":94}},{"start":{"line":145,"column":97},"end":{"line":145,"column":101}}]},"49":{"loc":{"start":{"line":145,"column":30},"end":{"line":145,"column":80}},"type":"binary-expr","locations":[{"start":{"line":145,"column":30},"end":{"line":145,"column":40}},{"start":{"line":145,"column":44},"end":{"line":145,"column":80}}]},"50":{"loc":{"start":{"line":146,"column":29},"end":{"line":146,"column":101}},"type":"cond-expr","locations":[{"start":{"line":146,"column":84},"end":{"line":146,"column":94}},{"start":{"line":146,"column":97},"end":{"line":146,"column":101}}]},"51":{"loc":{"start":{"line":146,"column":30},"end":{"line":146,"column":80}},"type":"binary-expr","locations":[{"start":{"line":146,"column":30},"end":{"line":146,"column":40}},{"start":{"line":146,"column":44},"end":{"line":146,"column":80}}]},"52":{"loc":{"start":{"line":149,"column":19},"end":{"line":149,"column":83}},"type":"cond-expr","locations":[{"start":{"line":149,"column":31},"end":{"line":149,"column":40}},{"start":{"line":149,"column":43},"end":{"line":149,"column":83}}]},"53":{"loc":{"start":{"line":149,"column":43},"end":{"line":149,"column":83}},"type":"cond-expr","locations":[{"start":{"line":149,"column":55},"end":{"line":149,"column":71}},{"start":{"line":149,"column":74},"end":{"line":149,"column":83}}]},"54":{"loc":{"start":{"line":151,"column":28},"end":{"line":151,"column":114}},"type":"cond-expr","locations":[{"start":{"line":151,"column":64},"end":{"line":151,"column":107}},{"start":{"line":151,"column":110},"end":{"line":151,"column":114}}]},"55":{"loc":{"start":{"line":151,"column":28},"end":{"line":151,"column":53}},"type":"cond-expr","locations":[{"start":{"line":151,"column":43},"end":{"line":151,"column":45}},{"start":{"line":151,"column":28},"end":{"line":151,"column":53}}]},"56":{"loc":{"start":{"line":151,"column":28},"end":{"line":151,"column":45}},"type":"binary-expr","locations":[{"start":{"line":151,"column":28},"end":{"line":151,"column":45}},{"start":{"line":151,"column":28},"end":{"line":151,"column":45}}]},"57":{"loc":{"start":{"line":152,"column":27},"end":{"line":152,"column":59}},"type":"cond-expr","locations":[{"start":{"line":152,"column":51},"end":{"line":152,"column":55}},{"start":{"line":152,"column":55},"end":{"line":152,"column":59}}]},"58":{"loc":{"start":{"line":152,"column":27},"end":{"line":152,"column":55}},"type":"binary-expr","locations":[{"start":{"line":152,"column":27},"end":{"line":152,"column":55}},{"start":{"line":152,"column":51},"end":{"line":152,"column":55}}]},"59":{"loc":{"start":{"line":152,"column":27},"end":{"line":152,"column":51}},"type":"cond-expr","locations":[{"start":{"line":152,"column":42},"end":{"line":152,"column":44}},{"start":{"line":152,"column":27},"end":{"line":152,"column":51}}]},"60":{"loc":{"start":{"line":152,"column":27},"end":{"line":152,"column":44}},"type":"binary-expr","locations":[{"start":{"line":152,"column":27},"end":{"line":152,"column":44}},{"start":{"line":152,"column":27},"end":{"line":152,"column":44}}]},"61":{"loc":{"start":{"line":153,"column":27},"end":{"line":153,"column":98}},"type":"cond-expr","locations":[{"start":{"line":153,"column":56},"end":{"line":153,"column":91}},{"start":{"line":153,"column":94},"end":{"line":153,"column":98}}]},"62":{"loc":{"start":{"line":153,"column":27},"end":{"line":153,"column":53}},"type":"cond-expr","locations":[{"start":{"line":153,"column":42},"end":{"line":153,"column":44}},{"start":{"line":153,"column":27},"end":{"line":153,"column":53}}]},"63":{"loc":{"start":{"line":153,"column":27},"end":{"line":153,"column":44}},"type":"binary-expr","locations":[{"start":{"line":153,"column":27},"end":{"line":153,"column":44}},{"start":{"line":153,"column":27},"end":{"line":153,"column":44}}]},"64":{"loc":{"start":{"line":155,"column":2},"end":{"line":155,"column":91}},"type":"if","locations":[{"start":{"line":155,"column":2},"end":{"line":155,"column":91}}]},"65":{"loc":{"start":{"line":156,"column":2},"end":{"line":156,"column":170}},"type":"if","locations":[{"start":{"line":156,"column":2},"end":{"line":156,"column":170}}]},"66":{"loc":{"start":{"line":157,"column":23},"end":{"line":157,"column":161}},"type":"cond-expr","locations":[{"start":{"line":157,"column":54},"end":{"line":157,"column":83}},{"start":{"line":157,"column":86},"end":{"line":157,"column":161}}]},"67":{"loc":{"start":{"line":157,"column":86},"end":{"line":157,"column":161}},"type":"cond-expr","locations":[{"start":{"line":157,"column":113},"end":{"line":157,"column":141}},{"start":{"line":157,"column":144},"end":{"line":157,"column":161}}]},"68":{"loc":{"start":{"line":157,"column":86},"end":{"line":157,"column":110}},"type":"cond-expr","locations":[{"start":{"line":157,"column":101},"end":{"line":157,"column":103}},{"start":{"line":157,"column":86},"end":{"line":157,"column":110}}]},"69":{"loc":{"start":{"line":157,"column":86},"end":{"line":157,"column":103}},"type":"binary-expr","locations":[{"start":{"line":157,"column":86},"end":{"line":157,"column":103}},{"start":{"line":157,"column":86},"end":{"line":157,"column":103}}]},"70":{"loc":{"start":{"line":166,"column":74},"end":{"line":166,"column":99}},"type":"cond-expr","locations":[{"start":{"line":166,"column":84},"end":{"line":166,"column":86}},{"start":{"line":166,"column":84},"end":{"line":166,"column":99}}]},"71":{"loc":{"start":{"line":166,"column":74},"end":{"line":166,"column":86}},"type":"binary-expr","locations":[{"start":{"line":166,"column":74},"end":{"line":166,"column":86}},{"start":{"line":166,"column":84},"end":{"line":166,"column":86}}]},"72":{"loc":{"start":{"line":166,"column":74},"end":{"line":166,"column":84}},"type":"cond-expr","locations":[{"start":{"line":166,"column":78},"end":{"line":166,"column":80}},{"start":{"line":166,"column":74},"end":{"line":166,"column":84}}]},"73":{"loc":{"start":{"line":166,"column":74},"end":{"line":166,"column":80}},"type":"binary-expr","locations":[{"start":{"line":166,"column":74},"end":{"line":166,"column":80}},{"start":{"line":166,"column":74},"end":{"line":166,"column":80}}]},"74":{"loc":{"start":{"line":176,"column":11},"end":{"line":206,"column":null}},"type":"cond-expr","locations":[{"start":{"line":177,"column":14},"end":{"line":177,"column":58}},{"start":{"line":178,"column":14},"end":{"line":206,"column":null}}]},"75":{"loc":{"start":{"line":182,"column":24},"end":{"line":182,"column":43}},"type":"cond-expr","locations":[{"start":{"line":182,"column":35},"end":{"line":182,"column":38}},{"start":{"line":182,"column":41},"end":{"line":182,"column":43}}]},"76":{"loc":{"start":{"line":183,"column":23},"end":{"line":183,"column":47}},"type":"cond-expr","locations":[{"start":{"line":183,"column":34},"end":{"line":183,"column":38}},{"start":{"line":183,"column":41},"end":{"line":183,"column":47}}]},"77":{"loc":{"start":{"line":188,"column":40},"end":{"line":188,"column":86}},"type":"cond-expr","locations":[{"start":{"line":188,"column":51},"end":{"line":188,"column":69}},{"start":{"line":188,"column":72},"end":{"line":188,"column":86}}]},"78":{"loc":{"start":{"line":188,"column":89},"end":{"line":188,"column":108}},"type":"cond-expr","locations":[{"start":{"line":188,"column":100},"end":{"line":188,"column":103}},{"start":{"line":188,"column":106},"end":{"line":188,"column":108}}]},"79":{"loc":{"start":{"line":189,"column":24},"end":{"line":189,"column":44}},"type":"cond-expr","locations":[{"start":{"line":189,"column":39},"end":{"line":189,"column":43}},{"start":{"line":189,"column":43},"end":{"line":189,"column":44}}]},"80":{"loc":{"start":{"line":189,"column":24},"end":{"line":189,"column":43}},"type":"binary-expr","locations":[{"start":{"line":189,"column":24},"end":{"line":189,"column":43}},{"start":{"line":189,"column":39},"end":{"line":189,"column":43}}]},"81":{"loc":{"start":{"line":189,"column":24},"end":{"line":189,"column":39}},"type":"cond-expr","locations":[{"start":{"line":189,"column":31},"end":{"line":189,"column":33}},{"start":{"line":189,"column":24},"end":{"line":189,"column":39}}]},"82":{"loc":{"start":{"line":189,"column":24},"end":{"line":189,"column":33}},"type":"binary-expr","locations":[{"start":{"line":189,"column":24},"end":{"line":189,"column":33}},{"start":{"line":189,"column":24},"end":{"line":189,"column":33}}]},"83":{"loc":{"start":{"line":190,"column":23},"end":{"line":190,"column":47}},"type":"cond-expr","locations":[{"start":{"line":190,"column":34},"end":{"line":190,"column":38}},{"start":{"line":190,"column":41},"end":{"line":190,"column":47}}]},"84":{"loc":{"start":{"line":191,"column":22},"end":{"line":191,"column":106}},"type":"cond-expr","locations":[{"start":{"line":191,"column":33},"end":{"line":191,"column":67}},{"start":{"line":191,"column":70},"end":{"line":191,"column":106}}]},"85":{"loc":{"start":{"line":195,"column":30},"end":{"line":195,"column":48}},"type":"cond-expr","locations":[{"start":{"line":195,"column":43},"end":{"line":195,"column":47}},{"start":{"line":195,"column":47},"end":{"line":195,"column":48}}]},"86":{"loc":{"start":{"line":195,"column":30},"end":{"line":195,"column":47}},"type":"binary-expr","locations":[{"start":{"line":195,"column":30},"end":{"line":195,"column":47}},{"start":{"line":195,"column":43},"end":{"line":195,"column":47}}]},"87":{"loc":{"start":{"line":195,"column":30},"end":{"line":195,"column":43}},"type":"cond-expr","locations":[{"start":{"line":195,"column":37},"end":{"line":195,"column":39}},{"start":{"line":195,"column":30},"end":{"line":195,"column":43}}]},"88":{"loc":{"start":{"line":195,"column":30},"end":{"line":195,"column":39}},"type":"binary-expr","locations":[{"start":{"line":195,"column":30},"end":{"line":195,"column":39}},{"start":{"line":195,"column":30},"end":{"line":195,"column":39}}]},"89":{"loc":{"start":{"line":196,"column":35},"end":{"line":196,"column":79}},"type":"cond-expr","locations":[{"start":{"line":196,"column":49},"end":{"line":196,"column":73}},{"start":{"line":196,"column":76},"end":{"line":196,"column":79}}]},"90":{"loc":{"start":{"line":203,"column":21},"end":{"line":203,"column":80}},"type":"cond-expr","locations":[{"start":{"line":203,"column":41},"end":{"line":203,"column":61}},{"start":{"line":203,"column":64},"end":{"line":203,"column":80}}]},"91":{"loc":{"start":{"line":204,"column":23},"end":{"line":204,"column":59}},"type":"cond-expr","locations":[{"start":{"line":204,"column":43},"end":{"line":204,"column":47}},{"start":{"line":204,"column":50},"end":{"line":204,"column":59}}]},"92":{"loc":{"start":{"line":212,"column":11},"end":{"line":221,"column":null}},"type":"cond-expr","locations":[{"start":{"line":213,"column":14},"end":{"line":213,"column":30}},{"start":{"line":214,"column":14},"end":{"line":221,"column":null}}]},"93":{"loc":{"start":{"line":214,"column":14},"end":{"line":221,"column":null}},"type":"binary-expr","locations":[{"start":{"line":214,"column":14},"end":{"line":214,"column":29}},{"start":{"line":215,"column":14},"end":{"line":220,"column":null}}]},"94":{"loc":{"start":{"line":217,"column":23},"end":{"line":217,"column":115}},"type":"cond-expr","locations":[{"start":{"line":217,"column":70},"end":{"line":217,"column":98}},{"start":{"line":217,"column":101},"end":{"line":217,"column":115}}]},"95":{"loc":{"start":{"line":217,"column":23},"end":{"line":217,"column":67}},"type":"binary-expr","locations":[{"start":{"line":217,"column":23},"end":{"line":217,"column":46}},{"start":{"line":217,"column":50},"end":{"line":217,"column":67}}]},"96":{"loc":{"start":{"line":219,"column":23},"end":{"line":219,"column":66}},"type":"cond-expr","locations":[{"start":{"line":219,"column":50},"end":{"line":219,"column":54}},{"start":{"line":219,"column":57},"end":{"line":219,"column":66}}]},"97":{"loc":{"start":{"line":219,"column":23},"end":{"line":219,"column":47}},"type":"cond-expr","locations":[{"start":{"line":219,"column":38},"end":{"line":219,"column":40}},{"start":{"line":219,"column":23},"end":{"line":219,"column":47}}]},"98":{"loc":{"start":{"line":219,"column":23},"end":{"line":219,"column":40}},"type":"binary-expr","locations":[{"start":{"line":219,"column":23},"end":{"line":219,"column":40}},{"start":{"line":219,"column":23},"end":{"line":219,"column":40}}]},"99":{"loc":{"start":{"line":245,"column":9},"end":{"line":271,"column":null}},"type":"binary-expr","locations":[{"start":{"line":245,"column":9},"end":{"line":245,"column":18}},{"start":{"line":245,"column":22},"end":{"line":245,"column":34}},{"start":{"line":246,"column":10},"end":{"line":270,"column":null}}]},"100":{"loc":{"start":{"line":249,"column":16},"end":{"line":252,"column":null}},"type":"cond-expr","locations":[{"start":{"line":249,"column":43},"end":{"line":249,"column":57}},{"start":{"line":250,"column":16},"end":{"line":252,"column":null}}]},"101":{"loc":{"start":{"line":250,"column":16},"end":{"line":252,"column":null}},"type":"cond-expr","locations":[{"start":{"line":250,"column":43},"end":{"line":250,"column":60}},{"start":{"line":251,"column":16},"end":{"line":252,"column":null}}]},"102":{"loc":{"start":{"line":251,"column":16},"end":{"line":252,"column":null}},"type":"cond-expr","locations":[{"start":{"line":251,"column":43},"end":{"line":251,"column":61}},{"start":{"line":252,"column":16},"end":{"line":252,"column":null}}]},"103":{"loc":{"start":{"line":263,"column":18},"end":{"line":266,"column":null}},"type":"cond-expr","locations":[{"start":{"line":263,"column":45},"end":{"line":263,"column":57}},{"start":{"line":264,"column":18},"end":{"line":266,"column":null}}]},"104":{"loc":{"start":{"line":264,"column":18},"end":{"line":266,"column":null}},"type":"cond-expr","locations":[{"start":{"line":264,"column":45},"end":{"line":264,"column":60}},{"start":{"line":265,"column":18},"end":{"line":266,"column":null}}]},"105":{"loc":{"start":{"line":265,"column":18},"end":{"line":266,"column":null}},"type":"cond-expr","locations":[{"start":{"line":265,"column":45},"end":{"line":265,"column":61}},{"start":{"line":266,"column":18},"end":{"line":266,"column":null}}]},"106":{"loc":{"start":{"line":298,"column":9},"end":{"line":317,"column":null}},"type":"binary-expr","locations":[{"start":{"line":298,"column":9},"end":{"line":298,"column":21}},{"start":{"line":298,"column":25},"end":{"line":298,"column":48}},{"start":{"line":299,"column":10},"end":{"line":316,"column":null}}]},"107":{"loc":{"start":{"line":310,"column":69},"end":{"line":310,"column":119}},"type":"cond-expr","locations":[{"start":{"line":310,"column":84},"end":{"line":310,"column":102}},{"start":{"line":310,"column":105},"end":{"line":310,"column":119}}]},"108":{"loc":{"start":{"line":311,"column":23},"end":{"line":311,"column":46}},"type":"cond-expr","locations":[{"start":{"line":311,"column":38},"end":{"line":311,"column":41}},{"start":{"line":311,"column":44},"end":{"line":311,"column":46}}]},"109":{"loc":{"start":{"line":321,"column":9},"end":{"line":337,"column":null}},"type":"binary-expr","locations":[{"start":{"line":321,"column":9},"end":{"line":321,"column":14}},{"start":{"line":321,"column":18},"end":{"line":321,"column":34}},{"start":{"line":322,"column":10},"end":{"line":336,"column":null}}]},"110":{"loc":{"start":{"line":331,"column":67},"end":{"line":331,"column":117}},"type":"cond-expr","locations":[{"start":{"line":331,"column":82},"end":{"line":331,"column":100}},{"start":{"line":331,"column":103},"end":{"line":331,"column":117}}]},"111":{"loc":{"start":{"line":332,"column":21},"end":{"line":332,"column":44}},"type":"cond-expr","locations":[{"start":{"line":332,"column":36},"end":{"line":332,"column":39}},{"start":{"line":332,"column":42},"end":{"line":332,"column":44}}]},"112":{"loc":{"start":{"line":341,"column":9},"end":{"line":359,"column":null}},"type":"binary-expr","locations":[{"start":{"line":341,"column":9},"end":{"line":341,"column":20}},{"start":{"line":342,"column":10},"end":{"line":358,"column":null}}]},"113":{"loc":{"start":{"line":350,"column":65},"end":{"line":350,"column":136}},"type":"cond-expr","locations":[{"start":{"line":350,"column":101},"end":{"line":350,"column":119}},{"start":{"line":350,"column":122},"end":{"line":350,"column":136}}]},"114":{"loc":{"start":{"line":351,"column":19},"end":{"line":351,"column":63}},"type":"cond-expr","locations":[{"start":{"line":351,"column":55},"end":{"line":351,"column":58}},{"start":{"line":351,"column":61},"end":{"line":351,"column":63}}]},"115":{"loc":{"start":{"line":363,"column":9},"end":{"line":387,"column":null}},"type":"binary-expr","locations":[{"start":{"line":363,"column":9},"end":{"line":363,"column":27}},{"start":{"line":364,"column":10},"end":{"line":386,"column":null}}]},"116":{"loc":{"start":{"line":391,"column":9},"end":{"line":415,"column":null}},"type":"binary-expr","locations":[{"start":{"line":391,"column":9},"end":{"line":391,"column":27}},{"start":{"line":392,"column":10},"end":{"line":414,"column":null}}]},"117":{"loc":{"start":{"line":419,"column":9},"end":{"line":439,"column":null}},"type":"binary-expr","locations":[{"start":{"line":419,"column":9},"end":{"line":419,"column":25}},{"start":{"line":419,"column":29},"end":{"line":419,"column":56}},{"start":{"line":420,"column":10},"end":{"line":438,"column":null}}]},"118":{"loc":{"start":{"line":429,"column":74},"end":{"line":429,"column":162}},"type":"cond-expr","locations":[{"start":{"line":429,"column":97},"end":{"line":429,"column":125}},{"start":{"line":429,"column":128},"end":{"line":429,"column":162}}]},"119":{"loc":{"start":{"line":451,"column":21},"end":{"line":451,"column":126}},"type":"cond-expr","locations":[{"start":{"line":451,"column":29},"end":{"line":451,"column":120}},{"start":{"line":451,"column":123},"end":{"line":451,"column":126}}]},"120":{"loc":{"start":{"line":454,"column":57},"end":{"line":454,"column":115}},"type":"cond-expr","locations":[{"start":{"line":454,"column":69},"end":{"line":454,"column":99}},{"start":{"line":454,"column":102},"end":{"line":454,"column":115}}]},"121":{"loc":{"start":{"line":471,"column":13},"end":{"line":508,"column":null}},"type":"cond-expr","locations":[{"start":{"line":472,"column":14},"end":{"line":474,"column":null}},{"start":{"line":477,"column":14},"end":{"line":507,"column":null}}]},"122":{"loc":{"start":{"line":471,"column":13},"end":{"line":471,"column":45}},"type":"binary-expr","locations":[{"start":{"line":471,"column":13},"end":{"line":471,"column":21}},{"start":{"line":471,"column":25},"end":{"line":471,"column":45}}]},"123":{"loc":{"start":{"line":479,"column":33},"end":{"line":479,"column":51}},"type":"cond-expr","locations":[{"start":{"line":479,"column":43},"end":{"line":479,"column":45}},{"start":{"line":479,"column":43},"end":{"line":479,"column":51}}]},"124":{"loc":{"start":{"line":479,"column":33},"end":{"line":479,"column":45}},"type":"binary-expr","locations":[{"start":{"line":479,"column":33},"end":{"line":479,"column":45}},{"start":{"line":479,"column":43},"end":{"line":479,"column":45}}]},"125":{"loc":{"start":{"line":480,"column":33},"end":{"line":480,"column":53}},"type":"cond-expr","locations":[{"start":{"line":480,"column":48},"end":{"line":480,"column":50}},{"start":{"line":480,"column":48},"end":{"line":480,"column":53}}]},"126":{"loc":{"start":{"line":480,"column":33},"end":{"line":480,"column":50}},"type":"binary-expr","locations":[{"start":{"line":480,"column":33},"end":{"line":480,"column":50}},{"start":{"line":480,"column":48},"end":{"line":480,"column":50}}]},"127":{"loc":{"start":{"line":480,"column":33},"end":{"line":480,"column":48}},"type":"cond-expr","locations":[{"start":{"line":480,"column":43},"end":{"line":480,"column":45}},{"start":{"line":480,"column":43},"end":{"line":480,"column":48}}]},"128":{"loc":{"start":{"line":480,"column":33},"end":{"line":480,"column":45}},"type":"binary-expr","locations":[{"start":{"line":480,"column":33},"end":{"line":480,"column":45}},{"start":{"line":480,"column":43},"end":{"line":480,"column":45}}]},"129":{"loc":{"start":{"line":481,"column":33},"end":{"line":481,"column":52}},"type":"cond-expr","locations":[{"start":{"line":481,"column":48},"end":{"line":481,"column":50}},{"start":{"line":481,"column":48},"end":{"line":481,"column":52}}]},"130":{"loc":{"start":{"line":481,"column":33},"end":{"line":481,"column":50}},"type":"binary-expr","locations":[{"start":{"line":481,"column":33},"end":{"line":481,"column":50}},{"start":{"line":481,"column":48},"end":{"line":481,"column":50}}]},"131":{"loc":{"start":{"line":481,"column":33},"end":{"line":481,"column":48}},"type":"cond-expr","locations":[{"start":{"line":481,"column":43},"end":{"line":481,"column":45}},{"start":{"line":481,"column":43},"end":{"line":481,"column":48}}]},"132":{"loc":{"start":{"line":481,"column":33},"end":{"line":481,"column":45}},"type":"binary-expr","locations":[{"start":{"line":481,"column":33},"end":{"line":481,"column":45}},{"start":{"line":481,"column":43},"end":{"line":481,"column":45}}]},"133":{"loc":{"start":{"line":486,"column":84},"end":{"line":486,"column":172}},"type":"cond-expr","locations":[{"start":{"line":486,"column":105},"end":{"line":486,"column":141}},{"start":{"line":486,"column":144},"end":{"line":486,"column":172}}]},"134":{"loc":{"start":{"line":487,"column":76},"end":{"line":487,"column":98}},"type":"cond-expr","locations":[{"start":{"line":487,"column":91},"end":{"line":487,"column":95}},{"start":{"line":487,"column":95},"end":{"line":487,"column":98}}]},"135":{"loc":{"start":{"line":487,"column":76},"end":{"line":487,"column":95}},"type":"binary-expr","locations":[{"start":{"line":487,"column":76},"end":{"line":487,"column":95}},{"start":{"line":487,"column":91},"end":{"line":487,"column":95}}]},"136":{"loc":{"start":{"line":487,"column":76},"end":{"line":487,"column":91}},"type":"cond-expr","locations":[{"start":{"line":487,"column":83},"end":{"line":487,"column":85}},{"start":{"line":487,"column":83},"end":{"line":487,"column":91}}]},"137":{"loc":{"start":{"line":487,"column":76},"end":{"line":487,"column":85}},"type":"binary-expr","locations":[{"start":{"line":487,"column":76},"end":{"line":487,"column":85}},{"start":{"line":487,"column":83},"end":{"line":487,"column":85}}]},"138":{"loc":{"start":{"line":493,"column":25},"end":{"line":498,"column":null}},"type":"binary-expr","locations":[{"start":{"line":493,"column":25},"end":{"line":493,"column":39}},{"start":{"line":494,"column":26},"end":{"line":498,"column":70}}]},"139":{"loc":{"start":{"line":493,"column":25},"end":{"line":493,"column":39}},"type":"cond-expr","locations":[{"start":{"line":493,"column":31},"end":{"line":493,"column":33}},{"start":{"line":493,"column":25},"end":{"line":493,"column":39}}]},"140":{"loc":{"start":{"line":493,"column":25},"end":{"line":493,"column":33}},"type":"binary-expr","locations":[{"start":{"line":493,"column":25},"end":{"line":493,"column":33}},{"start":{"line":493,"column":25},"end":{"line":493,"column":33}}]},"141":{"loc":{"start":{"line":495,"column":28},"end":{"line":497,"column":null}},"type":"cond-expr","locations":[{"start":{"line":495,"column":64},"end":{"line":495,"column":100}},{"start":{"line":496,"column":28},"end":{"line":497,"column":null}}]},"142":{"loc":{"start":{"line":496,"column":28},"end":{"line":497,"column":null}},"type":"cond-expr","locations":[{"start":{"line":496,"column":64},"end":{"line":496,"column":92}},{"start":{"line":497,"column":28},"end":{"line":497,"column":null}}]},"143":{"loc":{"start":{"line":500,"column":25},"end":{"line":500,"column":139}},"type":"binary-expr","locations":[{"start":{"line":500,"column":25},"end":{"line":500,"column":46}},{"start":{"line":500,"column":50},"end":{"line":500,"column":139}}]},"144":{"loc":{"start":{"line":500,"column":25},"end":{"line":500,"column":46}},"type":"cond-expr","locations":[{"start":{"line":500,"column":28},"end":{"line":500,"column":30}},{"start":{"line":500,"column":25},"end":{"line":500,"column":46}}]},"145":{"loc":{"start":{"line":500,"column":25},"end":{"line":500,"column":30}},"type":"binary-expr","locations":[{"start":{"line":500,"column":25},"end":{"line":500,"column":30}},{"start":{"line":500,"column":25},"end":{"line":500,"column":30}}]},"146":{"loc":{"start":{"line":501,"column":25},"end":{"line":501,"column":139}},"type":"binary-expr","locations":[{"start":{"line":501,"column":25},"end":{"line":501,"column":46}},{"start":{"line":501,"column":50},"end":{"line":501,"column":139}}]},"147":{"loc":{"start":{"line":501,"column":25},"end":{"line":501,"column":46}},"type":"cond-expr","locations":[{"start":{"line":501,"column":28},"end":{"line":501,"column":30}},{"start":{"line":501,"column":25},"end":{"line":501,"column":46}}]},"148":{"loc":{"start":{"line":501,"column":25},"end":{"line":501,"column":30}},"type":"binary-expr","locations":[{"start":{"line":501,"column":25},"end":{"line":501,"column":30}},{"start":{"line":501,"column":25},"end":{"line":501,"column":30}}]},"149":{"loc":{"start":{"line":502,"column":25},"end":{"line":502,"column":137}},"type":"binary-expr","locations":[{"start":{"line":502,"column":25},"end":{"line":502,"column":44}},{"start":{"line":502,"column":49},"end":{"line":502,"column":137}}]},"150":{"loc":{"start":{"line":502,"column":25},"end":{"line":502,"column":44}},"type":"cond-expr","locations":[{"start":{"line":502,"column":27},"end":{"line":502,"column":29}},{"start":{"line":502,"column":25},"end":{"line":502,"column":44}}]},"151":{"loc":{"start":{"line":502,"column":25},"end":{"line":502,"column":29}},"type":"binary-expr","locations":[{"start":{"line":502,"column":25},"end":{"line":502,"column":29}},{"start":{"line":502,"column":25},"end":{"line":502,"column":29}}]},"152":{"loc":{"start":{"line":503,"column":25},"end":{"line":503,"column":137}},"type":"binary-expr","locations":[{"start":{"line":503,"column":25},"end":{"line":503,"column":44}},{"start":{"line":503,"column":49},"end":{"line":503,"column":137}}]},"153":{"loc":{"start":{"line":503,"column":25},"end":{"line":503,"column":44}},"type":"cond-expr","locations":[{"start":{"line":503,"column":27},"end":{"line":503,"column":29}},{"start":{"line":503,"column":25},"end":{"line":503,"column":44}}]},"154":{"loc":{"start":{"line":503,"column":25},"end":{"line":503,"column":29}},"type":"binary-expr","locations":[{"start":{"line":503,"column":25},"end":{"line":503,"column":29}},{"start":{"line":503,"column":25},"end":{"line":503,"column":29}}]},"155":{"loc":{"start":{"line":517,"column":58},"end":{"line":517,"column":88}},"type":"cond-expr","locations":[{"start":{"line":517,"column":73},"end":{"line":517,"column":77}},{"start":{"line":517,"column":77},"end":{"line":517,"column":88}}]},"156":{"loc":{"start":{"line":517,"column":58},"end":{"line":517,"column":77}},"type":"binary-expr","locations":[{"start":{"line":517,"column":58},"end":{"line":517,"column":77}},{"start":{"line":517,"column":73},"end":{"line":517,"column":77}}]},"157":{"loc":{"start":{"line":517,"column":58},"end":{"line":517,"column":73}},"type":"cond-expr","locations":[{"start":{"line":517,"column":67},"end":{"line":517,"column":69}},{"start":{"line":517,"column":58},"end":{"line":517,"column":73}}]},"158":{"loc":{"start":{"line":517,"column":58},"end":{"line":517,"column":69}},"type":"binary-expr","locations":[{"start":{"line":517,"column":58},"end":{"line":517,"column":69}},{"start":{"line":517,"column":58},"end":{"line":517,"column":69}}]},"159":{"loc":{"start":{"line":518,"column":89},"end":{"line":518,"column":104}},"type":"cond-expr","locations":[{"start":{"line":518,"column":98},"end":{"line":518,"column":100}},{"start":{"line":518,"column":89},"end":{"line":518,"column":104}}]},"160":{"loc":{"start":{"line":518,"column":89},"end":{"line":518,"column":100}},"type":"binary-expr","locations":[{"start":{"line":518,"column":89},"end":{"line":518,"column":100}},{"start":{"line":518,"column":89},"end":{"line":518,"column":100}}]},"161":{"loc":{"start":{"line":526,"column":54},"end":{"line":526,"column":73}},"type":"cond-expr","locations":[{"start":{"line":526,"column":65},"end":{"line":526,"column":68}},{"start":{"line":526,"column":71},"end":{"line":526,"column":73}}]},"162":{"loc":{"start":{"line":526,"column":102},"end":{"line":526,"column":148}},"type":"cond-expr","locations":[{"start":{"line":526,"column":113},"end":{"line":526,"column":131}},{"start":{"line":526,"column":134},"end":{"line":526,"column":148}}]},"163":{"loc":{"start":{"line":527,"column":52},"end":{"line":527,"column":96}},"type":"cond-expr","locations":[{"start":{"line":527,"column":66},"end":{"line":527,"column":90}},{"start":{"line":527,"column":93},"end":{"line":527,"column":96}}]},"164":{"loc":{"start":{"line":528,"column":61},"end":{"line":528,"column":79}},"type":"cond-expr","locations":[{"start":{"line":528,"column":74},"end":{"line":528,"column":78}},{"start":{"line":528,"column":78},"end":{"line":528,"column":79}}]},"165":{"loc":{"start":{"line":528,"column":61},"end":{"line":528,"column":78}},"type":"binary-expr","locations":[{"start":{"line":528,"column":61},"end":{"line":528,"column":78}},{"start":{"line":528,"column":74},"end":{"line":528,"column":78}}]},"166":{"loc":{"start":{"line":528,"column":61},"end":{"line":528,"column":74}},"type":"cond-expr","locations":[{"start":{"line":528,"column":68},"end":{"line":528,"column":70}},{"start":{"line":528,"column":61},"end":{"line":528,"column":74}}]},"167":{"loc":{"start":{"line":528,"column":61},"end":{"line":528,"column":70}},"type":"binary-expr","locations":[{"start":{"line":528,"column":61},"end":{"line":528,"column":70}},{"start":{"line":528,"column":61},"end":{"line":528,"column":70}}]},"168":{"loc":{"start":{"line":532,"column":50},"end":{"line":532,"column":84}},"type":"cond-expr","locations":[{"start":{"line":532,"column":68},"end":{"line":532,"column":72}},{"start":{"line":532,"column":72},"end":{"line":532,"column":84}}]},"169":{"loc":{"start":{"line":532,"column":50},"end":{"line":532,"column":72}},"type":"binary-expr","locations":[{"start":{"line":532,"column":50},"end":{"line":532,"column":72}},{"start":{"line":532,"column":68},"end":{"line":532,"column":72}}]},"170":{"loc":{"start":{"line":543,"column":7},"end":{"line":565,"column":null}},"type":"binary-expr","locations":[{"start":{"line":543,"column":7},"end":{"line":543,"column":18}},{"start":{"line":544,"column":8},"end":{"line":564,"column":null}}]},"171":{"loc":{"start":{"line":547,"column":19},"end":{"line":547,"column":83}},"type":"cond-expr","locations":[{"start":{"line":547,"column":41},"end":{"line":547,"column":77}},{"start":{"line":547,"column":80},"end":{"line":547,"column":83}}]},"172":{"loc":{"start":{"line":553,"column":19},"end":{"line":553,"column":75}},"type":"cond-expr","locations":[{"start":{"line":553,"column":37},"end":{"line":553,"column":69}},{"start":{"line":553,"column":72},"end":{"line":553,"column":75}}]},"173":{"loc":{"start":{"line":554,"column":17},"end":{"line":554,"column":98}},"type":"cond-expr","locations":[{"start":{"line":554,"column":44},"end":{"line":554,"column":86}},{"start":{"line":554,"column":89},"end":{"line":554,"column":98}}]},"174":{"loc":{"start":{"line":555,"column":19},"end":{"line":555,"column":128}},"type":"cond-expr","locations":[{"start":{"line":555,"column":61},"end":{"line":555,"column":115}},{"start":{"line":555,"column":119},"end":{"line":555,"column":128}}]},"175":{"loc":{"start":{"line":555,"column":19},"end":{"line":555,"column":57}},"type":"binary-expr","locations":[{"start":{"line":555,"column":19},"end":{"line":555,"column":34}},{"start":{"line":555,"column":38},"end":{"line":555,"column":57}}]},"176":{"loc":{"start":{"line":555,"column":61},"end":{"line":555,"column":115}},"type":"cond-expr","locations":[{"start":{"line":555,"column":102},"end":{"line":555,"column":106}},{"start":{"line":555,"column":109},"end":{"line":555,"column":115}}]},"177":{"loc":{"start":{"line":561,"column":15},"end":{"line":561,"column":121}},"type":"cond-expr","locations":[{"start":{"line":561,"column":56},"end":{"line":561,"column":115}},{"start":{"line":561,"column":118},"end":{"line":561,"column":121}}]},"178":{"loc":{"start":{"line":561,"column":15},"end":{"line":561,"column":53}},"type":"binary-expr","locations":[{"start":{"line":561,"column":15},"end":{"line":561,"column":30}},{"start":{"line":561,"column":34},"end":{"line":561,"column":53}}]}},"s":{"0":1,"1":1,"2":1,"3":1,"4":1,"5":1,"6":1,"7":1,"8":1,"9":1,"10":1,"11":5,"12":1,"13":4,"14":4,"15":12,"16":4,"17":12,"18":4,"19":12,"20":4,"21":4,"22":4,"23":3,"24":4,"25":4,"26":1,"27":4,"28":3,"29":4,"30":3,"31":4,"32":3,"33":4,"34":3,"35":4,"36":3,"37":4,"38":3,"39":4,"40":3,"41":4,"42":3,"43":4,"44":3,"45":4,"46":4,"47":4,"48":4,"49":4,"50":4,"51":4,"52":0,"53":4,"54":4,"55":0,"56":4,"57":0,"58":4,"59":0,"60":4,"61":4,"62":4,"63":4,"64":4,"65":4,"66":4,"67":4,"68":4,"69":4,"70":0,"71":4,"72"
[...]
,"/root/projects/trading-os/apps/web/src/lib/pdf.ts": {"path":"/root/projects/trading-os/apps/web/src/lib/pdf.ts","statementMap":{"0":{"start":{"line":26,"column":0},"end":{"line":26,"column":7}},"1":{"start":{"line":31,"column":20},"end":{"line":31,"column":41}},"2":{"start":{"line":32,"column":2},"end":{"line":32,"column":34}},"3":{"start":{"line":32,"column":2},"end":{"line":32,"column":33}},"4":{"start":{"line":33,"column":14},"end":{"line":33,"column":53}},"5":{"start":{"line":35,"column":16},"end":{"line":35,"column":40}},"6":{"start":{"line":36,"column":2},"end":{"line":36,"column":22}},"7":{"start":{"line":37,"column":2},"end":{"line":37,"column":33}},"8":{"start":{"line":38,"column":2},"end":{"line":38,"column":26}},"9":{"start":{"line":40,"column":2},"end":{"line":40,"column":22}},"10":{"start":{"line":41,"column":2},"end":{"line":41,"column":34}},"11":{"start":{"line":42,"column":2},"end":{"line":42,"column":74}},"12":{"start":{"line":44,"column":2},"end":{"line":44,"column":22}},"13":{"start":{"line":45,"column":2},"end":{"line":45,"column":28}},"14":{"start":{"line":46,"column":18},"end":{"line":55,"column":4}},"15":{"start":{"line":57,"column":3},"end":{"line":65,"column":5}},"16":{"start":{"line":67,"column":2},"end":{"line":89,"column":3}},"17":{"start":{"line":68,"column":17},"end":{"line":78,"column":6}},"18":{"start":{"line":68,"column":36},"end":{"line":78,"column":6}},"19":{"start":{"line":80,"column":5},"end":{"line":88,"column":7}},"20":{"start":{"line":91,"column":2},"end":{"line":91,"column":21}}},"fnMap":{"0":{"name":"downloadPerformancePDF","decl":{"start":{"line":26,"column":22},"end":{"line":26,"column":44}},"loc":{"start":{"line":29,"column":38},"end":{"line":92,"column":1}}},"1":{"name":"(anonymous_10)","decl":{"start":{"line":31,"column":20},"end":{"line":31,"column":33}},"loc":{"start":{"line":31,"column":20},"end":{"line":31,"column":41}}},"2":{"name":"(anonymous_11)","decl":{"start":{"line":32,"column":2},"end":{"line":32,"column":15}},"loc":{"start":{"line":32,"column":2},"end":{"line":32,"column":33}}},"3":{"name":"(anonymous_12)","decl":{"start":{"line":68,"column":31},"end":{"line":68,"column":32}},"loc":{"start":{"line":68,"column":35},"end":{"line":78,"column":6}}}},"branchMap":{"0":{"loc":{"start":{"line":29,"column":2},"end":{"line":29,"column":38}},"type":"default-arg","locations":[{"start":{"line":29,"column":13},"end":{"line":29,"column":38}}]},"1":{"loc":{"start":{"line":48,"column":21},"end":{"line":48,"column":74}},"type":"cond-expr","locations":[{"start":{"line":48,"column":57},"end":{"line":48,"column":70}},{"start":{"line":48,"column":73},"end":{"line":48,"column":74}}]},"2":{"loc":{"start":{"line":49,"column":21},"end":{"line":49,"column":51}},"type":"cond-expr","locations":[{"start":{"line":49,"column":43},"end":{"line":49,"column":46}},{"start":{"line":49,"column":49},"end":{"line":49,"column":51}}]},"3":{"loc":{"start":{"line":50,"column":22},"end":{"line":50,"column":136}},"type":"cond-expr","locations":[{"start":{"line":50,"column":93},"end":{"line":50,"column":96}},{"start":{"line":50,"column":99},"end":{"line":50,"column":136}}]},"4":{"loc":{"start":{"line":50,"column":22},"end":{"line":50,"column":90}},"type":"binary-expr","locations":[{"start":{"line":50,"column":22},"end":{"line":50,"column":53}},{"start":{"line":50,"column":57},"end":{"line":50,"column":90}}]},"5":{"loc":{"start":{"line":67,"column":2},"end":{"line":89,"column":3}},"type":"if","locations":[{"start":{"line":67,"column":2},"end":{"line":89,"column":3}}]},"6":{"loc":{"start":{"line":69,"column":6},"end":{"line":69,"column":28}},"type":"cond-expr","locations":[{"start":{"line":69,"column":21},"end":{"line":69,"column":25}},{"start":{"line":69,"column":25},"end":{"line":69,"column":28}}]},"7":{"loc":{"start":{"line":69,"column":6},"end":{"line":69,"column":25}},"type":"binary-expr","locations":[{"start":{"line":69,"column":6},"end":{"line":69,"column":25}},{"start":{"line":69,"column":21},"end":{"line":69,"column":25}}]},"8":{"loc":{"start":{"line":69,"column":6},"end":{"line":69,"column":21}},"type":"cond-expr","locations":[{"start":{"line":69,"column":13},"end":{"line":69,"column":15}},{"start":{"line":69,"column":13},"end":{"line":69,"column":21}}]},"9":{"loc":{"start":{"line":69,"column":6},"end":{"line":69,"column":15}},"type":"binary-expr","locations":[{"start":{"line":69,"column":6},"end":{"line":69,"column":15}},{"start":{"line":69,"column":13},"end":{"line":69,"column":15}}]},"10":{"loc":{"start":{"line":70,"column":6},"end":{"line":70,"column":24}},"type":"cond-expr","locations":[{"start":{"line":70,"column":17},"end":{"line":70,"column":21}},{"start":{"line":70,"column":21},"end":{"line":70,"column":24}}]},"11":{"loc":{"start":{"line":70,"column":6},"end":{"line":70,"column":21}},"type":"binary-expr","locations":[{"start":{"line":70,"column":6},"end":{"line":70,"column":21}},{"start":{"line":70,"column":17},"end":{"line":70,"column":21}}]},"12":{"loc":{"start":{"line":71,"column":6},"end":{"line":71,"column":21}},"type":"cond-expr","locations":[{"start":{"line":71,"column":14},"end":{"line":71,"column":18}},{"start":{"line":71,"column":18},"end":{"line":71,"column":21}}]},"13":{"loc":{"start":{"line":71,"column":6},"end":{"line":71,"column":18}},"type":"binary-expr","locations":[{"start":{"line":71,"column":6},"end":{"line":71,"column":18}},{"start":{"line":71,"column":14},"end":{"line":71,"column":18}}]},"14":{"loc":{"start":{"line":72,"column":6},"end":{"line":72,"column":25}},"type":"cond-expr","locations":[{"start":{"line":72,"column":18},"end":{"line":72,"column":22}},{"start":{"line":72,"column":22},"end":{"line":72,"column":25}}]},"15":{"loc":{"start":{"line":72,"column":6},"end":{"line":72,"column":22}},"type":"binary-expr","locations":[{"start":{"line":72,"column":6},"end":{"line":72,"column":22}},{"start":{"line":72,"column":18},"end":{"line":72,"column":22}}]},"16":{"loc":{"start":{"line":73,"column":6},"end":{"line":73,"column":24}},"type":"cond-expr","locations":[{"start":{"line":73,"column":17},"end":{"line":73,"column":21}},{"start":{"line":73,"column":21},"end":{"line":73,"column":24}}]},"17":{"loc":{"start":{"line":73,"column":6},"end":{"line":73,"column":21}},"type":"binary-expr","locations":[{"start":{"line":73,"column":6},"end":{"line":73,"column":21}},{"start":{"line":73,"column":17},"end":{"line":73,"column":21}}]},"18":{"loc":{"start":{"line":74,"column":6},"end":{"line":74,"column":76}},"type":"cond-expr","locations":[{"start":{"line":74,"column":46},"end":{"line":74,"column":70}},{"start":{"line":74,"column":73},"end":{"line":74,"column":76}}]},"19":{"loc":{"start":{"line":74,"column":6},"end":{"line":74,"column":43}},"type":"binary-expr","locations":[{"start":{"line":74,"column":6},"end":{"line":74,"column":20}},{"start":{"line":74,"column":24},"end":{"line":74,"column":43}}]},"20":{"loc":{"start":{"line":75,"column":6},"end":{"line":75,"column":103}},"type":"cond-expr","locations":[{"start":{"line":75,"column":60},"end":{"line":75,"column":97}},{"start":{"line":75,"column":100},"end":{"line":75,"column":103}}]},"21":{"loc":{"start":{"line":75,"column":6},"end":{"line":75,"column":57}},"type":"binary-expr","locations":[{"start":{"line":75,"column":6},"end":{"line":75,"column":27}},{"start":{"line":75,"column":31},"end":{"line":75,"column":57}}]},"22":{"loc":{"start":{"line":76,"column":6},"end":{"line":76,"column":73}},"type":"cond-expr","locations":[{"start":{"line":76,"column":19},"end":{"line":76,"column":67}},{"start":{"line":76,"column":70},"end":{"line":76,"column":73}}]},"23":{"loc":{"start":{"line":77,"column":6},"end":{"line":77,"column":73}},"type":"cond-expr","locations":[{"start":{"line":77,"column":19},"end":{"line":77,"column":67}},{"start":{"line":77,"column":70},"end":{"line":77,"column":73}}]}},"s":{"0":1,"1":0,"2":0,"3":0,"4":0,"5":0,"6":0,"7":0,"8":0,"9":0,"10":0,"11":0,"12":0,"13":0,"14":0,"15":0,"16":0,"17":0,"18":0,"19":0,"20":0},"f":{"0":0,"1":0,"2":0,"3":0},"b":{"0":[0],"1":[0,0],"2":[0,0],"3":[0,0],"4":[0,0],"5":[0],"6":[0,0],"7":[0,0],"8":[0,0],"9":[0,0],"10":[0,0],"11":[0,0],"12":[0,0],"13":[0,0],"14":[0,0],"15":[0,0],"16":[0,0],"17":[0,0],"18":[0,0],"19":[0,0],"20":[0,0],"21":[0,0],"22":[0,0],"23":[0,0]}}
,"/root/projects/trading-os/apps/web/src/lib/test-utils.tsx": {"path":"/root/projects/trading-os/apps/web/src/lib/test-utils.tsx","statementMap":{"0":{"start":{"line":4,"column":0},"end":{"line":4,"column":16}},"1":{"start":{"line":12,"column":0},"end":{"line":12,"column":16}},"2":{"start":{"line":2,"column":0},"end":{"line":2,"column":73}},"3":{"start":{"line":5,"column":2},"end":{"line":9,"column":5}},"4":{"start":{"line":13,"column":17},"end":{"line":13,"column":40}},"5":{"start":{"line":14,"column":2},"end":{"line":14,"column":79}}},"fnMap":{"0":{"name":"createTestQueryClient","decl":{"start":{"line":4,"column":16},"end":{"line":4,"column":37}},"loc":{"start":{"line":4,"column":37},"end":{"line":10,"column":1}}},"1":{"name":"TestWrapper","decl":{"start":{"line":12,"column":16},"end":{"line":12,"column":27}},"loc":{"start":{"line":12,"column":65},"end":{"line":15,"column":1}}}},"branchMap":{},"s":{"0":16,"1":16,"2":16,"3":39,"4":0,"5":0},"f":{"0":39,"1":0},"b":{}}
,"/root/projects/trading-os/apps/web/src/store/mode.store.ts": {"path":"/root/projects/trading-os/apps/web/src/store/mode.store.ts","statementMap":{"0":{"start":{"line":2,"column":0},"end":{"line":2,"column":33}},"1":{"start":{"line":12,"column":20},"end":{"line":12,"column":37}},"2":{"start":{"line":15,"column":2},"end":{"line":15,"column":59}},"3":{"start":{"line":15,"column":37},"end":{"line":15,"column":59}},"4":{"start":{"line":16,"column":17},"end":{"line":16,"column":57}},"5":{"start":{"line":17,"column":2},"end":{"line":17,"column":61}},"6":{"start":{"line":21,"column":2},"end":{"line":21,"column":44}},"7":{"start":{"line":21,"column":37},"end":{"line":21,"column":44}},"8":{"start":{"line":22,"column":2},"end":{"line":22,"column":49}},"9":{"start":{"line":25,"column":13},"end":{"line":36,"column":4}},"10":{"start":{"line":25,"column":61},"end":{"line":36,"column":2}},"11":{"start":{"line":28,"column":17},"end":{"line":28,"column":72}},"12":{"start":{"line":29,"column":4},"end":{"line":29,"column":24}},"13":{"start":{"line":30,"column":4},"end":{"line":30,"column":24}},"14":{"start":{"line":33,"column":4},"end":{"line":33,"column":24}},"15":{"start":{"line":34,"column":4},"end":{"line":34,"column":18}}},"fnMap":{"0":{"name":"getStoredMode","decl":{"start":{"line":14,"column":9},"end":{"line":14,"column":22}},"loc":{"start":{"line":14,"column":22},"end":{"line":18,"column":1}}},"1":{"name":"setStoredMode","decl":{"start":{"line":20,"column":9},"end":{"line":20,"column":22}},"loc":{"start":{"line":20,"column":33},"end":{"line":23,"column":1}}},"2":{"name":"(anonymous_2)","decl":{"start":{"line":25,"column":46},"end":{"line":25,"column":47}},"loc":{"start":{"line":25,"column":61},"end":{"line":36,"column":2}}},"3":{"name":"(anonymous_3)","decl":{"start":{"line":27,"column":10},"end":{"line":27,"column":13}},"loc":{"start":{"line":27,"column":15},"end":{"line":31,"column":3}}},"4":{"name":"(anonymous_4)","decl":{"start":{"line":32,"column":11},"end":{"line":32,"column":12}},"loc":{"start":{"line":32,"column":20},"end":{"line":35,"column":3}}}},"branchMap":{"0":{"loc":{"start":{"line":15,"column":2},"end":{"line":15,"column":59}},"type":"if","locations":[{"start":{"line":15,"column":2},"end":{"line":15,"column":59}}]},"1":{"loc":{"start":{"line":17,"column":9},"end":{"line":17,"column":60}},"type":"cond-expr","locations":[{"start":{"line":17,"column":33},"end":{"line":17,"column":43}},{"start":{"line":17,"column":46},"end":{"line":17,"column":60}}]},"2":{"loc":{"start":{"line":21,"column":2},"end":{"line":21,"column":44}},"type":"if","locations":[{"start":{"line":21,"column":2},"end":{"line":21,"column":44}}]},"3":{"loc":{"start":{"line":28,"column":17},"end":{"line":28,"column":72}},"type":"cond-expr","locations":[{"start":{"line":28,"column":45},"end":{"line":28,"column":59}},{"start":{"line":28,"column":62},"end":{"line":28,"column":72}}]}},"s":{"0":4,"1":4,"2":4,"3":0,"4":4,"5":4,"6":1,"7":0,"8":1,"9":4,"10":4,"11":1,"12":1,"13":1,"14":0,"15":0},"f":{"0":4,"1":1,"2":4,"3":1,"4":0},"b":{"0":[0],"1":[0,4],"2":[0],"3":[0,1]}}
,"/root/projects/trading-os/apps/web/src/store/trading.store.ts": {"path":"/root/projects/trading-os/apps/web/src/store/trading.store.ts","statementMap":{"0":{"start":{"line":2,"column":0},"end":{"line":2,"column":33}},"1":{"start":{"line":3,"column":0},"end":{"line":3,"column":32}},"2":{"start":{"line":25,"column":25},"end":{"line":25,"column":31}},"3":{"start":{"line":27,"column":13},"end":{"line":60,"column":4}},"4":{"start":{"line":27,"column":67},"end":{"line":60,"column":2}},"5":{"start":{"line":31,"column":30},"end":{"line":31,"column":81}},"6":{"start":{"line":31,"column":40},"end":{"line":31,"column":79}},"7":{"start":{"line":32,"column":24},"end":{"line":32,"column":47}},"8":{"start":{"line":41,"column":49},"end":{"line":41,"column":54}},"9":{"start":{"line":42,"column":21},"end":{"line":42,"column":103}},"10":{"start":{"line":43,"column":16},"end":{"line":43,"column":26}},"11":{"start":{"line":45,"column":4},"end":{"line":45,"column":31}},"12":{"start":{"line":45,"column":24},"end":{"line":45,"column":31}},"13":{"start":{"line":46,"column":4},"end":{"line":46,"column":26}},"14":{"start":{"line":46,"column":19},"end":{"line":46,"column":26}},"15":{"start":{"line":47,"column":4},"end":{"line":47,"column":88}},"16":{"start":{"line":47,"column":81},"end":{"line":47,"column":88}},"17":{"start":{"line":49,"column":4},"end":{"line":49,"column":54}},"18":{"start":{"line":50,"column":4},"end":{"line":56,"column":5}},"19":{"start":{"line":51,"column":23},"end":{"line":51,"column":58}},"20":{"start":{"line":52,"column":29},"end":{"line":52,"column":53}},"21":{"start":{"line":53,"column":6},"end":{"line":53,"column":82}},"22":{"start":{"line":55,"column":6},"end":{"line":55,"column":91}},"23":{"start":{"line":59,"column":27},"end":{"line":59,"column":73}}},"fnMap":{"0":{"name":"(anonymous_0)","decl":{"start":{"line":27,"column":52},"end":{"line":27,"column":53}},"loc":{"start":{"line":27,"column":67},"end":{"line":60,"column":2}}},"1":{"name":"(anonymous_1)","decl":{"start":{"line":31,"column":17},"end":{"line":31,"column":18}},"loc":{"start":{"line":31,"column":30},"end":{"line":31,"column":81}}},"2":{"name":"(anonymous_2)","decl":{"start":{"line":31,"column":34},"end":{"line":31,"column":35}},"loc":{"start":{"line":31,"column":40},"end":{"line":31,"column":79}}},"3":{"name":"(anonymous_3)","decl":{"start":{"line":32,"column":17},"end":{"line":32,"column":18}},"loc":{"start":{"line":32,"column":24},"end":{"line":32,"column":47}}},"4":{"name":"(anonymous_4)","decl":{"start":{"line":40,"column":16},"end":{"line":40,"column":21}},"loc":{"start":{"line":40,"column":40},"end":{"line":57,"column":3}}},"5":{"name":"(anonymous_5)","decl":{"start":{"line":59,"column":14},"end":{"line":59,"column":15}},"loc":{"start":{"line":59,"column":27},"end":{"line":59,"column":73}}}},"branchMap":{"0":{"loc":{"start":{"line":40,"column":23},"end":{"line":40,"column":36}},"type":"default-arg","locations":[{"start":{"line":40,"column":31},"end":{"line":40,"column":36}}]},"1":{"loc":{"start":{"line":42,"column":21},"end":{"line":42,"column":103}},"type":"cond-expr","locations":[{"start":{"line":42,"column":53},"end":{"line":42,"column":95}},{"start":{"line":42,"column":98},"end":{"line":42,"column":103}}]},"2":{"loc":{"start":{"line":45,"column":4},"end":{"line":45,"column":31}},"type":"if","locations":[{"start":{"line":45,"column":4},"end":{"line":45,"column":31}}]},"3":{"loc":{"start":{"line":46,"column":4},"end":{"line":46,"column":26}},"type":"if","locations":[{"start":{"line":46,"column":4},"end":{"line":46,"column":26}}]},"4":{"loc":{"start":{"line":47,"column":4},"end":{"line":47,"column":88}},"type":"if","locations":[{"start":{"line":47,"column":4},"end":{"line":47,"column":88}}]},"5":{"loc":{"start":{"line":47,"column":8},"end":{"line":47,"column":79}},"type":"binary-expr","locations":[{"start":{"line":47,"column":8},"end":{"line":47,"column":14}},{"start":{"line":47,"column":18},"end":{"line":47,"column":34}},{"start":{"line":47,"column":38},"end":{"line":47,"column":79}}]},"6":{"loc":{"start":{"line":52,"column":29},"end":{"line":52,"column":53}},"type":"cond-expr","locations":[{"start":{"line":52,"column":47},"end":{"line":52,"column":51}},{"start":{"line":52,"column":51},"end":{"line":52,"column":53}}]},"7":{"loc":{"start":{"line":52,"column":29},"end":{"line":52,"column":51}},"type":"binary-expr","locations":[{"start":{"line":52,"column":29},"end":{"line":52,"column":51}},{"start":{"line":52,"column":47},"end":{"line":52,"column":51}}]},"8":{"loc":{"start":{"line":52,"column":29},"end":{"line":52,"column":47}},"type":"cond-expr","locations":[{"start":{"line":52,"column":39},"end":{"line":52,"column":43}},{"start":{"line":52,"column":43},"end":{"line":52,"column":47}}]},"9":{"loc":{"start":{"line":52,"column":29},"end":{"line":52,"column":43}},"type":"binary-expr","locations":[{"start":{"line":52,"column":29},"end":{"line":52,"column":43}},{"start":{"line":52,"column":39},"end":{"line":52,"column":43}}]},"10":{"loc":{"start":{"line":52,"column":29},"end":{"line":52,"column":39}},"type":"cond-expr","locations":[{"start":{"line":52,"column":33},"end":{"line":52,"column":35}},{"start":{"line":52,"column":29},"end":{"line":52,"column":39}}]},"11":{"loc":{"start":{"line":52,"column":29},"end":{"line":52,"column":35}},"type":"binary-expr","locations":[{"start":{"line":52,"column":29},"end":{"line":52,"column":35}},{"start":{"line":52,"column":29},"end":{"line":52,"column":35}}]},"12":{"loc":{"start":{"line":55,"column":49},"end":{"line":55,"column":87}},"type":"cond-expr","locations":[{"start":{"line":55,"column":61},"end":{"line":55,"column":65}},{"start":{"line":55,"column":65},"end":{"line":55,"column":87}}]},"13":{"loc":{"start":{"line":55,"column":49},"end":{"line":55,"column":65}},"type":"binary-expr","locations":[{"start":{"line":55,"column":49},"end":{"line":55,"column":65}},{"start":{"line":55,"column":61},"end":{"line":55,"column":65}}]},"14":{"loc":{"start":{"line":55,"column":49},"end":{"line":55,"column":61}},"type":"cond-expr","locations":[{"start":{"line":55,"column":52},"end":{"line":55,"column":54}},{"start":{"line":55,"column":49},"end":{"line":55,"column":61}}]},"15":{"loc":{"start":{"line":55,"column":49},"end":{"line":55,"column":54}},"type":"binary-expr","locations":[{"start":{"line":55,"column":49},"end":{"line":55,"column":54}},{"start":{"line":55,"column":49},"end":{"line":55,"column":54}}]}},"s":{"0":5,"1":5,"2":5,"3":5,"4":5,"5":1,"6":1,"7":1,"8":5,"9":5,"10":5,"11":5,"12":0,"13":5,"14":1,"15":4,"16":1,"17":3,"18":3,"19":3,"20":2,"21":2,"22":1,"23":0},"f":{"0":5,"1":1,"2":1,"3":1,"4":5,"5":0},"b":{"0":[0],"1":[5,0],"2":[0],"3":[1],"4":[1],"5":[4,1,1],"6":[2,0],"7":[2,2],"8":[2,0],"9":[2,2],"10":[0,2],"11":[2,2],"12":[1,0],"13":[1,1],"14":[0,1],"15":[1,1]}}
}
