TN:
SF:src/app/auth/login/page.tsx
FN:8,LoginPage
FN:17,(anonymous_2)
FN:59,(anonymous_3)
FN:71,(anonymous_4)
FN:86,(anonymous_5)
FNF:5
FNH:4
FNDA:10,LoginPage
FNDA:2,(anonymous_2)
FNDA:2,(anonymous_3)
FNDA:2,(anonymous_4)
FNDA:0,(anonymous_5)
DA:2,1
DA:3,1
DA:4,1
DA:5,1
DA:6,1
DA:8,1
DA:9,10
DA:10,10
DA:11,10
DA:12,10
DA:13,10
DA:14,10
DA:15,10
DA:17,10
DA:18,2
DA:19,2
DA:20,2
DA:21,2
DA:22,1
DA:24,1
DA:25,1
DA:26,0
DA:27,0
DA:29,1
DA:34,10
DA:59,2
DA:71,2
DA:86,0
LF:28
LH:25
BRDA:21,0,0,0
BRDA:21,0,1,2
BRDA:24,1,0,0
BRDA:24,1,1,1
BRDA:24,2,0,1
BRDA:24,2,1,1
BRDA:24,3,0,1
BRDA:24,3,1,0
BRDA:24,4,0,1
BRDA:24,4,1,1
BRDA:24,5,0,1
BRDA:24,5,1,0
BRDA:24,6,0,1
BRDA:24,6,1,1
BRDA:24,7,0,0
BRDA:24,7,1,1
BRDA:24,8,0,1
BRDA:24,8,1,1
BRDA:25,9,0,0
BRDA:25,9,1,1
BRDA:47,10,0,10
BRDA:47,10,1,1
BRDA:78,11,0,10
BRDA:78,11,1,0
BRDA:99,12,0,0
BRDA:99,12,1,10
BRF:26
BRH:18
end_of_record
TN:
SF:src/app/auth/register/page.tsx
FN:8,RegisterPage
FN:16,(anonymous_2)
FN:54,(anonymous_3)
FN:66,(anonymous_4)
FN:78,(anonymous_5)
FNF:5
FNH:5
FNDA:11,RegisterPage
FNDA:2,(anonymous_2)
FNDA:2,(anonymous_3)
FNDA:2,(anonymous_4)
FNDA:2,(anonymous_5)
DA:2,1
DA:3,1
DA:4,1
DA:5,1
DA:6,1
DA:8,1
DA:9,11
DA:10,11
DA:11,11
DA:12,11
DA:13,11
DA:14,11
DA:16,11
DA:17,2
DA:18,2
DA:19,2
DA:20,1
DA:21,1
DA:22,1
DA:24,0
DA:25,0
DA:29,11
DA:54,2
DA:66,2
DA:78,2
LF:25
LH:23
BRDA:19,0,0,1
BRDA:24,1,0,0
BRDA:24,1,1,0
BRDA:24,2,0,0
BRDA:24,2,1,0
BRDA:24,3,0,0
BRDA:24,3,1,0
BRDA:24,4,0,0
BRDA:24,4,1,0
BRDA:24,5,0,0
BRDA:24,5,1,0
BRDA:24,6,0,0
BRDA:24,6,1,0
BRDA:25,7,0,0
BRDA:25,7,1,0
BRDA:42,8,0,11
BRDA:42,8,1,1
BRDA:90,9,0,0
BRDA:90,9,1,11
BRF:19
BRH:4
end_of_record
TN:
SF:src/app/billing/page.tsx
FN:33,UsageBar
FN:54,BillingPage
FN:59,(anonymous_2)
FN:64,(anonymous_3)
FN:69,(anonymous_4)
FN:73,(anonymous_5)
FN:74,(anonymous_6)
FN:81,(anonymous_7)
FN:82,(anonymous_8)
FN:118,(anonymous_9)
FN:150,(anonymous_10)
FN:168,(anonymous_11)
FN:190,(anonymous_12)
FNF:13
FNH:7
FNDA:6,UsageBar
FNDA:4,BillingPage
FNDA:2,(anonymous_2)
FNDA:2,(anonymous_3)
FNDA:2,(anonymous_4)
FNDA:0,(anonymous_5)
FNDA:0,(anonymous_6)
FNDA:0,(anonymous_7)
FNDA:0,(anonymous_8)
FNDA:0,(anonymous_9)
FNDA:2,(anonymous_10)
FNDA:2,(anonymous_11)
FNDA:0,(anonymous_12)
DA:2,1
DA:3,1
DA:4,1
DA:5,1
DA:34,6
DA:35,6
DA:36,6
DA:54,1
DA:55,4
DA:57,4
DA:59,2
DA:62,4
DA:64,2
DA:67,4
DA:69,2
DA:72,4
DA:73,0
DA:75,0
DA:76,0
DA:80,4
DA:81,0
DA:83,0
DA:84,0
DA:88,4
DA:90,4
DA:118,0
DA:151,2
DA:152,2
DA:169,2
DA:190,0
LF:30
LH:22
BRDA:34,0,0,6
BRDA:34,0,1,0
BRDA:35,1,0,6
BRDA:35,1,1,6
BRDA:40,2,0,0
BRDA:40,2,1,6
BRDA:41,3,0,6
BRDA:41,3,1,0
BRDA:41,4,0,6
BRDA:41,4,1,6
BRDA:46,5,0,0
BRDA:46,5,1,6
BRDA:47,6,0,6
BRDA:47,6,1,0
BRDA:88,7,0,4
BRDA:88,7,1,2
BRDA:100,8,0,4
BRDA:100,8,1,2
BRDA:108,9,0,0
BRDA:108,9,1,2
BRDA:119,10,0,2
BRDA:119,10,1,2
BRDA:122,11,0,2
BRDA:122,11,1,0
BRDA:128,12,0,4
BRDA:128,12,1,2
BRDA:141,13,0,4
BRDA:141,13,1,2
BRDA:145,14,0,4
BRDA:145,14,1,2
BRDA:145,14,2,2
BRDA:145,14,3,0
BRDA:150,15,0,2
BRDA:150,15,1,2
BRDA:150,16,0,4
BRDA:150,16,1,4
BRDA:151,17,0,0
BRDA:151,17,1,2
BRDA:151,18,0,2
BRDA:151,18,1,2
BRDA:156,19,0,2
BRDA:156,19,1,0
BRDA:161,20,0,2
BRDA:161,20,1,2
BRDA:165,21,0,0
BRDA:165,21,1,2
BRDA:173,22,0,2
BRDA:173,22,1,2
BRDA:178,23,0,2
BRDA:178,23,1,2
BRDA:183,24,0,2
BRDA:183,24,1,2
BRDA:191,25,0,2
BRDA:191,25,1,0
BRDA:194,26,0,0
BRDA:194,26,1,2
BRDA:194,27,0,2
BRDA:194,27,1,0
BRDA:196,28,0,2
BRDA:196,28,1,0
BRF:60
BRH:45
end_of_record
TN:
SF:src/app/dashboard/page.tsx
FN:14,StatCard
FN:44,DashboardPage
FN:46,(anonymous_3)
FN:47,(anonymous_4)
FN:48,(anonymous_5)
FN:54,(anonymous_6)
FN:61,(anonymous_7)
FN:67,(anonymous_8)
FN:73,(anonymous_9)
FN:79,(anonymous_10)
FN:85,(anonymous_11)
FN:91,(anonymous_12)
FN:97,(anonymous_13)
FN:103,(anonymous_14)
FN:116,(anonymous_15)
FN:122,(anonymous_16)
FN:132,(anonymous_17)
FN:135,(anonymous_18)
FN:138,(anonymous_19)
FN:141,(anonymous_20)
FN:177,(anonymous_21)
FN:232,(anonymous_22)
FN:305,(anonymous_23)
FN:328,(anonymous_24)
FN:426,(anonymous_25)
FN:444,(anonymous_26)
FN:478,(anonymous_27)
FN:529,(anonymous_28)
FNF:28
FNH:20
FNDA:5,StatCard
FNDA:4,DashboardPage
FNDA:12,(anonymous_3)
FNDA:12,(anonymous_4)
FNDA:12,(anonymous_5)
FNDA:3,(anonymous_6)
FNDA:1,(anonymous_7)
FNDA:3,(anonymous_8)
FNDA:3,(anonymous_9)
FNDA:3,(anonymous_10)
FNDA:3,(anonymous_11)
FNDA:3,(anonymous_12)
FNDA:3,(anonymous_13)
FNDA:3,(anonymous_14)
FNDA:3,(anonymous_15)
FNDA:3,(anonymous_16)
FNDA:0,(anonymous_17)
FNDA:0,(anonymous_18)
FNDA:0,(anonymous_19)
FNDA:0,(anonymous_20)
FNDA:12,(anonymous_21)
FNDA:16,(anonymous_22)
FNDA:0,(anonymous_23)
FNDA:0,(anonymous_24)
FNDA:0,(anonymous_25)
FNDA:32,(anonymous_26)
FNDA:0,(anonymous_27)
FNDA:20,(anonymous_28)
DA:2,1
DA:3,1
DA:4,1
DA:5,1
DA:6,1
DA:7,1
DA:8,1
DA:9,1
DA:11,1
DA:12,1
DA:15,5
DA:33,1
DA:44,1
DA:45,4
DA:46,12
DA:47,12
DA:48,12
DA:49,4
DA:50,4
DA:52,4
DA:54,3
DA:57,4
DA:59,4
DA:61,1
DA:65,4
DA:67,3
DA:71,4
DA:73,3
DA:77,4
DA:79,3
DA:83,4
DA:85,3
DA:89,4
DA:91,3
DA:95,4
DA:97,3
DA:101,4
DA:103,3
DA:108,4
DA:116,3
DA:120,4
DA:122,3
DA:126,4
DA:127,4
DA:128,4
DA:129,4
DA:130,4
DA:131,4
DA:132,4
DA:133,4
DA:134,4
DA:135,0
DA:137,4
DA:138,0
DA:140,4
DA:141,0
DA:144,4
DA:145,4
DA:146,4
DA:148,4
DA:149,4
DA:151,4
DA:152,4
DA:153,4
DA:154,4
DA:155,4
DA:156,4
DA:157,4
DA:159,4
DA:177,12
DA:233,16
DA:306,0
DA:307,0
DA:329,0
DA:427,0
DA:445,32
DA:446,32
DA:479,0
DA:480,0
DA:481,0
DA:482,0
DA:529,20
LF:82
LH:71
BRDA:19,0,0,5
BRDA:19,0,1,5
BRDA:22,1,0,5
BRDA:22,1,1,5
BRDA:23,2,0,2
BRDA:23,2,1,3
BRDA:23,3,0,0
BRDA:23,3,1,3
BRDA:24,4,0,5
BRDA:24,4,1,2
BRDA:25,5,0,5
BRDA:25,5,1,0
BRDA:57,6,0,3
BRDA:57,6,1,1
BRDA:57,7,0,4
BRDA:57,7,1,4
BRDA:60,8,0,3
BRDA:60,8,1,1
BRDA:60,9,0,4
BRDA:60,9,1,4
BRDA:62,10,0,3
BRDA:62,10,1,1
BRDA:62,11,0,4
BRDA:62,11,1,4
BRDA:126,12,0,1
BRDA:126,12,1,3
BRDA:127,13,0,1
BRDA:127,13,1,3
BRDA:128,14,0,0
BRDA:128,14,1,4
BRDA:128,15,0,4
BRDA:128,15,1,4
BRDA:128,16,0,4
BRDA:128,16,1,0
BRDA:128,17,0,4
BRDA:128,17,1,4
BRDA:129,18,0,1
BRDA:129,18,1,3
BRDA:130,19,0,0
BRDA:130,19,1,4
BRDA:130,20,0,4
BRDA:130,20,1,4
BRDA:130,21,0,4
BRDA:130,21,1,0
BRDA:130,22,0,4
BRDA:130,22,1,4
BRDA:131,23,0,4
BRDA:131,23,1,0
BRDA:131,24,0,4
BRDA:131,24,1,4
BRDA:131,25,0,0
BRDA:131,25,1,4
BRDA:131,26,0,4
BRDA:131,26,1,4
BRDA:132,27,0,4
BRDA:132,27,1,0
BRDA:132,28,0,4
BRDA:132,28,1,4
BRDA:132,29,0,0
BRDA:132,29,1,0
BRDA:132,30,0,0
BRDA:132,30,1,0
BRDA:134,31,0,0
BRDA:134,31,1,4
BRDA:135,32,0,0
BRDA:135,32,1,0
BRDA:135,33,0,0
BRDA:135,33,1,0
BRDA:137,34,0,0
BRDA:137,34,1,4
BRDA:138,35,0,0
BRDA:138,35,1,0
BRDA:138,36,0,0
BRDA:138,36,1,0
BRDA:138,37,0,0
BRDA:138,37,1,0
BRDA:138,38,0,0
BRDA:138,38,1,0
BRDA:140,39,0,0
BRDA:140,39,1,4
BRDA:141,40,0,0
BRDA:141,40,1,0
BRDA:141,41,0,0
BRDA:141,41,1,0
BRDA:141,42,0,0
BRDA:141,42,1,0
BRDA:141,43,0,0
BRDA:141,43,1,0
BRDA:141,44,0,0
BRDA:141,44,1,0
BRDA:141,45,0,0
BRDA:141,45,1,0
BRDA:144,46,0,0
BRDA:144,46,1,4
BRDA:144,47,0,4
BRDA:144,47,1,1
BRDA:144,47,2,0
BRDA:145,48,0,0
BRDA:145,48,1,4
BRDA:145,49,0,4
BRDA:145,49,1,1
BRDA:146,50,0,0
BRDA:146,50,1,4
BRDA:146,51,0,4
BRDA:146,51,1,1
BRDA:149,52,0,0
BRDA:149,52,1,4
BRDA:149,53,0,4
BRDA:149,53,1,0
BRDA:151,54,0,0
BRDA:151,54,1,4
BRDA:151,55,0,3
BRDA:151,55,1,1
BRDA:151,56,0,4
BRDA:151,56,1,4
BRDA:152,57,0,0
BRDA:152,57,1,4
BRDA:152,58,0,4
BRDA:152,58,1,4
BRDA:152,59,0,3
BRDA:152,59,1,1
BRDA:152,60,0,4
BRDA:152,60,1,4
BRDA:153,61,0,0
BRDA:153,61,1,4
BRDA:153,62,0,3
BRDA:153,62,1,1
BRDA:153,63,0,4
BRDA:153,63,1,4
BRDA:155,64,0,0
BRDA:156,65,0,0
BRDA:157,66,0,0
BRDA:157,66,1,4
BRDA:157,67,0,0
BRDA:157,67,1,4
BRDA:157,68,0,3
BRDA:157,68,1,1
BRDA:157,69,0,4
BRDA:157,69,1,4
BRDA:166,70,0,0
BRDA:166,70,1,4
BRDA:166,71,0,4
BRDA:166,71,1,4
BRDA:166,72,0,0
BRDA:166,72,1,4
BRDA:166,73,0,4
BRDA:166,73,1,4
BRDA:176,74,0,3
BRDA:176,74,1,1
BRDA:182,75,0,1
BRDA:182,75,1,0
BRDA:183,76,0,1
BRDA:183,76,1,0
BRDA:188,77,0,1
BRDA:188,77,1,0
BRDA:188,78,0,1
BRDA:188,78,1,0
BRDA:189,79,0,0
BRDA:189,79,1,1
BRDA:189,80,0,1
BRDA:189,80,1,1
BRDA:189,81,0,1
BRDA:189,81,1,0
BRDA:189,82,0,1
BRDA:189,82,1,1
BRDA:190,83,0,1
BRDA:190,83,1,0
BRDA:191,84,0,1
BRDA:191,84,1,0
BRDA:195,85,0,0
BRDA:195,85,1,1
BRDA:195,86,0,1
BRDA:195,86,1,1
BRDA:195,87,0,1
BRDA:195,87,1,0
BRDA:195,88,0,1
BRDA:195,88,1,1
BRDA:196,89,0,0
BRDA:196,89,1,1
BRDA:203,90,0,0
BRDA:203,90,1,1
BRDA:204,91,0,0
BRDA:204,91,1,1
BRDA:212,92,0,3
BRDA:212,92,1,1
BRDA:214,93,0,1
BRDA:214,93,1,1
BRDA:217,94,0,0
BRDA:217,94,1,1
BRDA:217,95,0,1
BRDA:217,95,1,0
BRDA:219,96,0,0
BRDA:219,96,1,1
BRDA:219,97,0,0
BRDA:219,97,1,1
BRDA:219,98,0,1
BRDA:219,98,1,1
BRDA:245,99,0,4
BRDA:245,99,1,1
BRDA:245,99,2,0
BRDA:249,100,0,0
BRDA:249,100,1,0
BRDA:250,101,0,0
BRDA:250,101,1,0
BRDA:251,102,0,0
BRDA:251,102,1,0
BRDA:263,103,0,0
BRDA:263,103,1,0
BRDA:264,104,0,0
BRDA:264,104,1,0
BRDA:265,105,0,0
BRDA:265,105,1,0
BRDA:298,106,0,4
BRDA:298,106,1,1
BRDA:298,106,2,0
BRDA:310,107,0,0
BRDA:310,107,1,0
BRDA:311,108,0,0
BRDA:311,108,1,0
BRDA:321,109,0,4
BRDA:321,109,1,1
BRDA:321,109,2,0
BRDA:331,110,0,0
BRDA:331,110,1,0
BRDA:332,111,0,0
BRDA:332,111,1,0
BRDA:341,112,0,4
BRDA:341,112,1,0
BRDA:350,113,0,0
BRDA:350,113,1,0
BRDA:351,114,0,0
BRDA:351,114,1,0
BRDA:363,115,0,4
BRDA:363,115,1,0
BRDA:391,116,0,4
BRDA:391,116,1,0
BRDA:419,117,0,4
BRDA:419,117,1,1
BRDA:419,117,2,0
BRDA:429,118,0,0
BRDA:429,118,1,0
BRDA:451,119,0,0
BRDA:451,119,1,32
BRDA:454,120,0,0
BRDA:454,120,1,32
BRDA:471,121,0,4
BRDA:471,121,1,0
BRDA:471,122,0,4
BRDA:471,122,1,4
BRDA:479,123,0,0
BRDA:479,123,1,0
BRDA:479,124,0,0
BRDA:479,124,1,0
BRDA:480,125,0,0
BRDA:480,125,1,0
BRDA:480,126,0,0
BRDA:480,126,1,0
BRDA:480,127,0,0
BRDA:480,127,1,0
BRDA:480,128,0,0
BRDA:480,128,1,0
BRDA:481,129,0,0
BRDA:481,129,1,0
BRDA:481,130,0,0
BRDA:481,130,1,0
BRDA:481,131,0,0
BRDA:481,131,1,0
BRDA:481,132,0,0
BRDA:481,132,1,0
BRDA:486,133,0,0
BRDA:486,133,1,0
BRDA:487,134,0,0
BRDA:487,134,1,0
BRDA:487,135,0,0
BRDA:487,135,1,0
BRDA:487,136,0,0
BRDA:487,136,1,0
BRDA:487,137,0,0
BRDA:487,137,1,0
BRDA:493,138,0,0
BRDA:493,138,1,0
BRDA:493,139,0,0
BRDA:493,139,1,0
BRDA:493,140,0,0
BRDA:493,140,1,0
BRDA:495,141,0,0
BRDA:495,141,1,0
BRDA:496,142,0,0
BRDA:496,142,1,0
BRDA:500,143,0,0
BRDA:500,143,1,0
BRDA:500,144,0,0
BRDA:500,144,1,0
BRDA:500,145,0,0
BRDA:500,145,1,0
BRDA:501,146,0,0
BRDA:501,146,1,0
BRDA:501,147,0,0
BRDA:501,147,1,0
BRDA:501,148,0,0
BRDA:501,148,1,0
BRDA:502,149,0,0
BRDA:502,149,1,0
BRDA:502,150,0,0
BRDA:502,150,1,0
BRDA:502,151,0,0
BRDA:502,151,1,0
BRDA:503,152,0,0
BRDA:503,152,1,0
BRDA:503,153,0,0
BRDA:503,153,1,0
BRDA:503,154,0,0
BRDA:503,154,1,0
BRDA:517,155,0,1
BRDA:517,155,1,3
BRDA:517,156,0,4
BRDA:517,156,1,4
BRDA:517,157,0,3
BRDA:517,157,1,1
BRDA:517,158,0,4
BRDA:517,158,1,4
BRDA:518,159,0,3
BRDA:518,159,1,1
BRDA:518,160,0,4
BRDA:518,160,1,4
BRDA:526,161,0,4
BRDA:526,161,1,0
BRDA:526,162,0,4
BRDA:526,162,1,0
BRDA:527,163,0,0
BRDA:527,163,1,4
BRDA:528,164,0,0
BRDA:528,164,1,4
BRDA:528,165,0,4
BRDA:528,165,1,4
BRDA:528,166,0,4
BRDA:528,166,1,0
BRDA:528,167,0,4
BRDA:528,167,1,4
BRDA:532,168,0,4
BRDA:532,168,1,16
BRDA:532,169,0,20
BRDA:532,169,1,20
BRDA:543,170,0,4
BRDA:543,170,1,0
BRDA:547,171,0,0
BRDA:547,171,1,0
BRDA:553,172,0,0
BRDA:553,172,1,0
BRDA:554,173,0,0
BRDA:554,173,1,0
BRDA:555,174,0,0
BRDA:555,174,1,0
BRDA:555,175,0,0
BRDA:555,175,1,0
BRDA:555,176,0,0
BRDA:555,176,1,0
BRDA:561,177,0,0
BRDA:561,177,1,0
BRDA:561,178,0,0
BRDA:561,178,1,0
BRF:361
BRH:167
end_of_record
TN:
SF:src/app/dashboard/_components/ExpectedMoveWidget.tsx
FN:23,formatUsd
FN:28,formatPct
FN:33,ExpectedMoveWidget
FN:60,(anonymous_3)
FN:63,(anonymous_4)
FN:69,(anonymous_5)
FN:72,(anonymous_6)
FN:123,(anonymous_7)
FNF:8
FNH:6
FNDA:11,formatUsd
FNDA:4,formatPct
FNDA:4,ExpectedMoveWidget
FNDA:0,(anonymous_3)
FNDA:28,(anonymous_4)
FNDA:0,(anonymous_5)
FNDA:12,(anonymous_6)
FNDA:1,(anonymous_7)
DA:3,1
DA:17,1
DA:24,11
DA:25,5
DA:29,4
DA:30,1
DA:33,1
DA:43,4
DA:45,4
DA:60,0
DA:64,28
DA:69,0
DA:73,12
DA:124,1
LF:14
LH:12
BRDA:24,0,0,6
BRDA:24,1,0,11
BRDA:24,1,1,5
BRDA:24,1,2,5
BRDA:29,2,0,3
BRDA:29,3,0,4
BRDA:29,3,1,1
BRDA:29,3,2,1
BRDA:30,4,0,1
BRDA:30,4,1,0
BRDA:43,5,0,1
BRDA:43,5,1,3
BRDA:82,6,0,3
BRDA:82,6,1,1
BRDA:82,7,0,4
BRDA:82,7,1,4
BRDA:83,8,0,3
BRDA:83,8,1,1
BRDA:83,9,0,4
BRDA:83,9,1,4
BRDA:83,10,0,3
BRDA:83,10,1,1
BRDA:83,11,0,4
BRDA:83,11,1,4
BRDA:89,12,0,1
BRDA:89,12,1,3
BRDA:93,13,0,1
BRDA:93,13,1,3
BRDA:93,14,0,3
BRDA:93,14,1,1
BRDA:93,15,0,4
BRDA:93,15,1,4
BRDA:99,16,0,1
BRDA:99,16,1,3
BRDA:113,17,0,4
BRDA:113,17,1,3
BRDA:118,18,0,4
BRDA:118,18,1,1
BRDA:118,18,2,1
BRDA:118,18,3,0
BRDA:121,19,0,4
BRDA:121,19,1,1
BRDA:121,19,2,1
BRDA:121,19,3,1
BRF:44
BRH:42
end_of_record
TN:
SF:src/app/dashboard/_components/PhaseBWidgets.tsx
FN:8,Panel
FN:57,TokenomicsWidget
FN:60,(anonymous_2)
FN:74,(anonymous_3)
FN:88,SocialWidget
FN:91,(anonymous_5)
FN:105,(anonymous_6)
FN:119,BrvmWidget
FN:122,(anonymous_8)
FN:136,(anonymous_9)
FN:150,SyntheticWidget
FN:153,(anonymous_11)
FN:167,(anonymous_12)
FN:179,MlFeedbackWidget
FN:182,(anonymous_14)
FN:196,(anonymous_15)
FN:210,PhaseBWidgets
FNF:17
FNH:17
FNDA:10,Panel
FNDA:2,TokenomicsWidget
FNDA:1,(anonymous_2)
FNDA:1,(anonymous_3)
FNDA:2,SocialWidget
FNDA:1,(anonymous_5)
FNDA:1,(anonymous_6)
FNDA:2,BrvmWidget
FNDA:1,(anonymous_8)
FNDA:1,(anonymous_9)
FNDA:2,SyntheticWidget
FNDA:1,(anonymous_11)
FNDA:1,(anonymous_12)
FNDA:2,MlFeedbackWidget
FNDA:1,(anonymous_14)
FNDA:1,(anonymous_15)
FNDA:1,PhaseBWidgets
DA:3,1
DA:4,1
DA:5,1
DA:6,1
DA:9,10
DA:58,2
DA:61,1
DA:62,1
DA:66,2
DA:75,1
DA:89,2
DA:92,1
DA:93,1
DA:97,2
DA:105,1
DA:120,2
DA:123,1
DA:124,1
DA:128,2
DA:136,1
DA:151,2
DA:154,1
DA:155,1
DA:159,2
DA:168,1
DA:180,2
DA:183,1
DA:184,1
DA:188,2
DA:196,1
DA:210,1
DA:211,1
LF:32
LH:32
BRDA:68,0,0,1
BRDA:68,0,1,1
BRDA:70,1,0,0
BRDA:70,1,1,1
BRDA:70,2,0,1
BRDA:70,2,1,1
BRDA:78,3,0,1
BRDA:78,3,1,0
BRDA:99,4,0,1
BRDA:99,4,1,1
BRDA:101,5,0,0
BRDA:101,5,1,1
BRDA:101,6,0,1
BRDA:101,6,1,1
BRDA:108,7,0,1
BRDA:108,7,1,0
BRDA:109,8,0,1
BRDA:109,8,1,0
BRDA:109,9,0,1
BRDA:109,9,1,1
BRDA:130,10,0,1
BRDA:130,10,1,1
BRDA:132,11,0,0
BRDA:132,11,1,1
BRDA:132,12,0,1
BRDA:132,12,1,1
BRDA:139,13,0,1
BRDA:139,13,1,0
BRDA:139,14,0,1
BRDA:139,14,1,0
BRDA:139,15,0,1
BRDA:139,15,1,1
BRDA:140,16,0,1
BRDA:140,16,1,0
BRDA:140,17,0,1
BRDA:140,17,1,0
BRDA:140,18,0,1
BRDA:140,18,1,1
BRDA:140,19,0,1
BRDA:140,19,1,0
BRDA:140,20,0,1
BRDA:140,20,1,1
BRDA:161,21,0,1
BRDA:161,21,1,1
BRDA:163,22,0,0
BRDA:163,22,1,1
BRDA:163,23,0,1
BRDA:163,23,1,1
BRDA:190,24,0,1
BRDA:190,24,1,1
BRDA:192,25,0,0
BRDA:192,25,1,1
BRDA:192,26,0,1
BRDA:192,26,1,1
BRDA:198,27,0,1
BRDA:198,27,1,0
BRDA:198,28,0,1
BRDA:198,28,1,1
BRDA:200,29,0,1
BRDA:200,29,1,0
BRDA:200,30,0,1
BRDA:200,30,1,1
BRDA:200,31,0,1
BRDA:200,31,1,0
BRDA:200,32,0,1
BRDA:200,32,1,1
BRDA:200,33,0,0
BRDA:200,33,1,0
BRDA:200,34,0,0
BRDA:200,34,1,0
BRDA:197,35,0,1
BRDA:197,35,1,0
BRDA:197,36,0,1
BRDA:197,36,1,1
BRF:74
BRH:53
end_of_record
TN:
SF:src/app/early-alpha/page.tsx
FN:34,(anonymous_0)
FN:37,(anonymous_1)
FN:43,(anonymous_2)
FN:49,EarlyAlphaPage
FN:56,(anonymous_4)
FN:61,(anonymous_5)
FN:84,(anonymous_6)
FN:97,(anonymous_7)
FN:104,(anonymous_8)
FN:125,(anonymous_9)
FN:138,(anonymous_10)
FN:154,(anonymous_11)
FNF:12
FNH:10
FNDA:16,(anonymous_0)
FNDA:6,(anonymous_1)
FNDA:4,(anonymous_2)
FNDA:7,EarlyAlphaPage
FNDA:4,(anonymous_4)
FNDA:3,(anonymous_5)
FNDA:1,(anonymous_6)
FNDA:0,(anonymous_7)
FNDA:0,(anonymous_8)
FNDA:6,(anonymous_9)
FNDA:6,(anonymous_10)
FNDA:4,(anonymous_11)
DA:2,1
DA:3,1
DA:4,1
DA:5,1
DA:6,1
DA:34,1
DA:35,16
DA:37,1
DA:38,6
DA:39,6
DA:40,3
DA:43,1
DA:44,4
DA:45,3
DA:46,0
DA:49,1
DA:50,7
DA:51,7
DA:52,7
DA:54,7
DA:56,4
DA:59,7
DA:61,3
DA:64,7
DA:65,7
DA:67,7
DA:84,1
DA:97,0
DA:104,0
DA:126,6
DA:139,6
DA:155,4
LF:32
LH:29
BRDA:38,0,0,0
BRDA:39,1,0,3
BRDA:44,2,0,1
BRDA:45,3,0,3
BRDA:64,4,0,3
BRDA:64,4,1,4
BRDA:64,5,0,7
BRDA:64,5,1,7
BRDA:64,6,0,4
BRDA:64,6,1,3
BRDA:64,7,0,7
BRDA:64,7,1,7
BRDA:65,8,0,4
BRDA:65,8,1,3
BRDA:65,9,0,7
BRDA:65,9,1,7
BRDA:65,10,0,3
BRDA:65,10,1,4
BRDA:65,11,0,7
BRDA:65,11,1,7
BRDA:122,12,0,7
BRDA:122,12,1,4
BRDA:123,13,0,7
BRDA:123,13,1,3
BRDA:123,13,2,0
BRDA:151,14,0,7
BRDA:151,14,1,3
BRDA:152,15,0,7
BRDA:152,15,1,4
BRDA:152,15,2,0
BRDA:167,16,0,4
BRDA:167,16,1,0
BRDA:168,17,0,4
BRDA:168,17,1,0
BRDA:185,18,0,4
BRDA:185,18,1,1
BRF:36
BRH:31
end_of_record
TN:
SF:src/app/economic-calendar/page.tsx
FN:20,ImpactBadge
FN:41,EconomicCalendarPage
FN:46,(anonymous_2)
FN:50,(anonymous_3)
FN:52,(anonymous_4)
FN:59,(anonymous_5)
FN:62,(anonymous_6)
FN:63,(anonymous_7)
FN:87,(anonymous_8)
FN:90,(anonymous_9)
FN:102,(anonymous_10)
FN:128,(anonymous_11)
FNF:12
FNH:11
FNDA:7,ImpactBadge
FNDA:5,EconomicCalendarPage
FNDA:2,(anonymous_2)
FNDA:5,(anonymous_3)
FNDA:9,(anonymous_4)
FNDA:4,(anonymous_5)
FNDA:6,(anonymous_6)
FNDA:6,(anonymous_7)
FNDA:9,(anonymous_8)
FNDA:0,(anonymous_9)
FNDA:1,(anonymous_10)
FNDA:7,(anonymous_11)
DA:2,1
DA:3,1
DA:4,1
DA:5,1
DA:6,1
DA:7,1
DA:21,7
DA:26,7
DA:33,1
DA:41,1
DA:42,5
DA:43,5
DA:44,5
DA:46,2
DA:50,5
DA:51,5
DA:52,3
DA:53,9
DA:54,9
DA:55,9
DA:59,5
DA:60,4
DA:61,2
DA:62,6
DA:63,6
DA:67,5
DA:68,2
DA:75,3
DA:88,9
DA:90,0
DA:102,1
DA:129,7
LF:32
LH:31
BRDA:27,0,0,7
BRDA:27,0,1,0
BRDA:27,1,0,7
BRDA:27,1,1,7
BRDA:51,2,0,2
BRDA:53,3,0,9
BRDA:53,3,1,0
BRDA:54,4,0,9
BRDA:54,4,1,3
BRDA:55,5,0,9
BRDA:55,5,1,9
BRDA:60,6,0,2
BRDA:67,7,0,2
BRDA:92,8,0,3
BRDA:92,8,1,6
BRDA:97,9,0,3
BRDA:97,9,1,6
BRDA:97,10,0,3
BRDA:97,10,1,3
BRDA:124,11,0,3
BRDA:124,11,1,0
BRDA:137,12,0,7
BRDA:137,12,1,7
BRDA:137,12,2,7
BRF:24
BRH:21
end_of_record
TN:
SF:src/app/features/page.tsx
FN:36,TrendIcon
FN:42,FeaturesPage
FN:60,(anonymous_2)
FN:66,(anonymous_3)
FN:71,(anonymous_4)
FN:72,(anonymous_5)
FN:79,(anonymous_6)
FN:80,(anonymous_7)
FN:94,(anonymous_8)
FN:149,(anonymous_9)
FN:154,(anonymous_10)
FN:179,(anonymous_11)
FN:196,(anonymous_12)
FN:208,(anonymous_13)
FN:208,(anonymous_14)
FN:216,(anonymous_15)
FNF:16
FNH:7
FNDA:1,TrendIcon
FNDA:2,FeaturesPage
FNDA:1,(anonymous_2)
FNDA:1,(anonymous_3)
FNDA:0,(anonymous_4)
FNDA:0,(anonymous_5)
FNDA:0,(anonymous_6)
FNDA:0,(anonymous_7)
FNDA:2,(anonymous_8)
FNDA:0,(anonymous_9)
FNDA:0,(anonymous_10)
FNDA:3,(anonymous_11)
FNDA:9,(anonymous_12)
FNDA:0,(anonymous_13)
FNDA:0,(anonymous_14)
FNDA:0,(anonymous_15)
DA:2,1
DA:3,1
DA:4,1
DA:5,1
DA:6,1
DA:7,1
DA:8,1
DA:24,1
DA:37,1
DA:42,1
DA:43,2
DA:44,2
DA:45,2
DA:56,2
DA:58,2
DA:60,1
DA:64,2
DA:66,1
DA:70,2
DA:71,0
DA:73,0
DA:74,0
DA:78,2
DA:79,0
DA:80,0
DA:83,2
DA:85,2
DA:86,1
DA:93,1
DA:94,2
DA:97,1
DA:149,0
DA:154,0
DA:180,3
DA:197,9
DA:208,0
DA:216,0
LF:37
LH:28
BRDA:71,0,0,0
BRDA:71,0,1,0
BRDA:83,1,0,2
BRDA:83,1,1,1
BRDA:85,2,0,1
BRDA:93,3,0,1
BRDA:93,3,1,0
BRDA:93,4,0,0
BRDA:93,4,1,1
BRDA:93,5,0,1
BRDA:93,5,1,1
BRDA:111,6,0,1
BRDA:111,6,1,0
BRDA:111,7,0,0
BRDA:111,7,1,1
BRDA:111,8,0,1
BRDA:111,8,1,1
BRDA:116,9,0,1
BRDA:116,9,1,0
BRDA:116,10,0,0
BRDA:116,10,1,1
BRDA:116,11,0,1
BRDA:116,11,1,1
BRDA:125,12,0,1
BRDA:125,12,1,0
BRDA:125,13,0,0
BRDA:125,13,1,1
BRDA:125,14,0,1
BRDA:125,14,1,1
BRDA:134,15,0,1
BRDA:134,15,1,0
BRDA:134,16,0,1
BRDA:134,16,1,1
BRDA:134,17,0,0
BRDA:134,17,1,1
BRDA:134,18,0,1
BRDA:134,18,1,1
BRDA:158,19,0,0
BRDA:158,19,1,1
BRDA:163,20,0,1
BRDA:163,20,1,0
BRDA:164,21,0,0
BRDA:164,21,1,0
BRDA:165,22,0,0
BRDA:165,22,1,0
BRDA:175,23,0,0
BRDA:175,23,1,1
BRDA:206,24,0,1
BRDA:206,24,1,8
BRDA:206,25,0,9
BRDA:206,25,1,9
BRDA:208,26,0,0
BRDA:208,26,1,0
BRDA:217,27,0,1
BRDA:217,27,1,1
BRDA:217,28,0,0
BRDA:217,28,1,1
BRDA:217,29,0,1
BRDA:217,29,1,1
BRDA:220,30,0,0
BRDA:220,30,1,1
BRDA:223,31,0,1
BRDA:223,31,1,0
BRDA:226,32,0,0
BRDA:226,32,1,0
BRDA:226,33,0,0
BRDA:226,33,1,0
BRF:67
BRH:39
end_of_record
TN:
SF:src/app/memory/page.tsx
FN:37,OutcomeBadge
FN:46,MemoryPage
FN:49,(anonymous_2)
FN:50,(anonymous_3)
FN:54,(anonymous_4)
FN:81,(anonymous_5)
FN:89,(anonymous_6)
FN:101,(anonymous_7)
FN:107,(anonymous_8)
FN:107,(anonymous_9)
FN:115,(anonymous_10)
FN:142,(anonymous_11)
FNF:12
FNH:8
FNDA:1,OutcomeBadge
FNDA:2,MemoryPage
FNDA:1,(anonymous_2)
FNDA:12,(anonymous_3)
FNDA:1,(anonymous_4)
FNDA:0,(anonymous_5)
FNDA:0,(anonymous_6)
FNDA:24,(anonymous_7)
FNDA:0,(anonymous_8)
FNDA:0,(anonymous_9)
FNDA:1,(anonymous_10)
FNDA:1,(anonymous_11)
DA:2,1
DA:3,1
DA:4,1
DA:5,1
DA:6,1
DA:7,1
DA:22,1
DA:38,1
DA:43,1
DA:46,1
DA:47,2
DA:48,2
DA:49,2
DA:50,12
DA:53,2
DA:55,1
DA:63,2
DA:81,0
DA:89,0
DA:102,24
DA:107,0
DA:115,1
DA:142,1
LF:23
LH:20
BRDA:38,0,0,1
BRDA:38,0,1,0
BRDA:40,1,0,0
BRDA:40,1,1,0
BRDA:56,2,0,1
BRDA:56,2,1,0
BRDA:57,3,0,1
BRDA:57,3,1,1
BRDA:107,4,0,0
BRDA:107,4,1,0
BRDA:119,5,0,0
BRDA:119,5,1,2
BRDA:129,6,0,2
BRDA:129,6,1,0
BRDA:130,7,0,2
BRDA:130,7,1,1
BRDA:138,8,0,1
BRDA:138,8,1,0
BRDA:148,9,0,1
BRDA:148,9,1,0
BRDA:150,10,0,0
BRDA:150,10,1,0
BRDA:173,11,0,1
BRDA:173,11,1,0
BRDA:173,12,0,1
BRDA:173,12,1,1
BRF:26
BRH:13
end_of_record
TN:
SF:src/app/onchain/page.tsx
FN:23,Metric
FN:38,OnChainPage
FN:41,(anonymous_2)
FN:46,(anonymous_3)
FNF:4
FNH:4
FNDA:8,Metric
FNDA:2,OnChainPage
FNDA:1,(anonymous_2)
FNDA:1,(anonymous_3)
DA:2,1
DA:3,1
DA:4,1
DA:5,1
DA:6,1
DA:24,8
DA:38,1
DA:39,2
DA:41,1
DA:44,2
DA:46,1
DA:50,2
DA:51,1
DA:58,1
LF:14
LH:14
BRDA:32,0,0,8
BRDA:32,0,1,1
BRDA:50,1,0,1
BRDA:50,2,0,2
BRDA:50,2,1,1
BRDA:74,3,0,1
BRDA:74,3,1,0
BRDA:91,4,0,1
BRDA:91,4,1,0
BRF:9
BRH:7
end_of_record
TN:
SF:src/app/patterns/page.tsx
FN:14,PatternsPage
FN:19,(anonymous_1)
FN:24,(anonymous_2)
FN:46,(anonymous_3)
FN:49,(anonymous_4)
FNF:5
FNH:4
FNDA:3,PatternsPage
FNDA:1,(anonymous_1)
FNDA:1,(anonymous_2)
FNDA:0,(anonymous_3)
FNDA:15,(anonymous_4)
DA:3,1
DA:4,1
DA:5,1
DA:6,1
DA:7,1
DA:8,1
DA:10,1
DA:12,1
DA:14,1
DA:15,3
DA:17,3
DA:19,1
DA:22,3
DA:24,1
DA:28,3
DA:46,0
DA:50,15
LF:17
LH:16
BRDA:24,0,0,1
BRDA:24,0,1,0
BRDA:56,1,0,2
BRDA:56,1,1,1
BRDA:56,2,0,3
BRDA:56,2,1,2
BRDA:66,3,0,1
BRDA:66,3,1,0
BRDA:66,4,0,1
BRDA:66,4,1,1
BRDA:66,5,0,0
BRDA:66,5,1,1
BRDA:66,6,0,1
BRDA:66,6,1,1
BRDA:68,7,0,1
BRDA:68,7,1,0
BRDA:82,8,0,1
BRDA:82,8,1,0
BRDA:82,9,0,1
BRDA:82,9,1,1
BRDA:82,10,0,0
BRDA:82,10,1,1
BRDA:82,11,0,1
BRDA:82,11,1,1
BRF:24
BRH:18
end_of_record
TN:
SF:src/app/performance/page.tsx
FN:17,(anonymous_10)
FN:17,(anonymous_11)
FN:17,(anonymous_12)
FN:18,(anonymous_13)
FN:21,PerformancePage
FN:26,(anonymous_15)
FN:31,(anonymous_16)
FN:35,(anonymous_17)
FN:40,(anonymous_18)
FN:41,(anonymous_19)
FN:42,(anonymous_20)
FN:43,(anonymous_21)
FN:44,(anonymous_22)
FN:45,(anonymous_23)
FN:46,(anonymous_24)
FN:47,(anonymous_25)
FN:48,(anonymous_26)
FN:54,(anonymous_27)
FN:72,(anonymous_28)
FN:74,(anonymous_29)
FN:75,(anonymous_30)
FN:76,(anonymous_31)
FN:78,(anonymous_32)
FN:79,(anonymous_33)
FN:80,(anonymous_34)
FN:89,(anonymous_35)
FN:92,(anonymous_36)
FN:97,(anonymous_37)
FN:98,(anonymous_38)
FN:102,(anonymous_39)
FN:150,(anonymous_40)
FN:154,(anonymous_41)
FN:163,(anonymous_42)
FN:220,MetricCard
FN:236,StatRow
FN:245,TradeCard
FN:252,(anonymous_46)
FNF:37
FNH:24
FNDA:1,(anonymous_10)
FNDA:1,(anonymous_11)
FNDA:1,(anonymous_12)
FNDA:1,(anonymous_13)
FNDA:6,PerformancePage
FNDA:2,(anonymous_15)
FNDA:2,(anonymous_16)
FNDA:0,(anonymous_17)
FNDA:0,(anonymous_18)
FNDA:0,(anonymous_19)
FNDA:0,(anonymous_20)
FNDA:0,(anonymous_21)
FNDA:0,(anonymous_22)
FNDA:0,(anonymous_23)
FNDA:0,(anonymous_24)
FNDA:0,(anonymous_25)
FNDA:0,(anonymous_26)
FNDA:0,(anonymous_27)
FNDA:4,(anonymous_28)
FNDA:3,(anonymous_29)
FNDA:3,(anonymous_30)
FNDA:3,(anonymous_31)
FNDA:3,(anonymous_32)
FNDA:3,(anonymous_33)
FNDA:0,(anonymous_34)
FNDA:1,(anonymous_35)
FNDA:3,(anonymous_36)
FNDA:3,(anonymous_37)
FNDA:3,(anonymous_38)
FNDA:3,(anonymous_39)
FNDA:0,(anonymous_40)
FNDA:4,(anonymous_41)
FNDA:16,(anonymous_42)
FNDA:8,MetricCard
FNDA:8,StatRow
FNDA:6,TradeCard
FNDA:1,(anonymous_46)
DA:2,1
DA:3,1
DA:4,1
DA:5,1
DA:6,1
DA:8,1
DA:13,1
DA:14,1
DA:16,1
DA:17,1
DA:18,1
DA:21,1
DA:22,6
DA:24,6
DA:26,2
DA:29,6
DA:31,2
DA:35,6
DA:36,0
DA:37,0
DA:40,0
DA:41,0
DA:42,0
DA:43,0
DA:44,0
DA:45,0
DA:46,0
DA:47,0
DA:48,0
DA:54,6
DA:55,0
DA:56,0
DA:72,6
DA:73,4
DA:74,3
DA:75,3
DA:76,3
DA:78,3
DA:79,3
DA:80,2
DA:81,2
DA:83,2
DA:84,2
DA:85,2
DA:89,2
DA:90,2
DA:91,2
DA:92,2
DA:93,3
DA:94,3
DA:97,3
DA:98,3
DA:100,2
DA:101,2
DA:102,2
DA:103,3
DA:104,3
DA:105,3
DA:108,2
DA:123,6
DA:150,0
DA:155,4
DA:164,16
DA:221,8
DA:237,8
DA:246,6
DA:247,6
DA:248,6
DA:249,6
DA:250,6
DA:252,6
DA:253,1
DA:254,0
DA:255,0
DA:257,1
DA:258,1
DA:259,1
DA:260,1
DA:262,0
DA:264,1
DA:265,1
DA:268,6
LF:82
LH:65
BRDA:36,0,0,0
BRDA:36,1,0,0
BRDA:36,1,1,0
BRDA:36,2,0,0
BRDA:36,2,1,0
BRDA:40,3,0,0
BRDA:40,3,1,0
BRDA:40,4,0,0
BRDA:40,4,1,0
BRDA:40,5,0,0
BRDA:40,5,1,0
BRDA:40,6,0,0
BRDA:40,6,1,0
BRDA:44,7,0,0
BRDA:44,7,1,0
BRDA:44,8,0,0
BRDA:44,8,1,0
BRDA:45,9,0,0
BRDA:45,9,1,0
BRDA:45,10,0,0
BRDA:45,10,1,0
BRDA:46,11,0,0
BRDA:46,11,1,0
BRDA:46,12,0,0
BRDA:46,12,1,0
BRDA:47,13,0,0
BRDA:47,13,1,0
BRDA:48,14,0,0
BRDA:48,14,1,0
BRDA:55,15,0,0
BRDA:55,16,0,0
BRDA:55,16,1,0
BRDA:55,17,0,0
BRDA:55,17,1,0
BRDA:55,18,0,0
BRDA:55,18,1,0
BRDA:61,19,0,0
BRDA:61,19,1,0
BRDA:73,20,0,2
BRDA:74,21,0,2
BRDA:74,21,1,0
BRDA:74,22,0,2
BRDA:74,22,1,2
BRDA:75,23,0,3
BRDA:75,23,1,0
BRDA:75,24,0,3
BRDA:75,24,1,3
BRDA:76,25,0,3
BRDA:76,25,1,0
BRDA:76,26,0,3
BRDA:76,26,1,3
BRDA:78,27,0,3
BRDA:78,27,1,0
BRDA:78,28,0,3
BRDA:78,28,1,3
BRDA:79,29,0,3
BRDA:79,29,1,0
BRDA:79,30,0,3
BRDA:79,30,1,3
BRDA:80,31,0,0
BRDA:80,31,1,0
BRDA:80,32,0,0
BRDA:80,32,1,0
BRDA:81,33,0,0
BRDA:81,33,1,2
BRDA:81,34,0,2
BRDA:81,34,1,0
BRDA:83,35,0,2
BRDA:83,35,1,0
BRDA:84,36,0,0
BRDA:84,36,1,2
BRDA:85,37,0,2
BRDA:85,37,1,0
BRDA:89,38,0,1
BRDA:89,38,1,0
BRDA:89,39,0,1
BRDA:89,39,1,1
BRDA:89,40,0,1
BRDA:89,40,1,0
BRDA:89,41,0,1
BRDA:89,41,1,1
BRDA:93,42,0,3
BRDA:93,42,1,0
BRDA:93,43,0,3
BRDA:93,43,1,3
BRDA:97,44,0,2
BRDA:97,44,1,0
BRDA:97,45,0,0
BRDA:97,45,1,3
BRDA:97,46,0,3
BRDA:97,46,1,0
BRDA:97,47,0,3
BRDA:97,47,1,3
BRDA:97,48,0,3
BRDA:97,48,1,0
BRDA:97,49,0,3
BRDA:97,49,1,3
BRDA:98,50,0,2
BRDA:98,50,1,0
BRDA:98,51,0,0
BRDA:98,51,1,3
BRDA:98,52,0,3
BRDA:98,52,1,0
BRDA:98,53,0,3
BRDA:98,53,1,3
BRDA:98,54,0,3
BRDA:98,54,1,0
BRDA:98,55,0,3
BRDA:98,55,1,3
BRDA:103,56,0,3
BRDA:105,57,0,0
BRDA:136,58,0,4
BRDA:136,58,1,2
BRDA:136,59,0,6
BRDA:136,59,1,6
BRDA:136,60,0,4
BRDA:136,60,1,2
BRDA:136,61,0,6
BRDA:136,61,1,6
BRDA:143,62,0,4
BRDA:143,62,1,2
BRDA:143,63,0,6
BRDA:143,63,1,6
BRDA:143,64,0,4
BRDA:143,64,1,2
BRDA:143,65,0,6
BRDA:143,65,1,6
BRDA:154,66,0,2
BRDA:154,66,1,4
BRDA:154,67,0,6
BRDA:154,67,1,6
BRDA:161,68,0,4
BRDA:161,68,1,2
BRDA:170,69,0,2
BRDA:170,69,1,0
BRDA:171,70,0,2
BRDA:171,70,1,0
BRDA:171,71,0,2
BRDA:171,71,1,0
BRDA:171,72,0,2
BRDA:171,72,1,0
BRDA:172,73,0,2
BRDA:172,73,1,0
BRDA:172,74,0,2
BRDA:172,74,1,0
BRDA:172,75,0,0
BRDA:172,75,1,0
BRDA:172,76,0,2
BRDA:172,76,1,0
BRDA:173,77,0,2
BRDA:173,77,1,0
BRDA:181,78,0,1
BRDA:181,78,1,1
BRDA:198,79,0,0
BRDA:198,79,1,2
BRDA:199,80,0,2
BRDA:199,80,1,0
BRDA:199,81,0,2
BRDA:199,81,1,2
BRDA:199,82,0,0
BRDA:199,82,1,2
BRDA:199,83,0,2
BRDA:199,83,1,2
BRDA:199,84,0,2
BRDA:199,84,1,0
BRDA:199,85,0,2
BRDA:199,85,1,2
BRDA:199,86,0,0
BRDA:199,86,1,2
BRDA:199,87,0,2
BRDA:199,87,1,2
BRDA:203,88,0,2
BRDA:203,88,1,0
BRDA:203,88,2,2
BRDA:205,89,0,2
BRDA:205,89,1,2
BRDA:208,90,0,2
BRDA:208,90,1,2
BRDA:225,91,0,8
BRDA:225,91,1,0
BRDA:228,92,0,8
BRDA:228,92,1,0
BRDA:229,93,0,8
BRDA:229,93,1,0
BRDA:240,94,0,6
BRDA:240,94,1,2
BRDA:246,95,0,6
BRDA:246,95,1,0
BRDA:246,96,0,6
BRDA:246,96,1,6
BRDA:247,97,0,6
BRDA:247,97,1,0
BRDA:247,98,0,6
BRDA:247,98,1,6
BRDA:253,99,0,0
BRDA:260,100,0,1
BRDA:260,100,1,0
BRDA:269,101,0,2
BRDA:269,101,1,4
BRDA:270,102,0,2
BRDA:270,102,1,4
BRDA:272,103,0,6
BRDA:272,103,1,0
BRDA:272,104,0,6
BRDA:272,104,1,6
BRDA:272,105,0,0
BRDA:272,105,1,6
BRDA:272,106,0,6
BRDA:272,106,1,6
BRDA:273,107,0,6
BRDA:273,107,1,0
BRDA:274,108,0,6
BRDA:274,108,1,0
BRDA:280,109,0,6
BRDA:280,109,1,0
BRDA:281,110,0,6
BRDA:281,110,1,0
BRDA:289,111,0,1
BRDA:289,111,1,5
BRDA:289,112,0,1
BRDA:289,112,1,4
BRDA:290,113,0,1
BRDA:290,113,1,5
BRDA:292,114,0,6
BRDA:292,114,1,1
BRF:225
BRH:132
end_of_record
TN:
SF:src/app/phase-b/page.tsx
FN:6,PhaseBPage
FNF:1
FNH:1
FNDA:1,PhaseBPage
DA:3,1
DA:4,1
DA:6,1
DA:7,1
LF:4
LH:4
BRF:0
BRH:0
end_of_record
TN:
SF:src/app/portfolio/page.tsx
FN:24,PnlBadge
FN:30,ErrorBox
FN:46,PortfolioPage
FN:71,(anonymous_4)
FN:83,(anonymous_5)
FN:94,(anonymous_6)
FN:101,(anonymous_7)
FN:108,(anonymous_8)
FN:114,(anonymous_9)
FN:116,(anonymous_10)
FN:119,(anonymous_11)
FN:120,(anonymous_12)
FN:138,(anonymous_13)
FN:140,(anonymous_14)
FN:144,(anonymous_15)
FN:148,(anonymous_16)
FN:153,(anonymous_17)
FN:161,(anonymous_18)
FN:163,(anonymous_19)
FN:168,(anonymous_20)
FN:172,(anonymous_21)
FN:177,(anonymous_22)
FN:183,(anonymous_23)
FN:184,(anonymous_24)
FN:190,(anonymous_25)
FN:192,(anonymous_26)
FN:193,(anonymous_27)
FN:198,(anonymous_28)
FN:199,(anonymous_29)
FN:206,(anonymous_30)
FN:236,(anonymous_31)
FN:242,(anonymous_32)
FN:243,(anonymous_33)
FN:256,(anonymous_34)
FN:267,(anonymous_35)
FN:271,(anonymous_36)
FN:277,(anonymous_37)
FN:281,(anonymous_38)
FN:281,(anonymous_39)
FN:297,(anonymous_40)
FN:300,(anonymous_41)
FN:333,(anonymous_42)
FN:333,(anonymous_43)
FN:335,(anonymous_44)
FN:340,(anonymous_45)
FN:340,(anonymous_46)
FN:348,(anonymous_47)
FN:356,(anonymous_48)
FN:361,(anonymous_49)
FN:361,(anonymous_50)
FN:368,(anonymous_51)
FN:368,(anonymous_52)
FN:378,(anonymous_53)
FN:378,(anonymous_54)
FN:414,(anonymous_55)
FN:433,(anonymous_56)
FN:490,(anonymous_57)
FN:501,(anonymous_58)
FN:523,(anonymous_59)
FN:536,(anonymous_60)
FN:536,(anonymous_61)
FN:540,(anonymous_62)
FN:566,(anonymous_63)
FN:593,(anonymous_64)
FN:624,(anonymous_65)
FN:635,(anonymous_66)
FN:660,(anonymous_67)
FN:660,(anonymous_68)
FN:670,(anonymous_69)
FN:671,(anonymous_70)
FN:682,(anonymous_71)
FN:682,(anonymous_72)
FN:687,(anonymous_73)
FN:687,(anonymous_74)
FN:700,(anonymous_75)
FN:711,(anonymous_76)
FN:733,(anonymous_77)
FN:758,(anonymous_78)
FN:790,(anonymous_79)
FN:811,(anonymous_80)
FN:812,(anonymous_81)
FN:819,(anonymous_82)
FN:838,(anonymous_83)
FNF:83
FNH:22
FNDA:10,PnlBadge
FNDA:0,ErrorBox
FNDA:14,PortfolioPage
FNDA:0,(anonymous_4)
FNDA:0,(anonymous_5)
FNDA:4,(anonymous_6)
FNDA:4,(anonymous_7)
FNDA:8,(anonymous_8)
FNDA:42,(anonymous_9)
FNDA:0,(anonymous_10)
FNDA:0,(anonymous_11)
FNDA:0,(anonymous_12)
FNDA:0,(anonymous_13)
FNDA:0,(anonymous_14)
FNDA:0,(anonymous_15)
FNDA:0,(anonymous_16)
FNDA:0,(anonymous_17)
FNDA:1,(anonymous_18)
FNDA:1,(anonymous_19)
FNDA:0,(anonymous_20)
FNDA:0,(anonymous_21)
FNDA:1,(anonymous_22)
FNDA:0,(anonymous_23)
FNDA:0,(anonymous_24)
FNDA:1,(anonymous_25)
FNDA:1,(anonymous_26)
FNDA:1,(anonymous_27)
FNDA:0,(anonymous_28)
FNDA:0,(anonymous_29)
FNDA:0,(anonymous_30)
FNDA:6,(anonymous_31)
FNDA:0,(anonymous_32)
FNDA:0,(anonymous_33)
FNDA:56,(anonymous_34)
FNDA:0,(anonymous_35)
FNDA:1,(anonymous_36)
FNDA:0,(anonymous_37)
FNDA:0,(anonymous_38)
FNDA:0,(anonymous_39)
FNDA:0,(anonymous_40)
FNDA:0,(anonymous_41)
FNDA:0,(anonymous_42)
FNDA:0,(anonymous_43)
FNDA:0,(anonymous_44)
FNDA:0,(anonymous_45)
FNDA:0,(anonymous_46)
FNDA:0,(anonymous_47)
FNDA:0,(anonymous_48)
FNDA:0,(anonymous_49)
FNDA:0,(anonymous_50)
FNDA:0,(anonymous_51)
FNDA:0,(anonymous_52)
FNDA:0,(anonymous_53)
FNDA:0,(anonymous_54)
FNDA:130,(anonymous_55)
FNDA:6,(anonymous_56)
FNDA:1,(anonymous_57)
FNDA:0,(anonymous_58)
FNDA:1,(anonymous_59)
FNDA:0,(anonymous_60)
FNDA:0,(anonymous_61)
FNDA:0,(anonymous_62)
FNDA:6,(anonymous_63)
FNDA:0,(anonymous_64)
FNDA:0,(anonymous_65)
FNDA:0,(anonymous_66)
FNDA:0,(anonymous_67)
FNDA:0,(anonymous_68)
FNDA:1,(anonymous_69)
FNDA:0,(anonymous_70)
FNDA:0,(anonymous_71)
FNDA:0,(anonymous_72)
FNDA:0,(anonymous_73)
FNDA:0,(anonymous_74)
FNDA:8,(anonymous_75)
FNDA:0,(anonymous_76)
FNDA:0,(anonymous_77)
FNDA:0,(anonymous_78)
FNDA:0,(anonymous_79)
FNDA:0,(anonymous_80)
FNDA:0,(anonymous_81)
FNDA:0,(anonymous_82)
FNDA:0,(anonymous_83)
DA:2,1
DA:3,1
DA:4,1
DA:8,1
DA:9,1
DA:10,1
DA:11,1
DA:14,1
DA:25,10
DA:26,10
DA:27,10
DA:31,0
DA:44,1
DA:46,1
DA:47,14
DA:48,14
DA:49,14
DA:50,14
DA:60,14
DA:61,14
DA:62,14
DA:63,14
DA:64,14
DA:65,14
DA:66,14
DA:67,14
DA:69,14
DA:71,14
DA:72,0
DA:73,0
DA:74,0
DA:75,0
DA:82,0
DA:83,0
DA:89,0
DA:92,14
DA:94,4
DA:97,14
DA:99,14
DA:101,4
DA:106,14
DA:108,8
DA:114,42
DA:116,14
DA:118,14
DA:119,0
DA:121,0
DA:122,0
DA:123,0
DA:124,0
DA:137,14
DA:139,0
DA:141,0
DA:142,0
DA:143,0
DA:144,0
DA:146,0
DA:149,0
DA:150,0
DA:154,0
DA:155,0
DA:156,0
DA:160,14
DA:162,1
DA:164,1
DA:165,1
DA:166,1
DA:167,0
DA:168,0
DA:170,1
DA:173,0
DA:174,0
DA:178,1
DA:182,14
DA:183,0
DA:185,0
DA:189,14
DA:191,1
DA:193,1
DA:197,14
DA:198,0
DA:200,0
DA:201,0
DA:202,0
DA:206,14
DA:207,0
DA:208,0
DA:209,0
DA:210,0
DA:211,0
DA:212,0
DA:213,0
DA:214,0
DA:215,0
DA:216,0
DA:218,0
DA:231,14
DA:232,14
DA:233,14
DA:234,14
DA:236,14
DA:238,14
DA:242,0
DA:243,0
DA:257,56
DA:267,0
DA:271,1
DA:277,0
DA:281,0
DA:297,0
DA:300,0
DA:333,0
DA:335,0
DA:340,0
DA:348,0
DA:357,0
DA:361,0
DA:368,0
DA:378,0
DA:415,130
DA:434,6
DA:435,6
DA:436,6
DA:437,6
DA:438,6
DA:439,6
DA:440,6
DA:441,6
DA:444,6
DA:490,1
DA:501,0
DA:523,1
DA:536,0
DA:540,0
DA:567,6
DA:568,6
DA:569,6
DA:570,6
DA:571,6
DA:572,6
DA:573,6
DA:574,6
DA:577,6
DA:593,0
DA:624,0
DA:635,0
DA:660,0
DA:671,1
DA:672,1
DA:673,1
DA:674,1
DA:682,0
DA:687,0
DA:701,8
DA:712,0
DA:713,0
DA:714,0
DA:733,0
DA:759,0
DA:760,0
DA:761,0
DA:790,0
DA:811,0
DA:812,0
DA:819,0
DA:838,0
LF:166
LH:85
BRDA:14,0,0,1
BRDA:14,0,1,1
BRDA:25,1,0,10
BRDA:25,1,1,0
BRDA:25,2,0,10
BRDA:25,2,1,10
BRDA:26,3,0,1
BRDA:26,3,1,9
BRDA:26,4,0,0
BRDA:26,4,1,9
BRDA:27,5,0,10
BRDA:27,5,1,0
BRDA:35,6,0,0
BRDA:35,6,1,0
BRDA:72,7,0,0
BRDA:72,8,0,0
BRDA:72,8,1,0
BRDA:72,8,2,0
BRDA:97,9,0,4
BRDA:97,9,1,10
BRDA:97,10,0,14
BRDA:97,10,1,14
BRDA:100,11,0,4
BRDA:100,11,1,10
BRDA:100,12,0,14
BRDA:100,12,1,14
BRDA:102,13,0,4
BRDA:102,13,1,10
BRDA:102,14,0,14
BRDA:102,14,1,14
BRDA:107,15,0,4
BRDA:107,15,1,10
BRDA:107,16,0,14
BRDA:107,16,1,14
BRDA:116,17,0,14
BRDA:116,17,1,0
BRDA:116,18,0,14
BRDA:116,18,1,14
BRDA:116,19,0,0
BRDA:116,19,1,14
BRDA:116,20,0,14
BRDA:116,20,1,14
BRDA:143,21,0,0
BRDA:149,22,0,0
BRDA:149,23,0,0
BRDA:149,23,1,0
BRDA:149,24,0,0
BRDA:149,24,1,0
BRDA:166,25,0,0
BRDA:168,26,0,0
BRDA:168,26,1,0
BRDA:168,27,0,0
BRDA:168,27,1,0
BRDA:168,28,0,0
BRDA:168,28,1,0
BRDA:173,29,0,0
BRDA:173,30,0,0
BRDA:173,30,1,0
BRDA:173,31,0,0
BRDA:173,31,1,0
BRDA:185,32,0,0
BRDA:185,32,1,0
BRDA:185,33,0,0
BRDA:185,33,1,0
BRDA:209,34,0,0
BRDA:214,35,0,0
BRDA:224,36,0,0
BRDA:224,36,1,0
BRDA:225,37,0,0
BRDA:225,37,1,0
BRDA:231,38,0,10
BRDA:231,38,1,4
BRDA:232,39,0,10
BRDA:232,39,1,4
BRDA:233,40,0,6
BRDA:233,40,1,8
BRDA:233,41,0,14
BRDA:233,41,1,14
BRDA:233,42,0,8
BRDA:233,42,1,6
BRDA:233,43,0,14
BRDA:233,43,1,14
BRDA:234,44,0,10
BRDA:234,44,1,4
BRDA:236,45,0,6
BRDA:236,45,1,8
BRDA:236,46,0,14
BRDA:236,46,1,14
BRDA:236,47,0,8
BRDA:236,47,1,6
BRDA:236,48,0,14
BRDA:236,48,1,14
BRDA:236,49,0,6
BRDA:236,49,1,0
BRDA:236,50,0,6
BRDA:236,50,1,6
BRDA:242,51,0,14
BRDA:242,51,1,0
BRDA:243,52,0,14
BRDA:243,52,1,0
BRDA:244,53,0,14
BRDA:244,53,1,0
BRDA:244,54,0,0
BRDA:244,54,1,0
BRDA:244,55,0,0
BRDA:244,55,1,0
BRDA:244,56,0,0
BRDA:244,56,1,0
BRDA:244,57,0,0
BRDA:244,57,1,0
BRDA:244,58,0,0
BRDA:244,58,1,0
BRDA:244,59,0,0
BRDA:244,59,1,0
BRDA:244,60,0,0
BRDA:244,60,1,0
BRDA:244,61,0,0
BRDA:244,61,1,0
BRDA:245,62,0,14
BRDA:245,62,1,0
BRDA:245,63,0,0
BRDA:245,63,1,0
BRDA:245,64,0,0
BRDA:245,64,1,0
BRDA:245,65,0,0
BRDA:245,65,1,0
BRDA:245,66,0,0
BRDA:245,66,1,0
BRDA:245,67,0,0
BRDA:245,67,1,0
BRDA:245,68,0,0
BRDA:245,68,1,0
BRDA:245,69,0,0
BRDA:245,69,1,0
BRDA:245,70,0,0
BRDA:245,70,1,0
BRDA:246,71,0,14
BRDA:246,71,1,0
BRDA:246,72,0,0
BRDA:246,72,1,0
BRDA:246,73,0,0
BRDA:246,73,1,0
BRDA:246,74,0,0
BRDA:246,74,1,0
BRDA:246,75,0,0
BRDA:246,75,1,0
BRDA:246,76,0,0
BRDA:246,76,1,0
BRDA:246,77,0,0
BRDA:246,77,1,0
BRDA:246,78,0,0
BRDA:246,78,1,0
BRDA:246,79,0,0
BRDA:246,79,1,0
BRDA:247,80,0,14
BRDA:247,80,1,0
BRDA:247,81,0,0
BRDA:247,81,1,0
BRDA:247,82,0,0
BRDA:247,82,1,0
BRDA:247,83,0,0
BRDA:247,83,1,0
BRDA:247,84,0,0
BRDA:247,84,1,0
BRDA:247,85,0,0
BRDA:247,85,1,0
BRDA:247,86,0,0
BRDA:247,86,1,0
BRDA:247,87,0,0
BRDA:247,87,1,0
BRDA:247,88,0,0
BRDA:247,88,1,0
BRDA:254,89,0,14
BRDA:254,89,1,0
BRDA:254,90,0,14
BRDA:254,90,1,0
BRDA:255,91,0,4
BRDA:255,91,1,10
BRDA:255,92,0,1
BRDA:255,92,1,9
BRDA:255,93,0,4
BRDA:255,93,1,6
BRDA:255,94,0,10
BRDA:255,94,1,10
BRDA:259,95,0,16
BRDA:259,95,1,40
BRDA:268,96,0,13
BRDA:268,96,1,1
BRDA:269,97,0,6
BRDA:269,97,1,8
BRDA:269,98,0,14
BRDA:269,98,1,14
BRDA:269,99,0,6
BRDA:269,99,1,8
BRDA:269,100,0,14
BRDA:269,100,1,14
BRDA:269,101,0,8
BRDA:269,101,1,6
BRDA:269,102,0,14
BRDA:269,102,1,14
BRDA:269,103,0,8
BRDA:269,103,1,0
BRDA:269,104,0,8
BRDA:269,104,1,8
BRDA:272,105,0,1
BRDA:272,105,1,13
BRDA:273,106,0,6
BRDA:273,106,1,8
BRDA:273,107,0,14
BRDA:273,107,1,14
BRDA:273,108,0,8
BRDA:273,108,1,6
BRDA:273,109,0,14
BRDA:273,109,1,14
BRDA:283,110,0,0
BRDA:283,110,1,14
BRDA:289,111,0,14
BRDA:289,111,1,0
BRDA:289,111,2,0
BRDA:302,112,0,0
BRDA:302,112,1,0
BRDA:306,113,0,0
BRDA:306,113,1,0
BRDA:307,114,0,0
BRDA:307,114,1,0
BRDA:307,115,0,0
BRDA:307,115,1,0
BRDA:315,116,0,14
BRDA:315,116,1,0
BRDA:319,117,0,0
BRDA:319,117,1,0
BRDA:319,117,2,0
BRDA:322,118,0,0
BRDA:322,118,1,0
BRDA:322,119,0,0
BRDA:322,119,1,0
BRDA:322,120,0,0
BRDA:322,120,1,0
BRDA:322,121,0,0
BRDA:322,121,1,0
BRDA:322,122,0,0
BRDA:322,122,1,0
BRDA:325,123,0,0
BRDA:325,123,1,0
BRDA:325,124,0,0
BRDA:325,124,1,0
BRDA:325,125,0,0
BRDA:325,125,1,0
BRDA:325,126,0,0
BRDA:325,126,1,0
BRDA:329,127,0,0
BRDA:329,127,1,0
BRDA:385,128,0,0
BRDA:385,128,1,0
BRDA:385,128,2,0
BRDA:387,129,0,0
BRDA:387,129,1,0
BRDA:390,130,0,0
BRDA:390,130,1,0
BRDA:399,131,0,0
BRDA:399,131,1,0
BRDA:407,132,0,14
BRDA:407,132,1,13
BRDA:420,133,0,13
BRDA:420,133,1,7
BRDA:425,134,0,13
BRDA:425,134,1,0
BRDA:425,135,0,7
BRDA:425,135,1,6
BRDA:425,136,0,13
BRDA:425,136,1,13
BRDA:433,137,0,7
BRDA:433,137,1,6
BRDA:433,138,0,13
BRDA:433,138,1,13
BRDA:435,139,0,6
BRDA:435,139,1,0
BRDA:436,140,0,6
BRDA:436,140,1,0
BRDA:437,141,0,6
BRDA:437,141,1,0
BRDA:441,142,0,6
BRDA:441,142,1,0
BRDA:441,143,0,6
BRDA:441,143,1,6
BRDA:441,143,2,6
BRDA:447,144,0,0
BRDA:447,144,1,6
BRDA:447,145,0,6
BRDA:447,145,1,6
BRDA:450,146,0,6
BRDA:450,146,1,0
BRDA:456,147,0,6
BRDA:456,147,1,0
BRDA:459,148,0,6
BRDA:459,148,1,0
BRDA:461,149,0,6
BRDA:461,149,1,0
BRDA:462,150,0,6
BRDA:462,150,1,0
BRDA:464,151,0,6
BRDA:464,151,1,0
BRDA:465,152,0,6
BRDA:465,152,1,0
BRDA:465,153,0,0
BRDA:465,153,1,6
BRDA:465,154,0,6
BRDA:465,154,1,6
BRDA:467,155,0,6
BRDA:467,155,1,6
BRDA:469,156,0,6
BRDA:469,156,1,0
BRDA:470,157,0,6
BRDA:470,157,1,0
BRDA:477,158,0,6
BRDA:477,158,1,0
BRDA:480,159,0,6
BRDA:480,159,1,0
BRDA:485,160,0,6
BRDA:485,160,1,0
BRDA:489,161,0,6
BRDA:489,161,1,0
BRDA:509,162,0,6
BRDA:509,162,1,1
BRDA:512,163,0,1
BRDA:512,163,1,0
BRDA:513,164,0,0
BRDA:513,164,1,0
BRDA:514,165,0,0
BRDA:514,165,1,0
BRDA:528,166,0,1
BRDA:528,166,1,5
BRDA:535,167,0,0
BRDA:535,167,1,6
BRDA:535,168,0,6
BRDA:535,168,1,6
BRDA:539,169,0,6
BRDA:539,169,1,0
BRDA:555,170,0,13
BRDA:555,170,1,7
BRDA:560,171,0,13
BRDA:560,171,1,0
BRDA:560,172,0,7
BRDA:560,172,1,6
BRDA:560,173,0,13
BRDA:560,173,1,13
BRDA:566,174,0,7
BRDA:566,174,1,6
BRDA:566,175,0,13
BRDA:566,175,1,13
BRDA:568,176,0,6
BRDA:568,176,1,0
BRDA:569,177,0,6
BRDA:569,177,1,0
BRDA:570,178,0,6
BRDA:570,178,1,0
BRDA:574,179,0,6
BRDA:574,179,1,0
BRDA:574,180,0,6
BRDA:574,180,1,6
BRDA:574,180,2,6
BRDA:581,181,0,0
BRDA:581,181,1,6
BRDA:581,182,0,6
BRDA:581,182,1,6
BRDA:582,183,0,6
BRDA:582,183,1,0
BRDA:585,184,0,6
BRDA:585,184,1,6
BRDA:585,184,2,6
BRDA:587,185,0,0
BRDA:587,185,1,6
BRDA:587,186,0,6
BRDA:587,186,1,6
BRDA:592,187,0,6
BRDA:592,187,1,0
BRDA:605,188,0,6
BRDA:605,188,1,0
BRDA:609,189,0,6
BRDA:609,189,1,0
BRDA:613,190,0,6
BRDA:613,190,1,0
BRDA:617,191,0,6
BRDA:617,191,1,0
BRDA:623,192,0,6
BRDA:623,192,1,0
BRDA:640,193,0,6
BRDA:640,193,1,6
BRDA:643,194,0,6
BRDA:643,194,1,0
BRDA:644,195,0,6
BRDA:644,195,1,0
BRDA:646,196,0,6
BRDA:646,196,1,0
BRDA:647,197,0,6
BRDA:647,197,1,0
BRDA:647,198,0,0
BRDA:647,198,1,6
BRDA:647,199,0,6
BRDA:647,199,1,6
BRDA:650,200,0,6
BRDA:650,200,1,6
BRDA:652,201,0,6
BRDA:652,201,1,0
BRDA:653,202,0,6
BRDA:653,202,1,0
BRDA:659,203,0,0
BRDA:659,203,1,6
BRDA:659,204,0,6
BRDA:659,204,1,6
BRDA:670,205,0,14
BRDA:670,205,1,1
BRDA:671,206,0,0
BRDA:671,206,1,1
BRDA:671,207,0,1
BRDA:671,207,1,1
BRDA:671,208,0,1
BRDA:671,208,1,0
BRDA:671,209,0,1
BRDA:671,209,1,1
BRDA:671,210,0,1
BRDA:671,210,1,0
BRDA:671,211,0,1
BRDA:671,211,1,1
BRDA:676,212,0,1
BRDA:676,212,1,0
BRDA:706,213,0,1
BRDA:706,213,1,1
BRDA:712,214,0,0
BRDA:712,214,1,0
BRDA:712,215,0,0
BRDA:712,215,1,0
BRDA:713,216,0,0
BRDA:713,216,1,0
BRDA:713,217,0,0
BRDA:713,217,1,0
BRDA:715,218,0,0
BRDA:715,218,1,0
BRDA:716,219,0,0
BRDA:716,219,1,0
BRDA:716,220,0,0
BRDA:716,220,1,0
BRDA:718,221,0,0
BRDA:718,221,1,0
BRDA:723,222,0,0
BRDA:723,222,1,0
BRDA:725,223,0,0
BRDA:725,223,1,0
BRDA:726,224,0,0
BRDA:726,224,1,0
BRDA:729,225,0,0
BRDA:729,225,1,0
BRDA:737,226,0,0
BRDA:737,226,1,0
BRDA:737,227,0,0
BRDA:737,227,1,0
BRDA:752,228,0,1
BRDA:752,228,1,1
BRDA:759,229,0,0
BRDA:759,229,1,0
BRDA:759,230,0,0
BRDA:759,230,1,0
BRDA:760,231,0,0
BRDA:760,231,1,0
BRDA:760,232,0,0
BRDA:760,232,1,0
BRDA:762,233,0,0
BRDA:762,233,1,0
BRDA:765,234,0,0
BRDA:765,234,1,0
BRDA:765,235,0,0
BRDA:765,235,1,0
BRDA:766,236,0,0
BRDA:766,236,1,0
BRDA:771,237,0,0
BRDA:771,237,1,0
BRDA:781,238,0,0
BRDA:781,238,1,0
BRDA:786,239,0,0
BRDA:786,239,1,0
BRDA:787,240,0,0
BRDA:787,240,1,0
BRDA:793,241,0,0
BRDA:793,241,1,0
BRDA:793,242,0,0
BRDA:793,242,1,0
BRDA:810,243,0,14
BRDA:810,243,1,0
BRDA:824,244,0,0
BRDA:824,244,1,0
BRDA:826,245,0,0
BRDA:826,245,1,0
BRDA:828,246,0,0
BRDA:828,246,1,0
BRDA:829,247,0,0
BRDA:829,247,1,0
BRF:496
BRH:221
end_of_record
TN:
SF:src/app/risk/page.tsx
FN:12,RiskPage
FN:17,(anonymous_1)
FN:22,(anonymous_2)
FN:26,(anonymous_3)
FN:28,(anonymous_4)
FN:31,(anonymous_5)
FN:34,(anonymous_6)
FN:43,(anonymous_7)
FN:48,(anonymous_8)
FN:49,(anonymous_9)
FN:51,(anonymous_10)
FN:57,(anonymous_11)
FN:83,(anonymous_12)
FN:87,(anonymous_13)
FN:95,(anonymous_14)
FN:153,(anonymous_15)
FN:201,RiskCard
FN:214,Rule
FNF:18
FNH:15
FNDA:3,RiskPage
FNDA:1,(anonymous_1)
FNDA:1,(anonymous_2)
FNDA:2,(anonymous_3)
FNDA:2,(anonymous_4)
FNDA:1,(anonymous_5)
FNDA:1,(anonymous_6)
FNDA:1,(anonymous_7)
FNDA:1,(anonymous_8)
FNDA:0,(anonymous_9)
FNDA:1,(anonymous_10)
FNDA:0,(anonymous_11)
FNDA:0,(anonymous_12)
FNDA:2,(anonymous_13)
FNDA:8,(anonymous_14)
FNDA:1,(anonymous_15)
FNDA:4,RiskCard
FNDA:4,Rule
DA:2,1
DA:3,1
DA:4,1
DA:5,1
DA:7,1
DA:12,1
DA:13,3
DA:15,3
DA:17,1
DA:20,3
DA:22,1
DA:26,3
DA:28,3
DA:29,2
DA:30,1
DA:31,1
DA:32,1
DA:34,1
DA:35,1
DA:36,1
DA:37,1
DA:40,1
DA:42,1
DA:43,1
DA:44,1
DA:45,1
DA:47,1
DA:48,1
DA:49,0
DA:51,1
DA:52,1
DA:53,1
DA:54,1
DA:55,1
DA:56,1
DA:57,0
DA:59,1
DA:71,3
DA:83,0
DA:88,2
DA:96,8
DA:154,1
DA:202,4
DA:215,4
LF:44
LH:41
BRDA:26,0,0,1
BRDA:26,0,1,2
BRDA:26,1,0,3
BRDA:26,1,1,3
BRDA:29,2,0,1
BRDA:30,3,0,1
BRDA:30,3,1,0
BRDA:30,4,0,1
BRDA:30,4,1,1
BRDA:31,5,0,1
BRDA:31,5,1,0
BRDA:32,6,0,1
BRDA:32,6,1,0
BRDA:32,7,0,1
BRDA:32,7,1,1
BRDA:32,8,0,0
BRDA:32,8,1,1
BRDA:32,9,0,1
BRDA:32,9,1,1
BRDA:32,10,0,1
BRDA:32,10,1,0
BRDA:32,11,0,1
BRDA:32,11,1,1
BRDA:32,12,0,0
BRDA:32,12,1,1
BRDA:32,13,0,1
BRDA:32,13,1,1
BRDA:35,14,0,1
BRDA:35,14,1,0
BRDA:35,15,0,1
BRDA:35,15,1,1
BRDA:36,16,0,1
BRDA:36,16,1,0
BRDA:36,17,0,1
BRDA:36,17,1,1
BRDA:40,18,0,1
BRDA:40,18,1,0
BRDA:44,19,0,1
BRDA:44,19,1,0
BRDA:44,20,0,1
BRDA:44,20,1,1
BRDA:44,21,0,0
BRDA:44,21,1,1
BRDA:44,22,0,1
BRDA:44,22,1,1
BRDA:44,23,0,0
BRDA:44,23,1,1
BRDA:44,24,0,1
BRDA:44,24,1,1
BRDA:45,25,0,1
BRDA:45,25,1,1
BRDA:52,26,0,1
BRDA:52,26,1,0
BRDA:52,27,0,1
BRDA:52,27,1,1
BRDA:53,28,0,1
BRDA:53,28,1,0
BRDA:53,29,0,1
BRDA:53,29,1,1
BRDA:54,30,0,1
BRDA:54,30,1,0
BRDA:56,31,0,1
BRDA:56,31,1,0
BRDA:56,32,0,1
BRDA:56,32,1,1
BRDA:56,33,0,0
BRDA:56,33,1,1
BRDA:56,34,0,1
BRDA:56,34,1,1
BRDA:56,35,0,1
BRDA:56,35,1,0
BRDA:65,36,0,0
BRDA:65,36,1,1
BRDA:65,37,0,1
BRDA:65,37,1,1
BRDA:65,37,2,0
BRDA:65,38,0,1
BRDA:65,38,1,0
BRDA:65,39,0,1
BRDA:65,39,1,1
BRDA:65,40,0,0
BRDA:65,40,1,0
BRDA:65,41,0,0
BRDA:65,41,1,0
BRDA:87,42,0,1
BRDA:87,42,1,2
BRDA:87,43,0,3
BRDA:87,43,1,3
BRDA:93,44,0,2
BRDA:93,44,1,1
BRDA:105,45,0,0
BRDA:105,45,1,1
BRDA:106,46,0,0
BRDA:106,46,1,1
BRDA:113,47,0,1
BRDA:113,47,1,0
BRDA:118,48,0,1
BRDA:118,48,1,0
BRDA:118,49,0,1
BRDA:118,49,1,0
BRDA:118,50,0,1
BRDA:118,50,1,1
BRDA:118,51,0,0
BRDA:118,51,1,1
BRDA:118,52,0,1
BRDA:118,52,1,1
BRDA:118,53,0,1
BRDA:118,53,1,0
BRDA:118,54,0,1
BRDA:118,54,1,1
BRDA:118,55,0,0
BRDA:118,55,1,1
BRDA:118,56,0,1
BRDA:118,56,1,1
BRDA:119,57,0,1
BRDA:119,57,1,0
BRDA:119,58,0,1
BRDA:119,58,1,1
BRDA:119,59,0,0
BRDA:119,59,1,1
BRDA:119,60,0,1
BRDA:119,60,1,1
BRDA:120,61,0,1
BRDA:120,61,1,0
BRDA:120,62,0,1
BRDA:120,62,1,0
BRDA:120,63,0,1
BRDA:120,63,1,1
BRDA:120,64,0,0
BRDA:120,64,1,1
BRDA:120,65,0,1
BRDA:120,65,1,1
BRDA:125,66,0,1
BRDA:125,66,1,0
BRDA:125,67,0,1
BRDA:125,67,1,1
BRDA:125,68,0,0
BRDA:125,68,1,1
BRDA:125,69,0,1
BRDA:125,69,1,1
BRDA:126,70,0,1
BRDA:126,70,1,0
BRDA:126,71,0,1
BRDA:126,71,1,1
BRDA:126,72,0,0
BRDA:126,72,1,1
BRDA:126,73,0,1
BRDA:126,73,1,1
BRDA:127,74,0,1
BRDA:127,74,1,0
BRDA:127,75,0,1
BRDA:127,75,1,1
BRDA:127,76,0,0
BRDA:127,76,1,1
BRDA:127,77,0,1
BRDA:127,77,1,1
BRDA:132,78,0,1
BRDA:132,78,1,0
BRDA:149,79,0,0
BRDA:149,79,1,1
BRDA:158,80,0,1
BRDA:158,80,1,0
BRDA:177,81,0,1
BRDA:177,81,1,0
BRDA:177,82,0,0
BRDA:177,82,1,1
BRDA:177,83,0,1
BRDA:177,83,1,1
BRDA:184,84,0,0
BRDA:184,84,1,1
BRDA:186,85,0,1
BRDA:186,85,1,0
BRDA:186,86,0,1
BRDA:186,86,1,0
BRDA:188,87,0,0
BRDA:188,87,1,0
BRDA:188,88,0,0
BRDA:188,88,1,0
BRDA:188,89,0,0
BRDA:188,89,1,0
BRDA:188,90,0,0
BRDA:188,90,1,0
BRDA:206,91,0,2
BRDA:206,91,1,2
BRDA:209,92,0,2
BRDA:209,92,1,2
BRDA:217,93,0,2
BRDA:217,93,1,2
BRDA:218,94,0,2
BRDA:218,94,1,2
BRF:190
BRH:130
end_of_record
TN:
SF:src/app/scanner/page.tsx
FN:18,ScannerPage
FN:20,(anonymous_1)
FN:29,(anonymous_2)
FN:33,(anonymous_3)
FN:34,(anonymous_4)
FN:38,(anonymous_5)
FN:41,(anonymous_6)
FN:44,(anonymous_7)
FN:52,(anonymous_8)
FN:55,computeOpportunityScore
FN:63,(anonymous_10)
FN:64,(anonymous_11)
FN:65,(anonymous_12)
FN:66,(anonymous_13)
FN:81,(anonymous_14)
FN:98,(anonymous_15)
FN:114,(anonymous_16)
FN:131,(anonymous_17)
FN:139,(anonymous_18)
FN:145,(anonymous_19)
FN:153,Select
FN:160,(anonymous_21)
FN:163,(anonymous_22)
FN:169,CountBadge
FNF:24
FNH:20
FNDA:11,ScannerPage
FNDA:33,(anonymous_1)
FNDA:7,(anonymous_2)
FNDA:1,(anonymous_3)
FNDA:1,(anonymous_4)
FNDA:0,(anonymous_5)
FNDA:10,(anonymous_6)
FNDA:6,(anonymous_7)
FNDA:2,(anonymous_8)
FNDA:4,computeOpportunityScore
FNDA:10,(anonymous_10)
FNDA:5,(anonymous_11)
FNDA:5,(anonymous_12)
FNDA:5,(anonymous_13)
FNDA:1,(anonymous_14)
FNDA:0,(anonymous_15)
FNDA:0,(anonymous_16)
FNDA:36,(anonymous_17)
FNDA:0,(anonymous_18)
FNDA:7,(anonymous_19)
FNDA:33,Select
FNDA:1,(anonymous_21)
FNDA:176,(anonymous_22)
FNDA:33,CountBadge
DA:2,1
DA:3,1
DA:4,1
DA:5,1
DA:6,1
DA:8,1
DA:9,1
DA:10,1
DA:14,1
DA:15,1
DA:16,1
DA:18,1
DA:19,11
DA:20,33
DA:21,11
DA:22,11
DA:23,11
DA:24,11
DA:25,11
DA:27,11
DA:29,7
DA:32,11
DA:33,1
DA:35,1
DA:36,1
DA:38,0
DA:41,11
DA:42,10
DA:43,4
DA:45,6
DA:46,6
DA:47,5
DA:48,5
DA:49,5
DA:50,5
DA:52,2
DA:56,4
DA:57,4
DA:58,4
DA:59,4
DA:60,4
DA:63,11
DA:64,10
DA:65,10
DA:66,10
DA:67,10
DA:70,11
DA:81,1
DA:98,0
DA:114,0
DA:132,36
DA:139,0
DA:145,7
DA:154,33
DA:160,1
DA:163,176
DA:170,33
LF:57
LH:53
BRDA:42,0,0,6
BRDA:45,1,0,0
BRDA:46,2,0,1
BRDA:46,3,0,6
BRDA:46,3,1,2
BRDA:47,4,0,0
BRDA:47,5,0,5
BRDA:47,5,1,0
BRDA:48,6,0,0
BRDA:48,7,0,5
BRDA:48,7,1,0
BRDA:48,8,0,0
BRDA:48,8,1,0
BRDA:48,9,0,0
BRDA:48,9,1,0
BRDA:49,10,0,0
BRDA:49,11,0,5
BRDA:49,11,1,0
BRDA:49,12,0,0
BRDA:49,12,1,0
BRDA:49,13,0,0
BRDA:49,13,1,0
BRDA:56,14,0,4
BRDA:56,14,1,0
BRDA:56,15,0,4
BRDA:56,15,1,4
BRDA:57,16,0,0
BRDA:57,16,1,4
BRDA:58,17,0,0
BRDA:58,17,1,4
BRDA:58,18,0,4
BRDA:58,18,1,4
BRDA:58,19,0,0
BRDA:58,19,1,4
BRDA:58,20,0,4
BRDA:58,20,1,4
BRDA:59,21,0,0
BRDA:59,21,1,4
BRDA:59,22,0,0
BRDA:59,22,1,4
BRDA:85,23,0,0
BRDA:85,23,1,11
BRDA:129,24,0,6
BRDA:129,24,1,5
BRDA:135,25,0,1
BRDA:135,25,1,4
BRDA:163,26,0,33
BRDA:163,26,1,143
BRF:48
BRH:26
end_of_record
TN:
SF:src/app/settings/page.tsx
FN:32,RulesBadges
FN:35,(anonymous_2)
FN:51,SettingsPage
FN:57,(anonymous_4)
FN:63,(anonymous_5)
FN:70,(anonymous_6)
FN:74,(anonymous_7)
FN:75,(anonymous_8)
FN:79,(anonymous_9)
FN:81,(anonymous_10)
FN:85,(anonymous_11)
FN:91,(anonymous_12)
FN:94,(anonymous_13)
FN:98,(anonymous_14)
FN:99,(anonymous_15)
FN:103,(anonymous_16)
FN:107,(anonymous_17)
FN:110,(anonymous_18)
FN:113,(anonymous_19)
FN:124,(anonymous_20)
FN:140,(anonymous_21)
FN:140,(anonymous_22)
FN:152,(anonymous_23)
FN:159,(anonymous_24)
FN:162,(anonymous_25)
FN:180,(anonymous_26)
FN:181,(anonymous_27)
FN:196,(anonymous_28)
FN:210,(anonymous_29)
FN:210,(anonymous_30)
FN:216,(anonymous_31)
FN:216,(anonymous_32)
FN:223,(anonymous_33)
FN:223,(anonymous_34)
FN:251,(anonymous_35)
FN:269,(anonymous_36)
FN:275,(anonymous_37)
FN:286,(anonymous_38)
FNF:38
FNH:18
FNDA:0,RulesBadges
FNDA:0,(anonymous_2)
FNDA:14,SettingsPage
FNDA:4,(anonymous_4)
FNDA:1,(anonymous_5)
FNDA:4,(anonymous_6)
FNDA:0,(anonymous_7)
FNDA:0,(anonymous_8)
FNDA:1,(anonymous_9)
FNDA:1,(anonymous_10)
FNDA:2,(anonymous_11)
FNDA:0,(anonymous_12)
FNDA:0,(anonymous_13)
FNDA:1,(anonymous_14)
FNDA:1,(anonymous_15)
FNDA:2,(anonymous_16)
FNDA:0,(anonymous_17)
FNDA:0,(anonymous_18)
FNDA:0,(anonymous_19)
FNDA:19,(anonymous_20)
FNDA:0,(anonymous_21)
FNDA:0,(anonymous_22)
FNDA:2,(anonymous_23)
FNDA:42,(anonymous_24)
FNDA:0,(anonymous_25)
FNDA:2,(anonymous_26)
FNDA:1,(anonymous_27)
FNDA:0,(anonymous_28)
FNDA:0,(anonymous_29)
FNDA:0,(anonymous_30)
FNDA:0,(anonymous_31)
FNDA:0,(anonymous_32)
FNDA:0,(anonymous_33)
FNDA:0,(anonymous_34)
FNDA:19,(anonymous_35)
FNDA:0,(anonymous_36)
FNDA:1,(anonymous_37)
FNDA:1,(anonymous_38)
DA:2,1
DA:3,1
DA:4,1
DA:5,1
DA:6,1
DA:7,1
DA:8,1
DA:21,1
DA:33,0
DA:36,0
DA:44,1
DA:45,1
DA:51,1
DA:52,14
DA:53,14
DA:54,14
DA:55,14
DA:56,14
DA:57,14
DA:58,4
DA:59,4
DA:61,14
DA:63,14
DA:64,1
DA:65,1
DA:68,14
DA:70,4
DA:73,14
DA:74,0
DA:75,0
DA:78,14
DA:80,1
DA:82,1
DA:83,1
DA:84,1
DA:85,1
DA:86,2
DA:89,1
DA:92,0
DA:94,0
DA:97,14
DA:98,1
DA:100,1
DA:101,1
DA:102,1
DA:103,2
DA:105,1
DA:108,0
DA:110,0
DA:113,14
DA:114,0
DA:115,0
DA:116,0
DA:117,0
DA:118,0
DA:120,0
DA:124,19
DA:126,14
DA:140,0
DA:152,2
DA:160,42
DA:162,0
DA:180,2
DA:181,1
DA:196,0
DA:210,0
DA:216,0
DA:223,0
DA:252,19
DA:269,0
DA:275,1
DA:286,1
LF:72
LH:51
BRDA:37,0,0,0
BRDA:37,0,1,0
BRDA:58,1,0,0
BRDA:59,2,0,0
BRDA:59,2,1,4
BRDA:59,3,0,4
BRDA:59,3,1,0
BRDA:84,4,0,1
BRDA:86,5,0,1
BRDA:86,5,1,1
BRDA:92,6,0,0
BRDA:92,7,0,0
BRDA:92,7,1,0
BRDA:92,8,0,0
BRDA:92,8,1,0
BRDA:102,9,0,1
BRDA:108,10,0,0
BRDA:108,11,0,0
BRDA:108,11,1,0
BRDA:108,12,0,0
BRDA:108,12,1,0
BRDA:124,13,0,10
BRDA:124,13,1,4
BRDA:124,14,0,14
BRDA:124,14,1,14
BRDA:124,15,0,4
BRDA:124,15,1,10
BRDA:124,16,0,14
BRDA:124,16,1,14
BRDA:142,17,0,0
BRDA:142,17,1,14
BRDA:164,18,0,14
BRDA:164,18,1,28
BRDA:192,19,0,14
BRDA:192,19,1,0
BRDA:203,20,0,14
BRDA:203,20,1,0
BRDA:206,21,0,0
BRDA:206,21,1,0
BRDA:230,22,0,0
BRDA:230,22,1,0
BRDA:231,23,0,0
BRDA:231,23,1,0
BRDA:238,24,0,4
BRDA:238,24,1,10
BRDA:244,25,0,10
BRDA:244,25,1,10
BRDA:244,25,2,0
BRDA:251,26,0,0
BRDA:251,26,1,10
BRDA:251,27,0,10
BRDA:251,27,1,10
BRDA:252,28,0,8
BRDA:252,28,1,11
BRDA:257,29,0,19
BRDA:257,29,1,0
BRDA:260,30,0,19
BRDA:260,30,1,8
BRDA:264,31,0,19
BRDA:264,31,1,0
BRDA:265,32,0,19
BRDA:265,32,1,0
BRDA:269,33,0,0
BRDA:269,33,1,0
BRDA:271,34,0,0
BRDA:271,34,1,19
BRDA:277,35,0,8
BRDA:277,35,1,11
BRDA:279,36,0,8
BRDA:279,36,1,11
BRDA:286,37,0,1
BRDA:294,38,0,19
BRDA:294,38,1,0
BRF:73
BRH:40
end_of_record
TN:
SF:src/app/signals/page.tsx
FN:21,(anonymous_0)
FN:46,inferMarket
FN:54,SignalsPage
FN:57,(anonymous_3)
FN:58,(anonymous_4)
FN:59,(anonymous_5)
FN:60,(anonymous_6)
FN:61,(anonymous_7)
FN:68,(anonymous_8)
FN:72,(anonymous_9)
FN:76,(anonymous_10)
FN:86,(anonymous_11)
FN:87,(anonymous_12)
FN:88,(anonymous_13)
FN:89,(anonymous_14)
FN:91,(anonymous_15)
FN:92,(anonymous_16)
FN:92,(anonymous_17)
FN:94,(anonymous_18)
FN:95,(anonymous_19)
FN:97,(anonymous_20)
FN:97,(anonymous_21)
FN:99,(anonymous_22)
FN:102,(anonymous_23)
FN:104,(anonymous_24)
FN:107,(anonymous_25)
FN:110,(anonymous_26)
FN:112,(anonymous_27)
FN:114,(anonymous_28)
FN:119,(anonymous_29)
FN:120,(anonymous_30)
FN:130,(anonymous_31)
FN:138,(anonymous_32)
FN:144,(anonymous_33)
FN:149,(anonymous_34)
FN:156,(anonymous_35)
FN:163,(anonymous_36)
FN:187,(anonymous_37)
FN:188,(anonymous_38)
FN:195,(anonymous_39)
FN:196,(anonymous_40)
FN:203,(anonymous_41)
FN:204,(anonymous_42)
FN:210,(anonymous_43)
FN:236,(anonymous_44)
FN:246,(anonymous_45)
FN:263,(anonymous_46)
FN:263,(anonymous_47)
FN:270,(anonymous_48)
FN:271,(anonymous_49)
FN:280,(anonymous_50)
FN:281,(anonymous_51)
FN:288,(anonymous_52)
FN:298,(anonymous_53)
FN:299,(anonymous_54)
FN:311,(anonymous_55)
FN:312,(anonymous_56)
FN:313,(anonymous_57)
FN:335,(anonymous_58)
FN:369,(anonymous_59)
FN:383,(anonymous_60)
FN:401,(anonymous_61)
FN:401,(anonymous_62)
FN:406,(anonymous_63)
FN:406,(anonymous_64)
FN:415,(anonymous_65)
FNF:66
FNH:29
FNDA:7,(anonymous_0)
FNDA:2,inferMarket
FNDA:10,SignalsPage
FNDA:29,(anonymous_3)
FNDA:29,(anonymous_4)
FNDA:29,(anonymous_5)
FNDA:29,(anonymous_6)
FNDA:6,(anonymous_7)
FNDA:6,(anonymous_8)
FNDA:6,(anonymous_9)
FNDA:6,(anonymous_10)
FNDA:6,(anonymous_11)
FNDA:6,(anonymous_12)
FNDA:7,(anonymous_13)
FNDA:7,(anonymous_14)
FNDA:0,(anonymous_15)
FNDA:0,(anonymous_16)
FNDA:0,(anonymous_17)
FNDA:0,(anonymous_18)
FNDA:0,(anonymous_19)
FNDA:0,(anonymous_20)
FNDA:0,(anonymous_21)
FNDA:0,(anonymous_22)
FNDA:0,(anonymous_23)
FNDA:0,(anonymous_24)
FNDA:0,(anonymous_25)
FNDA:0,(anonymous_26)
FNDA:0,(anonymous_27)
FNDA:0,(anonymous_28)
FNDA:1,(anonymous_29)
FNDA:1,(anonymous_30)
FNDA:10,(anonymous_31)
FNDA:6,(anonymous_32)
FNDA:6,(anonymous_33)
FNDA:0,(anonymous_34)
FNDA:0,(anonymous_35)
FNDA:0,(anonymous_36)
FNDA:40,(anonymous_37)
FNDA:0,(anonymous_38)
FNDA:40,(anonymous_39)
FNDA:1,(anonymous_40)
FNDA:50,(anonymous_41)
FNDA:1,(anonymous_42)
FNDA:1,(anonymous_43)
FNDA:0,(anonymous_44)
FNDA:0,(anonymous_45)
FNDA:0,(anonymous_46)
FNDA:0,(anonymous_47)
FNDA:70,(anonymous_48)
FNDA:580,(anonymous_49)
FNDA:0,(anonymous_50)
FNDA:0,(anonymous_51)
FNDA:0,(anonymous_52)
FNDA:0,(anonymous_53)
FNDA:0,(anonymous_54)
FNDA:0,(anonymous_55)
FNDA:0,(anonymous_56)
FNDA:0,(anonymous_57)
FNDA:0,(anonymous_58)
FNDA:0,(anonymous_59)
FNDA:0,(anonymous_60)
FNDA:0,(anonymous_61)
FNDA:0,(anonymous_62)
FNDA:0,(anonymous_63)
FNDA:0,(anonymous_64)
FNDA:8,(anonymous_65)
DA:2,1
DA:3,1
DA:4,1
DA:5,1
DA:6,1
DA:7,1
DA:8,1
DA:9,1
DA:10,1
DA:12,1
DA:21,7
DA:22,1
DA:24,1
DA:26,1
DA:27,1
DA:28,1
DA:29,1
DA:31,1
DA:38,1
DA:47,2
DA:48,2
DA:49,1
DA:50,1
DA:51,0
DA:54,1
DA:55,10
DA:56,10
DA:57,29
DA:58,29
DA:59,29
DA:60,29
DA:61,10
DA:62,6
DA:63,6
DA:65,10
DA:66,10
DA:67,10
DA:68,10
DA:69,6
DA:70,6
DA:72,10
DA:73,6
DA:74,6
DA:76,10
DA:77,6
DA:78,6
DA:79,6
DA:80,6
DA:81,0
DA:83,10
DA:86,10
DA:87,10
DA:88,10
DA:89,10
DA:91,10
DA:92,0
DA:94,10
DA:95,0
DA:96,0
DA:97,0
DA:99,0
DA:102,10
DA:103,0
DA:104,0
DA:105,0
DA:107,0
DA:108,0
DA:109,0
DA:110,0
DA:112,0
DA:114,0
DA:118,10
DA:119,1
DA:121,1
DA:122,1
DA:126,10
DA:127,10
DA:128,10
DA:130,10
DA:131,10
DA:132,10
DA:133,10
DA:136,10
DA:138,6
DA:142,10
DA:144,6
DA:148,10
DA:150,0
DA:151,0
DA:152,0
DA:153,0
DA:154,0
DA:157,0
DA:158,0
DA:164,0
DA:165,0
DA:169,10
DA:188,40
DA:196,40
DA:204,50
DA:210,1
DA:236,0
DA:247,0
DA:263,0
DA:271,580
DA:272,70
DA:273,70
DA:281,0
DA:282,0
DA:283,0
DA:288,0
DA:299,0
DA:311,0
DA:312,0
DA:313,0
DA:335,0
DA:370,0
DA:383,0
DA:401,0
DA:406,0
DA:416,8
LF:121
LH:80
BRDA:47,0,0,0
BRDA:48,1,0,1
BRDA:49,2,0,0
BRDA:50,3,0,1
BRDA:62,4,0,0
BRDA:63,5,0,0
BRDA:63,5,1,6
BRDA:63,6,0,6
BRDA:63,6,1,0
BRDA:69,7,0,0
BRDA:70,8,0,0
BRDA:70,8,1,6
BRDA:70,9,0,6
BRDA:70,9,1,0
BRDA:73,10,0,0
BRDA:74,11,0,0
BRDA:74,11,1,6
BRDA:74,12,0,6
BRDA:74,12,1,0
BRDA:77,13,0,0
BRDA:80,14,0,0
BRDA:80,14,1,6
BRDA:92,15,0,0
BRDA:92,15,1,0
BRDA:96,16,0,0
BRDA:96,16,1,0
BRDA:103,17,0,0
BRDA:119,18,0,1
BRDA:119,18,1,0
BRDA:126,19,0,2
BRDA:126,19,1,8
BRDA:126,20,0,10
BRDA:126,20,1,10
BRDA:126,21,0,8
BRDA:126,21,1,2
BRDA:126,22,0,10
BRDA:126,22,1,10
BRDA:127,23,0,0
BRDA:127,23,1,10
BRDA:127,24,0,10
BRDA:127,24,1,10
BRDA:127,25,0,8
BRDA:127,25,1,2
BRDA:127,26,0,10
BRDA:127,26,1,2
BRDA:128,27,0,0
BRDA:128,27,1,10
BRDA:128,28,0,8
BRDA:128,28,1,2
BRDA:128,29,0,10
BRDA:128,29,1,2
BRDA:130,30,0,10
BRDA:130,30,1,0
BRDA:130,31,0,10
BRDA:130,31,1,10
BRDA:130,32,0,0
BRDA:130,32,1,10
BRDA:130,33,0,10
BRDA:130,33,1,10
BRDA:131,34,0,10
BRDA:131,34,1,2
BRDA:131,35,0,0
BRDA:131,35,1,2
BRDA:131,36,0,2
BRDA:131,36,1,2
BRDA:132,37,0,10
BRDA:132,37,1,2
BRDA:132,38,0,0
BRDA:132,38,1,2
BRDA:132,39,0,2
BRDA:132,39,1,2
BRDA:133,40,0,10
BRDA:133,40,1,9
BRDA:151,41,0,0
BRDA:152,42,0,0
BRDA:158,43,0,0
BRDA:158,43,1,0
BRDA:158,44,0,0
BRDA:158,44,1,0
BRDA:158,45,0,0
BRDA:158,45,1,0
BRDA:158,46,0,0
BRDA:158,46,1,0
BRDA:158,47,0,0
BRDA:158,47,1,0
BRDA:158,48,0,0
BRDA:158,48,1,0
BRDA:158,49,0,0
BRDA:158,49,1,0
BRDA:164,50,0,0
BRDA:164,50,1,0
BRDA:164,51,0,0
BRDA:164,51,1,0
BRDA:164,52,0,0
BRDA:164,52,1,0
BRDA:164,53,0,0
BRDA:164,53,1,0
BRDA:164,54,0,0
BRDA:164,54,1,0
BRDA:164,55,0,0
BRDA:164,55,1,0
BRDA:164,56,0,0
BRDA:164,56,1,0
BRDA:164,57,0,0
BRDA:164,57,1,0
BRDA:164,58,0,0
BRDA:164,58,1,0
BRDA:164,59,0,0
BRDA:164,59,1,0
BRDA:164,60,0,0
BRDA:164,60,1,0
BRDA:164,61,0,0
BRDA:164,61,1,0
BRDA:177,62,0,10
BRDA:177,62,1,4
BRDA:183,63,0,10
BRDA:183,63,1,10
BRDA:183,63,2,0
BRDA:189,64,0,10
BRDA:189,64,1,30
BRDA:197,65,0,10
BRDA:197,65,1,30
BRDA:205,66,0,10
BRDA:205,66,1,40
BRDA:211,67,0,10
BRDA:211,67,1,10
BRDA:212,68,0,0
BRDA:212,68,1,10
BRDA:214,69,0,0
BRDA:214,69,1,10
BRDA:216,70,0,10
BRDA:216,70,1,0
BRDA:227,71,0,10
BRDA:227,71,1,0
BRDA:227,72,0,6
BRDA:227,72,1,4
BRDA:227,73,0,10
BRDA:227,73,1,10
BRDA:229,74,0,0
BRDA:229,74,1,0
BRDA:229,75,0,0
BRDA:229,75,1,0
BRDA:230,76,0,0
BRDA:230,76,1,0
BRDA:233,77,0,10
BRDA:233,77,1,6
BRDA:240,78,0,0
BRDA:240,78,1,10
BRDA:244,79,0,10
BRDA:244,79,1,0
BRDA:244,79,2,0
BRDA:244,80,0,6
BRDA:244,80,1,4
BRDA:244,81,0,10
BRDA:244,81,1,10
BRDA:244,82,0,0
BRDA:244,82,1,0
BRDA:244,83,0,0
BRDA:244,83,1,0
BRDA:251,84,0,0
BRDA:251,84,1,0
BRDA:251,85,0,0
BRDA:251,85,1,0
BRDA:253,86,0,0
BRDA:253,86,1,0
BRDA:253,87,0,0
BRDA:253,87,1,0
BRDA:272,88,0,0
BRDA:276,89,0,0
BRDA:276,89,1,10
BRDA:278,90,0,10
BRDA:278,90,1,0
BRDA:290,91,0,0
BRDA:290,91,1,0
BRDA:294,92,0,0
BRDA:294,92,1,0
BRDA:301,93,0,0
BRDA:301,93,1,0
BRDA:319,94,0,10
BRDA:319,94,1,2
BRDA:322,95,0,2
BRDA:322,95,1,0
BRDA:322,96,0,0
BRDA:322,96,1,2
BRDA:322,97,0,2
BRDA:322,97,1,2
BRDA:324,98,0,2
BRDA:324,98,1,0
BRDA:328,99,0,0
BRDA:328,99,1,0
BRDA:338,100,0,0
BRDA:338,100,1,0
BRDA:338,100,2,0
BRDA:336,101,0,0
BRDA:336,101,1,0
BRDA:336,102,0,0
BRDA:336,102,1,0
BRDA:336,103,0,0
BRDA:336,103,1,0
BRDA:336,104,0,0
BRDA:336,104,1,0
BRDA:336,105,0,0
BRDA:336,105,1,0
BRDA:336,106,0,0
BRDA:336,106,1,0
BRDA:343,107,0,0
BRDA:343,107,1,0
BRDA:344,108,0,0
BRDA:344,108,1,0
BRDA:353,109,0,10
BRDA:353,109,1,0
BRDA:353,109,2,0
BRDA:353,110,0,0
BRDA:353,110,1,0
BRDA:353,111,0,0
BRDA:353,111,1,0
BRDA:355,112,0,0
BRDA:355,112,1,0
BRDA:356,113,0,0
BRDA:356,113,1,0
BRDA:361,114,0,0
BRDA:361,114,1,0
BRDA:362,115,0,0
BRDA:362,115,1,0
BRDA:372,116,0,0
BRDA:372,116,1,0
BRDA:373,117,0,0
BRDA:373,117,1,0
BRDA:381,118,0,10
BRDA:381,118,1,0
BRDA:387,119,0,10
BRDA:387,119,1,10
BRDA:387,119,2,4
BRDA:395,120,0,10
BRDA:395,120,1,0
BRF:235
BRH:91
end_of_record
TN:
SF:src/app/synthetic/page.tsx
FN:41,SyntheticPage
FN:42,(anonymous_2)
FN:42,(anonymous_3)
FN:46,(anonymous_4)
FN:48,(anonymous_5)
FN:48,(anonymous_6)
FN:48,(anonymous_7)
FN:56,(anonymous_8)
FN:58,(anonymous_9)
FN:74,(anonymous_10)
FN:80,(anonymous_11)
FN:86,(anonymous_12)
FNF:12
FNH:11
FNDA:2,SyntheticPage
FNDA:1,(anonymous_2)
FNDA:4,(anonymous_3)
FNDA:1,(anonymous_4)
FNDA:17,(anonymous_5)
FNDA:17,(anonymous_6)
FNDA:0,(anonymous_7)
FNDA:2,(anonymous_8)
FNDA:17,(anonymous_9)
FNDA:6,(anonymous_10)
FNDA:4,(anonymous_11)
FNDA:17,(anonymous_12)
DA:2,1
DA:3,1
DA:4,1
DA:5,1
DA:6,1
DA:7,1
DA:9,1
DA:11,1
DA:34,1
DA:41,1
DA:42,4
DA:44,2
DA:47,1
DA:48,17
DA:50,1
DA:56,2
DA:57,2
DA:58,17
DA:59,2
DA:62,2
DA:75,6
DA:81,4
DA:87,17
DA:88,17
DA:93,1
LF:25
LH:25
BRDA:9,0,0,1
BRDA:9,0,1,1
BRDA:58,1,0,1
BRDA:58,1,1,1
BRDA:58,2,0,2
BRDA:58,2,1,2
BRDA:72,3,0,2
BRDA:72,3,1,1
BRDA:80,4,0,2
BRDA:80,4,1,1
BRDA:88,5,0,16
BRF:11
BRH:11
end_of_record
TN:
SF:src/components/ErrorBoundary.tsx
FN:17,(anonymous_9)
FN:22,(anonymous_10)
FN:26,(anonymous_11)
FN:36,(anonymous_12)
FN:46,(anonymous_13)
FNF:5
FNH:4
FNDA:4,(anonymous_9)
FNDA:2,(anonymous_10)
FNDA:1,(anonymous_11)
FNDA:5,(anonymous_12)
FNDA:0,(anonymous_13)
DA:3,1
DA:4,1
DA:16,1
DA:18,4
DA:19,3
DA:23,2
DA:27,1
DA:28,1
DA:29,0
DA:37,5
DA:38,2
DA:46,0
DA:55,3
LF:13
LH:11
BRDA:28,0,0,0
BRDA:37,1,0,2
BRDA:39,2,0,0
BRDA:39,2,1,2
BRDA:39,3,0,2
BRDA:39,3,1,2
BRDA:43,4,0,2
BRDA:43,4,1,0
BRDA:43,5,0,0
BRDA:43,5,1,2
BRDA:43,6,0,2
BRDA:43,6,1,2
BRF:12
BRH:8
end_of_record
TN:
SF:src/components/ServiceWorkerRegistration.tsx
FN:4,ServiceWorkerRegistration
FN:5,(anonymous_1)
FN:8,(anonymous_2)
FN:11,(anonymous_3)
FN:15,(anonymous_4)
FNF:5
FNH:4
FNDA:2,ServiceWorkerRegistration
FNDA:2,(anonymous_1)
FNDA:1,(anonymous_2)
FNDA:1,(anonymous_3)
FNDA:0,(anonymous_4)
DA:2,1
DA:4,1
DA:5,2
DA:6,2
DA:8,2
DA:9,1
DA:13,1
DA:17,0
DA:22,2
LF:9
LH:8
BRDA:6,0,0,0
BRDA:6,1,0,2
BRDA:6,1,1,2
BRF:3
BRH:2
end_of_record
TN:
SF:src/components/layout/ModeToggle.tsx
FN:5,ModeToggle
FNF:1
FNH:1
FNDA:2,ModeToggle
DA:2,1
DA:3,1
DA:5,1
DA:6,2
DA:7,2
DA:9,2
LF:6
LH:6
BRDA:12,0,0,1
BRDA:12,0,1,1
BRDA:15,1,0,1
BRDA:15,1,1,1
BRDA:19,2,0,1
BRDA:19,2,1,1
BRDA:25,3,0,1
BRDA:25,3,1,1
BRDA:29,4,0,1
BRDA:29,4,1,1
BRF:10
BRH:10
end_of_record
TN:
SF:src/components/onboarding/OnboardingModal.tsx
FN:52,computeProfile
FN:64,OnboardingModal
FN:74,(anonymous_2)
FN:78,(anonymous_3)
FN:81,(anonymous_4)
FN:85,(anonymous_5)
FN:89,(anonymous_6)
FN:93,(anonymous_7)
FN:144,(anonymous_8)
FN:147,(anonymous_9)
FNF:10
FNH:8
FNDA:1,computeProfile
FNDA:18,OnboardingModal
FNDA:4,(anonymous_2)
FNDA:4,(anonymous_3)
FNDA:3,(anonymous_4)
FNDA:0,(anonymous_5)
FNDA:0,(anonymous_6)
FNDA:1,(anonymous_7)
FNDA:15,(anonymous_8)
FNDA:4,(anonymous_9)
DA:2,1
DA:3,1
DA:13,1
DA:53,1
DA:54,0
DA:55,0
DA:64,1
DA:65,18
DA:66,18
DA:67,18
DA:69,18
DA:71,6
DA:72,6
DA:74,6
DA:75,4
DA:76,4
DA:77,4
DA:78,4
DA:79,1
DA:81,3
DA:85,6
DA:86,0
DA:87,0
DA:89,0
DA:93,6
DA:94,1
DA:95,1
DA:96,1
DA:97,1
DA:98,1
DA:99,1
DA:103,6
DA:105,6
DA:145,15
DA:147,4
LF:35
LH:30
BRDA:53,0,0,1
BRDA:54,1,0,0
BRDA:69,2,0,12
BRDA:77,3,0,1
BRDA:77,3,1,3
BRDA:86,4,0,0
BRDA:86,4,1,0
BRDA:94,5,0,1
BRDA:103,6,0,1
BRDA:103,6,1,5
BRDA:128,7,0,5
BRDA:128,7,1,1
BRDA:180,8,0,1
BRDA:180,8,1,1
BRDA:181,9,0,1
BRDA:181,9,1,0
BRDA:182,10,0,1
BRDA:182,10,1,0
BRF:18
BRH:13
end_of_record
TN:
SF:src/components/patterns/PatternStatsTable.tsx
FN:10,PatternStatsTable
FN:11,(anonymous_1)
FN:29,(anonymous_2)
FNF:3
FNH:2
FNDA:1,PatternStatsTable
FNDA:0,(anonymous_1)
FNDA:1,(anonymous_2)
DA:4,1
DA:10,1
DA:11,1
DA:13,1
DA:30,1
LF:5
LH:5
BRDA:34,0,0,0
BRDA:34,0,1,1
BRDA:34,1,0,1
BRDA:34,1,1,0
BRDA:35,2,0,0
BRDA:35,2,1,1
BRDA:35,3,0,0
BRDA:35,3,1,1
BRDA:39,4,0,1
BRDA:39,4,1,0
BRDA:40,5,0,1
BRDA:40,5,1,0
BRDA:42,6,0,1
BRDA:42,6,1,0
BRDA:43,7,0,1
BRDA:43,7,1,0
BRDA:44,8,0,1
BRDA:44,8,1,0
BRDA:45,9,0,1
BRDA:45,9,1,0
BRDA:48,10,0,1
BRDA:48,10,1,0
BRF:22
BRH:11
end_of_record
TN:
SF:src/components/patterns/PostTradeAnalysisCard.tsx
FN:10,PostTradeAnalysisCard
FNF:1
FNH:1
FNDA:1,PostTradeAnalysisCard
DA:4,1
DA:10,1
DA:11,1
DA:17,1
LF:4
LH:4
BRDA:11,0,0,0
BRDA:11,0,1,1
BRDA:13,1,0,1
BRDA:13,1,1,0
BRDA:26,2,0,1
BRDA:26,2,1,0
BRDA:27,3,0,1
BRDA:27,3,1,0
BRDA:39,4,0,1
BRDA:39,4,1,0
BRDA:39,4,2,1
BRDA:40,5,0,1
BRDA:40,5,1,0
BRDA:41,6,0,1
BRDA:41,6,1,0
BRDA:43,7,0,1
BRDA:43,7,1,0
BRF:17
BRH:9
end_of_record
TN:
SF:src/components/signals/SignalCard.tsx
FN:44,SignalCard
FN:45,(anonymous_2)
FN:66,(anonymous_3)
FN:89,(anonymous_4)
FN:90,(anonymous_5)
FN:91,(anonymous_6)
FN:95,(anonymous_7)
FN:96,(anonymous_8)
FN:97,(anonymous_9)
FN:122,(anonymous_10)
FN:229,(anonymous_11)
FN:332,(anonymous_12)
FN:350,(anonymous_13)
FN:350,(anonymous_14)
FN:353,(anonymous_15)
FN:375,(anonymous_16)
FN:388,(anonymous_17)
FN:408,(anonymous_18)
FN:408,(anonymous_19)
FN:410,(anonymous_20)
FN:421,(anonymous_21)
FN:421,(anonymous_22)
FN:423,(anonymous_23)
FN:449,(anonymous_24)
FN:478,Level
FN:490,SignalBadge
FN:496,Expandable
FN:510,computeTpProbs
FN:520,(anonymous_29)
FN:524,(anonymous_30)
FN:531,computeEntryZone
FN:558,computeOpportunityScore
FN:567,buildBeginnerSummary
FN:576,buildWhyPoints
FN:596,buildWhyNotPoints
FN:613,inferAssetType
FN:622,fmtPrice
FNF:37
FNH:36
FNDA:30,SignalCard
FNDA:90,(anonymous_2)
FNDA:0,(anonymous_3)
FNDA:22,(anonymous_4)
FNDA:22,(anonymous_5)
FNDA:22,(anonymous_6)
FNDA:22,(anonymous_7)
FNDA:22,(anonymous_8)
FNDA:22,(anonymous_9)
FNDA:34,(anonymous_10)
FNDA:90,(anonymous_11)
FNDA:15,(anonymous_12)
FNDA:1,(anonymous_13)
FNDA:1,(anonymous_14)
FNDA:14,(anonymous_15)
FNDA:28,(anonymous_16)
FNDA:28,(anonymous_17)
FNDA:1,(anonymous_18)
FNDA:1,(anonymous_19)
FNDA:28,(anonymous_20)
FNDA:1,(anonymous_21)
FNDA:1,(anonymous_22)
FNDA:14,(anonymous_23)
FNDA:1,(anonymous_24)
FNDA:120,Level
FNDA:30,SignalBadge
FNDA:72,Expandable
FNDA:22,computeTpProbs
FNDA:66,(anonymous_29)
FNDA:66,(anonymous_30)
FNDA:22,computeEntryZone
FNDA:22,computeOpportunityScore
FNDA:22,buildBeginnerSummary
FNDA:22,buildWhyPoints
FNDA:22,buildWhyNotPoints
FNDA:30,inferAssetType
FNDA:84,fmtPrice
DA:2,3
DA:3,3
DA:4,3
DA:10,3
DA:11,3
DA:12,3
DA:13,3
DA:14,3
DA:15,3
DA:16,3
DA:17,3
DA:19,3
DA:44,3
DA:45,90
DA:46,30
DA:47,30
DA:48,30
DA:49,30
DA:51,30
DA:53,30
DA:54,30
DA:55,30
DA:56,30
DA:57,30
DA:58,30
DA:59,30
DA:60,30
DA:61,30
DA:62,30
DA:63,30
DA:64,30
DA:65,30
DA:66,30
DA:67,30
DA:77,30
DA:78,30
DA:80,30
DA:81,30
DA:83,30
DA:84,30
DA:85,30
DA:86,30
DA:87,30
DA:89,30
DA:90,30
DA:91,30
DA:93,30
DA:95,30
DA:96,30
DA:97,30
DA:99,30
DA:100,30
DA:102,30
DA:107,30
DA:123,34
DA:230,90
DA:333,15
DA:350,1
DA:353,14
DA:376,28
DA:389,28
DA:408,1
DA:411,28
DA:421,1
DA:424,14
DA:449,1
DA:479,120
DA:482,120
DA:491,30
DA:492,4
DA:493,0
DA:499,72
DA:511,22
DA:512,22
DA:513,22
DA:514,22
DA:515,22
DA:516,22
DA:517,22
DA:518,22
DA:519,22
DA:520,22
DA:521,66
DA:523,22
DA:524,22
DA:525,66
DA:526,66
DA:527,66
DA:532,22
DA:533,22
DA:534,22
DA:535,22
DA:536,22
DA:537,22
DA:538,22
DA:539,22
DA:540,22
DA:541,22
DA:543,22
DA:544,22
DA:545,22
DA:546,22
DA:548,22
DA:549,22
DA:550,22
DA:551,22
DA:553,22
DA:554,22
DA:555,22
DA:559,22
DA:560,22
DA:561,22
DA:562,22
DA:563,22
DA:564,22
DA:568,22
DA:569,22
DA:570,22
DA:571,22
DA:572,22
DA:573,22
DA:577,22
DA:578,22
DA:579,10
DA:580,10
DA:581,10
DA:582,10
DA:583,10
DA:584,10
DA:585,10
DA:586,10
DA:587,10
DA:588,10
DA:589,10
DA:590,10
DA:591,10
DA:592,10
DA:593,10
DA:597,22
DA:598,22
DA:599,10
DA:600,10
DA:601,10
DA:602,10
DA:603,10
DA:604,10
DA:605,10
DA:606,10
DA:607,10
DA:608,10
DA:609,10
DA:610,10
DA:614,30
DA:615,30
DA:616,4
DA:617,4
DA:618,0
DA:619,0
DA:623,84
DA:624,84
DA:625,84
DA:626,84
LF:162
LH:159
BRDA:51,0,0,15
BRDA:51,0,1,15
BRDA:51,1,0,30
BRDA:51,1,1,30
BRDA:51,2,0,0
BRDA:51,2,1,30
BRDA:51,3,0,30
BRDA:51,3,1,30
BRDA:53,4,0,15
BRDA:53,4,1,15
BRDA:53,5,0,30
BRDA:53,5,1,30
BRDA:53,6,0,0
BRDA:53,6,1,30
BRDA:53,7,0,30
BRDA:53,7,1,30
BRDA:54,8,0,15
BRDA:54,8,1,15
BRDA:54,9,0,30
BRDA:54,9,1,30
BRDA:54,10,0,0
BRDA:54,10,1,30
BRDA:54,11,0,30
BRDA:54,11,1,30
BRDA:55,12,0,15
BRDA:55,12,1,15
BRDA:55,13,0,30
BRDA:55,13,1,30
BRDA:55,14,0,0
BRDA:55,14,1,30
BRDA:55,15,0,30
BRDA:55,15,1,30
BRDA:56,16,0,15
BRDA:56,16,1,15
BRDA:56,17,0,30
BRDA:56,17,1,30
BRDA:56,18,0,0
BRDA:56,18,1,30
BRDA:56,19,0,30
BRDA:56,19,1,30
BRDA:57,20,0,15
BRDA:57,20,1,15
BRDA:57,21,0,30
BRDA:57,21,1,30
BRDA:57,22,0,0
BRDA:57,22,1,30
BRDA:57,23,0,30
BRDA:57,23,1,30
BRDA:58,24,0,15
BRDA:58,24,1,15
BRDA:58,25,0,30
BRDA:58,25,1,30
BRDA:58,26,0,0
BRDA:58,26,1,30
BRDA:58,27,0,30
BRDA:58,27,1,30
BRDA:59,28,0,15
BRDA:59,28,1,15
BRDA:59,29,0,30
BRDA:59,29,1,30
BRDA:60,30,0,15
BRDA:60,30,1,15
BRDA:60,31,0,30
BRDA:60,31,1,30
BRDA:61,32,0,15
BRDA:61,32,1,15
BRDA:61,33,0,30
BRDA:61,33,1,30
BRDA:62,34,0,0
BRDA:62,34,1,30
BRDA:62,35,0,30
BRDA:62,35,1,30
BRDA:63,36,0,0
BRDA:63,36,1,30
BRDA:63,37,0,30
BRDA:63,37,1,30
BRDA:63,38,0,0
BRDA:63,38,1,30
BRDA:63,39,0,30
BRDA:63,39,1,30
BRDA:64,40,0,0
BRDA:64,40,1,30
BRDA:64,41,0,30
BRDA:64,41,1,30
BRDA:65,42,0,0
BRDA:65,42,1,30
BRDA:65,43,0,30
BRDA:65,43,1,30
BRDA:65,44,0,0
BRDA:65,44,1,30
BRDA:65,45,0,30
BRDA:65,45,1,30
BRDA:66,46,0,0
BRDA:66,46,1,30
BRDA:66,47,0,30
BRDA:66,47,1,30
BRDA:66,48,0,30
BRDA:66,48,1,0
BRDA:66,49,0,30
BRDA:66,49,1,30
BRDA:66,50,0,30
BRDA:66,50,1,0
BRDA:66,51,0,30
BRDA:66,51,1,30
BRDA:66,52,0,30
BRDA:66,52,1,0
BRDA:66,53,0,30
BRDA:66,53,1,30
BRDA:66,54,0,30
BRDA:66,54,1,0
BRDA:66,55,0,30
BRDA:66,55,1,30
BRDA:67,56,0,0
BRDA:67,56,1,30
BRDA:67,57,0,30
BRDA:67,57,1,0
BRDA:67,58,0,0
BRDA:67,58,1,30
BRDA:73,59,0,0
BRDA:73,59,1,0
BRDA:73,60,0,0
BRDA:73,60,1,0
BRDA:74,61,0,0
BRDA:74,61,1,0
BRDA:74,62,0,0
BRDA:74,62,1,0
BRDA:80,63,0,30
BRDA:80,63,1,0
BRDA:80,64,0,30
BRDA:80,64,1,30
BRDA:80,65,0,30
BRDA:80,65,1,0
BRDA:80,66,0,30
BRDA:80,66,1,30
BRDA:80,67,0,0
BRDA:80,67,1,30
BRDA:80,68,0,30
BRDA:80,68,1,30
BRDA:80,69,0,0
BRDA:80,69,1,0
BRDA:80,70,0,0
BRDA:80,70,1,0
BRDA:80,71,0,0
BRDA:80,71,1,0
BRDA:80,72,0,0
BRDA:80,72,1,0
BRDA:81,73,0,15
BRDA:81,73,1,15
BRDA:81,74,0,30
BRDA:81,74,1,30
BRDA:83,75,0,30
BRDA:83,75,1,0
BRDA:84,76,0,30
BRDA:84,76,1,0
BRDA:85,77,0,30
BRDA:85,77,1,0
BRDA:86,78,0,23
BRDA:86,78,1,7
BRDA:87,79,0,23
BRDA:87,79,1,7
BRDA:93,80,0,15
BRDA:93,80,1,15
BRDA:93,81,0,30
BRDA:93,81,1,15
BRDA:102,82,0,1
BRDA:102,82,1,29
BRDA:103,83,0,0
BRDA:103,83,1,29
BRDA:104,84,0,1
BRDA:104,84,1,28
BRDA:110,85,0,26
BRDA:110,85,1,4
BRDA:111,86,0,4
BRDA:111,86,1,0
BRDA:113,87,0,1
BRDA:113,87,1,29
BRDA:119,88,0,30
BRDA:119,88,1,0
BRDA:119,89,0,30
BRDA:119,89,1,30
BRDA:119,90,0,0
BRDA:119,90,1,30
BRDA:119,91,0,30
BRDA:119,91,1,30
BRDA:121,92,0,0
BRDA:121,92,1,30
BRDA:121,93,0,30
BRDA:121,93,1,30
BRDA:122,94,0,12
BRDA:122,94,1,18
BRDA:122,95,0,30
BRDA:122,95,1,30
BRDA:125,96,0,30
BRDA:125,96,1,2
BRDA:130,97,0,30
BRDA:130,97,1,0
BRDA:133,98,0,30
BRDA:133,98,1,0
BRDA:146,99,0,30
BRDA:146,99,1,1
BRDA:154,100,0,30
BRDA:154,100,1,15
BRDA:154,100,2,15
BRDA:160,101,0,15
BRDA:160,101,1,15
BRDA:161,102,0,15
BRDA:161,102,1,0
BRDA:161,103,0,0
BRDA:161,103,1,0
BRDA:162,104,0,15
BRDA:162,104,1,0
BRDA:170,105,0,30
BRDA:170,105,1,30
BRDA:184,106,0,30
BRDA:184,106,1,0
BRDA:191,107,0,0
BRDA:191,107,1,0
BRDA:191,108,0,0
BRDA:191,108,1,0
BRDA:191,109,0,0
BRDA:191,109,1,0
BRDA:191,110,0,0
BRDA:191,110,1,0
BRDA:191,111,0,0
BRDA:191,111,1,0
BRDA:191,112,0,0
BRDA:191,112,1,0
BRDA:193,113,0,0
BRDA:193,113,1,0
BRDA:193,114,0,0
BRDA:193,114,1,0
BRDA:193,115,0,0
BRDA:193,115,1,0
BRDA:203,116,0,0
BRDA:203,116,1,0
BRDA:206,117,0,0
BRDA:206,117,1,0
BRDA:207,118,0,0
BRDA:207,118,1,0
BRDA:212,119,0,0
BRDA:212,119,1,0
BRDA:212,120,0,0
BRDA:212,120,1,0
BRDA:212,121,0,0
BRDA:212,121,1,0
BRDA:212,122,0,0
BRDA:212,122,1,0
BRDA:212,123,0,0
BRDA:212,123,1,0
BRDA:212,124,0,0
BRDA:212,124,1,0
BRDA:213,125,0,0
BRDA:213,125,1,0
BRDA:213,126,0,0
BRDA:213,126,1,0
BRDA:213,127,0,0
BRDA:213,127,1,0
BRDA:213,128,0,0
BRDA:213,128,1,0
BRDA:213,129,0,0
BRDA:213,129,1,0
BRDA:213,130,0,0
BRDA:213,130,1,0
BRDA:223,131,0,23
BRDA:223,131,1,7
BRDA:227,132,0,30
BRDA:227,132,1,30
BRDA:245,133,0,30
BRDA:245,133,1,15
BRDA:245,133,2,15
BRDA:247,134,0,15
BRDA:247,134,1,0
BRDA:248,135,0,0
BRDA:248,135,1,0
BRDA:251,136,0,15
BRDA:251,136,1,0
BRDA:251,137,0,0
BRDA:251,137,1,0
BRDA:255,138,0,30
BRDA:255,138,1,0
BRDA:255,139,0,0
BRDA:255,139,1,30
BRDA:255,140,0,30
BRDA:255,140,1,30
BRDA:264,141,0,30
BRDA:264,141,1,0
BRDA:264,142,0,0
BRDA:264,142,1,30
BRDA:264,143,0,30
BRDA:264,143,1,30
BRDA:273,144,0,30
BRDA:273,144,1,15
BRDA:276,145,0,23
BRDA:276,145,1,7
BRDA:277,146,0,30
BRDA:277,146,1,29
BRDA:282,147,0,30
BRDA:282,147,1,15
BRDA:282,147,2,15
BRDA:283,148,0,15
BRDA:283,148,1,0
BRDA:284,149,0,15
BRDA:284,149,1,0
BRDA:284,150,0,0
BRDA:284,150,1,15
BRDA:284,151,0,15
BRDA:284,151,1,15
BRDA:287,152,0,30
BRDA:287,152,1,15
BRDA:288,153,0,30
BRDA:288,153,1,0
BRDA:289,154,0,30
BRDA:289,154,1,15
BRDA:290,155,0,30
BRDA:290,155,1,0
BRDA:291,156,0,30
BRDA:291,156,1,0
BRDA:292,157,0,30
BRDA:292,157,1,0
BRDA:293,158,0,30
BRDA:293,158,1,0
BRDA:293,159,0,0
BRDA:293,159,1,0
BRDA:293,160,0,0
BRDA:293,160,1,0
BRDA:294,161,0,30
BRDA:294,161,1,0
BRDA:294,162,0,0
BRDA:294,162,1,0
BRDA:294,163,0,0
BRDA:294,163,1,0
BRDA:295,164,0,30
BRDA:295,164,1,15
BRDA:295,165,0,0
BRDA:295,165,1,15
BRDA:295,166,0,15
BRDA:295,166,1,15
BRDA:295,167,0,0
BRDA:295,167,1,15
BRDA:295,168,0,15
BRDA:295,168,1,15
BRDA:296,169,0,30
BRDA:296,169,1,0
BRDA:296,170,0,0
BRDA:296,170,1,0
BRDA:296,171,0,0
BRDA:296,171,1,0
BRDA:296,172,0,0
BRDA:296,172,1,0
BRDA:296,173,0,0
BRDA:296,173,1,0
BRDA:297,174,0,30
BRDA:297,174,1,15
BRDA:297,175,0,0
BRDA:297,175,1,15
BRDA:297,176,0,15
BRDA:297,176,1,15
BRDA:297,177,0,0
BRDA:297,177,1,15
BRDA:297,178,0,15
BRDA:297,178,1,15
BRDA:298,179,0,30
BRDA:298,179,1,0
BRDA:298,180,0,0
BRDA:298,180,1,0
BRDA:298,181,0,0
BRDA:298,181,1,0
BRDA:298,182,0,0
BRDA:298,182,1,0
BRDA:298,183,0,0
BRDA:298,183,1,0
BRDA:299,184,0,30
BRDA:299,184,1,0
BRDA:300,185,0,30
BRDA:300,185,1,0
BRDA:301,186,0,30
BRDA:301,186,1,15
BRDA:303,187,0,15
BRDA:303,187,1,0
BRDA:303,188,0,15
BRDA:303,188,1,15
BRDA:303,189,0,15
BRDA:303,189,1,0
BRDA:303,190,0,15
BRDA:303,190,1,15
BRDA:309,191,0,15
BRDA:309,191,1,15
BRDA:309,192,0,30
BRDA:309,192,1,30
BRDA:310,193,0,15
BRDA:310,193,1,15
BRDA:310,194,0,30
BRDA:310,194,1,30
BRDA:314,195,0,30
BRDA:314,195,1,15
BRDA:320,196,0,15
BRDA:320,196,1,0
BRDA:321,197,0,0
BRDA:321,197,1,0
BRDA:326,198,0,15
BRDA:326,198,1,0
BRDA:326,199,0,0
BRDA:326,199,1,0
BRDA:327,200,0,15
BRDA:327,200,1,0
BRDA:330,201,0,15
BRDA:330,201,1,15
BRDA:330,202,0,0
BRDA:330,202,1,15
BRDA:330,203,0,15
BRDA:330,203,1,15
BRDA:344,204,0,30
BRDA:344,204,1,15
BRDA:344,204,2,14
BRDA:359,205,0,14
BRDA:359,205,1,0
BRDA:365,206,0,14
BRDA:365,206,1,0
BRDA:365,207,0,14
BRDA:365,207,1,14
BRDA:365,208,0,14
BRDA:365,208,1,0
BRDA:365,209,0,14
BRDA:365,209,1,14
BRDA:368,210,0,14
BRDA:368,210,1,14
BRDA:373,211,0,14
BRDA:373,211,1,14
BRDA:373,211,2,14
BRDA:380,212,0,14
BRDA:380,212,1,14
BRDA:380,212,2,14
BRDA:386,213,0,14
BRDA:386,213,1,14
BRDA:386,213,2,14
BRDA:395,214,0,14
BRDA:395,214,1,14
BRDA:406,215,0,30
BRDA:406,215,1,29
BRDA:415,216,0,28
BRDA:415,216,1,28
BRDA:418,217,0,29
BRDA:418,217,1,15
BRDA:428,218,0,14
BRDA:428,218,1,14
BRDA:431,219,0,29
BRDA:431,219,1,15
BRDA:438,220,0,30
BRDA:438,220,1,30
BRDA:442,221,0,30
BRDA:442,221,1,0
BRDA:442,222,0,30
BRDA:442,222,1,30
BRDA:442,223,0,0
BRDA:442,223,1,30
BRDA:442,224,0,30
BRDA:442,224,1,30
BRDA:447,225,0,30
BRDA:447,225,1,23
BRDA:453,226,0,0
BRDA:453,226,1,23
BRDA:455,227,0,0
BRDA:455,227,1,23
BRDA:463,228,0,30
BRDA:463,228,1,0
BRDA:479,229,0,90
BRDA:479,229,1,30
BRDA:479,230,0,120
BRDA:479,230,1,90
BRDA:481,231,0,23
BRDA:481,231,1,7
BRDA:481,232,0,30
BRDA:481,232,1,23
BRDA:491,233,0,26
BRDA:492,234,0,4
BRDA:503,235,0,3
BRDA:503,235,1,69
BRDA:505,236,0,72
BRDA:505,236,1,3
BRDA:511,237,0,22
BRDA:511,237,1,0
BRDA:512,238,0,22
BRDA:512,238,1,0
BRDA:513,239,0,22
BRDA:513,239,1,0
BRDA:514,240,0,18
BRDA:514,240,1,4
BRDA:515,241,0,18
BRDA:515,241,1,4
BRDA:516,242,0,0
BRDA:516,243,0,22
BRDA:516,243,1,22
BRDA:519,244,0,18
BRDA:519,244,1,4
BRDA:519,245,0,4
BRDA:519,245,1,0
BRDA:521,246,0,58
BRDA:521,246,1,8
BRDA:521,247,0,66
BRDA:521,247,1,58
BRDA:521,248,0,4
BRDA:521,248,1,4
BRDA:523,249,0,22
BRDA:523,249,1,0
BRDA:523,250,0,22
BRDA:523,250,1,22
BRDA:532,251,0,22
BRDA:532,251,1,0
BRDA:533,252,0,22
BRDA:533,252,1,0
BRDA:534,253,0,0
BRDA:534,254,0,22
BRDA:534,254,1,22
BRDA:537,255,0,12
BRDA:537,255,1,10
BRDA:537,256,0,22
BRDA:537,256,1,22
BRDA:537,257,0,0
BRDA:537,257,1,22
BRDA:537,258,0,22
BRDA:537,258,1,22
BRDA:538,259,0,12
BRDA:538,259,1,10
BRDA:538,260,0,22
BRDA:538,260,1,22
BRDA:539,261,0,12
BRDA:539,261,1,10
BRDA:539,262,0,22
BRDA:539,262,1,22
BRDA:540,263,0,20
BRDA:540,263,1,2
BRDA:541,264,0,20
BRDA:541,264,1,2
BRDA:548,265,0,12
BRDA:548,266,0,22
BRDA:548,266,1,20
BRDA:549,267,0,0
BRDA:549,268,0,22
BRDA:549,268,1,2
BRDA:550,269,0,0
BRDA:550,270,0,22
BRDA:550,270,1,20
BRDA:550,270,2,12
BRDA:551,271,0,0
BRDA:551,272,0,22
BRDA:551,272,1,2
BRDA:551,272,2,0
BRDA:554,273,0,0
BRDA:554,273,1,22
BRDA:554,274,0,10
BRDA:554,274,1,12
BRDA:554,275,0,22
BRDA:554,275,1,22
BRDA:554,276,0,10
BRDA:554,276,1,12
BRDA:554,277,0,22
BRDA:554,277,1,22
BRDA:554,278,0,0
BRDA:554,278,1,22
BRDA:554,279,0,22
BRDA:554,279,1,22
BRDA:559,280,0,22
BRDA:559,280,1,0
BRDA:559,281,0,22
BRDA:559,281,1,22
BRDA:560,282,0,18
BRDA:560,282,1,4
BRDA:561,283,0,12
BRDA:561,283,1,10
BRDA:561,284,0,22
BRDA:561,284,1,22
BRDA:561,285,0,0
BRDA:561,285,1,22
BRDA:561,286,0,22
BRDA:561,286,1,22
BRDA:562,287,0,12
BRDA:562,287,1,10
BRDA:562,288,0,0
BRDA:562,288,1,10
BRDA:568,289,0,20
BRDA:568,289,1,2
BRDA:568,290,0,2
BRDA:568,290,1,0
BRDA:570,291,0,18
BRDA:570,291,1,4
BRDA:571,292,0,0
BRDA:571,292,1,22
BRDA:571,293,0,22
BRDA:571,293,1,22
BRDA:572,294,0,12
BRDA:572,294,1,10
BRDA:577,295,0,0
BRDA:577,295,1,22
BRDA:577,296,0,22
BRDA:577,296,1,22
BRDA:578,297,0,12
BRDA:578,298,0,10
BRDA:578,298,1,12
BRDA:578,299,0,22
BRDA:578,299,1,22
BRDA:578,300,0,10
BRDA:578,300,1,12
BRDA:578,301,0,22
BRDA:578,301,1,22
BRDA:580,302,0,0
BRDA:580,302,1,10
BRDA:580,303,0,10
BRDA:580,303,1,10
BRDA:580,304,0,0
BRDA:580,304,1,10
BRDA:580,305,0,10
BRDA:580,305,1,10
BRDA:581,306,0,0
BRDA:581,306,1,10
BRDA:581,307,0,10
BRDA:581,307,1,10
BRDA:581,308,0,0
BRDA:581,308,1,10
BRDA:581,309,0,10
BRDA:581,309,1,10
BRDA:582,310,0,0
BRDA:582,310,1,10
BRDA:582,311,0,10
BRDA:582,311,1,10
BRDA:582,312,0,0
BRDA:582,312,1,10
BRDA:582,313,0,10
BRDA:582,313,1,10
BRDA:583,314,0,0
BRDA:583,314,1,10
BRDA:583,315,0,10
BRDA:583,315,1,10
BRDA:583,316,0,0
BRDA:583,316,1,10
BRDA:583,317,0,10
BRDA:583,317,1,10
BRDA:584,318,0,0
BRDA:585,319,0,0
BRDA:586,320,0,0
BRDA:587,321,0,0
BRDA:588,322,0,0
BRDA:588,323,0,10
BRDA:588,323,1,10
BRDA:588,324,0,10
BRDA:588,324,1,0
BRDA:588,325,0,10
BRDA:588,325,1,10
BRDA:588,326,0,10
BRDA:588,326,1,0
BRDA:588,327,0,10
BRDA:588,327,1,10
BRDA:589,328,0,0
BRDA:589,329,0,10
BRDA:589,329,1,10
BRDA:589,330,0,10
BRDA:589,330,1,0
BRDA:589,331,0,10
BRDA:589,331,1,10
BRDA:589,332,0,10
BRDA:589,332,1,0
BRDA:589,333,0,10
BRDA:589,333,1,10
BRDA:590,334,0,0
BRDA:590,335,0,10
BRDA:590,335,1,10
BRDA:590,336,0,10
BRDA:590,336,1,0
BRDA:590,337,0,10
BRDA:590,337,1,10
BRDA:590,338,0,10
BRDA:590,338,1,0
BRDA:590,339,0,10
BRDA:590,339,1,10
BRDA:591,340,0,0
BRDA:592,341,0,0
BRDA:597,342,0,0
BRDA:597,342,1,22
BRDA:597,343,0,22
BRDA:597,343,1,22
BRDA:598,344,0,12
BRDA:598,345,0,10
BRDA:598,345,1,12
BRDA:598,346,0,22
BRDA:598,346,1,22
BRDA:598,347,0,10
BRDA:598,347,1,12
BRDA:598,348,0,22
BRDA:598,348,1,22
BRDA:600,349,0,0
BRDA:600,349,1,10
BRDA:600,350,0,10
BRDA:600,350,1,10
BRDA:600,351,0,0
BRDA:600,351,1,10
BRDA:600,352,0,10
BRDA:600,352,1,10
BRDA:601,353,0,0
BRDA:601,353,1,10
BRDA:601,354,0,10
BRDA:601,354,1,10
BRDA:601,355,0,0
BRDA:601,355,1,10
BRDA:601,356,0,10
BRDA:601,356,1,10
BRDA:602,357,0,0
BRDA:602,357,1,10
BRDA:602,358,0,10
BRDA:602,358,1,10
BRDA:602,359,0,0
BRDA:602,359,1,10
BRDA:602,360,0,10
BRDA:602,360,1,10
BRDA:603,361,0,0
BRDA:603,361,1,10
BRDA:603,362,0,10
BRDA:603,362,1,10
BRDA:604,363,0,0
BRDA:605,364,0,0
BRDA:605,365,0,10
BRDA:605,365,1,0
BRDA:605,366,0,10
BRDA:605,366,1,10
BRDA:606,367,0,0
BRDA:606,368,0,10
BRDA:606,368,1,0
BRDA:607,369,0,0
BRDA:607,370,0,10
BRDA:607,370,1,0
BRDA:607,371,0,10
BRDA:607,371,1,10
BRDA:608,372,0,0
BRDA:608,373,0,10
BRDA:608,373,1,0
BRDA:608,374,0,10
BRDA:608,374,1,10
BRDA:609,375,0,0
BRDA:609,376,0,10
BRDA:609,376,1,0
BRDA:609,377,0,10
BRDA:609,377,1,10
BRDA:614,378,0,0
BRDA:615,379,0,26
BRDA:616,380,0,0
BRDA:616,381,0,4
BRDA:616,381,1,4
BRDA:616,381,2,4
BRDA:616,381,3,4
BRDA:617,382,0,4
BRDA:618,383,0,0
BRDA:623,384,0,0
BRDA:623,384,1,84
BRDA:624,385,0,0
BRDA:624,386,0,84
BRDA:624,386,1,84
BRDA:624,386,2,84
BRDA:625,387,0,84
BRDA:625,387,1,0
BRDA:625,388,0,0
BRDA:625,388,1,0
BRDA:625,389,0,0
BRDA:625,389,1,0
BRF:761
BRH:515
end_of_record
TN:
SF:src/components/synthetic/SyntheticRegimeCard.tsx
FN:33,SyntheticRegimeCard
FN:109,GaugeRow
FNF:2
FNH:2
FNDA:5,SyntheticRegimeCard
FNDA:12,GaugeRow
DA:2,2
DA:26,2
DA:33,2
DA:34,5
DA:36,5
DA:37,1
DA:47,4
DA:53,4
DA:110,12
DA:111,12
LF:10
LH:10
BRDA:34,0,0,5
BRDA:34,0,1,0
BRDA:34,1,0,5
BRDA:34,1,1,5
BRDA:36,2,0,1
BRDA:47,3,0,1
BRDA:47,3,1,3
BRDA:47,4,0,4
BRDA:47,4,1,4
BRDA:49,5,0,3
BRDA:49,5,1,0
BRDA:49,6,0,3
BRDA:49,6,1,3
BRDA:60,7,0,4
BRDA:60,7,1,0
BRDA:66,8,0,4
BRDA:66,8,1,0
BRDA:66,9,0,4
BRDA:66,9,1,4
BRDA:66,10,0,0
BRDA:66,10,1,4
BRDA:66,11,0,4
BRDA:66,11,1,4
BRDA:68,12,0,1
BRDA:68,12,1,3
BRDA:69,13,0,3
BRDA:69,13,1,0
BRDA:72,14,0,1
BRDA:72,14,1,3
BRDA:73,15,0,3
BRDA:73,15,1,0
BRDA:79,16,0,2
BRDA:79,16,1,2
BRDA:81,17,0,4
BRDA:81,17,1,0
BRDA:81,18,0,4
BRDA:81,18,1,4
BRDA:81,19,0,4
BRDA:81,19,1,0
BRDA:81,20,0,4
BRDA:81,20,1,4
BRDA:84,21,0,4
BRDA:84,21,1,1
BRDA:94,22,0,4
BRDA:94,22,1,0
BRDA:94,23,0,4
BRDA:94,23,1,4
BRDA:94,24,0,0
BRDA:94,24,1,4
BRDA:94,25,0,4
BRDA:94,25,1,4
BRDA:94,26,0,0
BRDA:94,26,1,4
BRDA:94,27,0,4
BRDA:94,27,1,4
BRDA:94,28,0,4
BRDA:94,28,1,0
BRDA:94,29,0,4
BRDA:94,29,1,4
BRDA:94,30,0,0
BRDA:94,30,1,4
BRDA:94,31,0,4
BRDA:94,31,1,4
BRDA:94,32,0,0
BRDA:94,32,1,4
BRDA:94,33,0,4
BRDA:94,33,1,4
BRDA:98,34,0,4
BRDA:98,34,1,0
BRDA:98,35,0,4
BRDA:98,35,1,4
BRDA:98,36,0,0
BRDA:98,36,1,4
BRDA:98,37,0,4
BRDA:98,37,1,4
BRDA:98,38,0,0
BRDA:98,38,1,4
BRDA:98,39,0,4
BRDA:98,39,1,4
BRDA:102,40,0,4
BRDA:102,40,1,0
BRDA:102,41,0,4
BRDA:102,41,1,4
BRDA:102,42,0,0
BRDA:102,42,1,4
BRDA:102,43,0,4
BRDA:102,43,1,4
BRDA:102,44,0,0
BRDA:102,44,1,4
BRDA:102,45,0,4
BRDA:102,45,1,4
BRDA:115,46,0,4
BRDA:115,46,1,8
BRDA:115,47,0,12
BRDA:115,47,1,12
BRF:95
BRH:74
end_of_record
TN:
SF:src/components/ui/AssetTypeBadge.tsx
FN:18,AssetTypeBadge
FNF:1
FNH:1
FNDA:37,AssetTypeBadge
DA:1,5
DA:10,5
DA:18,5
DA:19,37
DA:20,36
DA:22,36
LF:6
LH:6
BRDA:19,0,0,1
BRDA:20,1,0,36
BRDA:20,1,1,0
BRDA:20,2,0,36
BRDA:20,2,1,36
BRF:5
BRH:4
end_of_record
TN:
SF:src/components/ui/ConfidenceGauge.tsx
FN:9,ConfidenceGauge
FNF:1
FNH:1
FNDA:31,ConfidenceGauge
DA:1,4
DA:9,4
DA:10,31
DA:11,31
DA:12,31
DA:13,31
DA:14,31
DA:16,31
DA:18,31
LF:9
LH:9
BRDA:9,0,0,1
BRDA:11,1,0,30
BRDA:11,1,1,1
BRDA:11,2,0,1
BRDA:11,2,1,0
BRDA:12,3,0,30
BRDA:12,3,1,1
BRDA:12,4,0,1
BRDA:12,4,1,0
BRDA:16,5,0,29
BRDA:16,5,1,2
BRDA:16,6,0,2
BRDA:16,6,1,0
BRDA:49,7,0,30
BRDA:49,7,1,1
BRDA:49,8,0,1
BRDA:49,8,1,0
BRF:17
BRH:13
end_of_record
TN:
SF:src/components/ui/LiveDot.tsx
FN:9,LiveDot
FNF:1
FNH:1
FNDA:2,LiveDot
DA:1,1
DA:9,1
DA:10,2
LF:3
LH:3
BRDA:9,0,0,1
BRDA:15,1,0,1
BRDA:15,1,1,1
BRDA:18,2,0,1
BRDA:18,2,1,1
BRDA:19,3,0,0
BRDA:19,3,1,2
BRDA:19,4,0,2
BRDA:19,4,1,2
BRDA:19,5,0,1
BRDA:19,5,1,1
BRF:11
BRH:10
end_of_record
TN:
SF:src/components/ui/OpportunityScore.tsx
FN:9,OpportunityScore
FN:15,(anonymous_1)
FNF:2
FNH:2
FNDA:30,OpportunityScore
FNDA:120,(anonymous_1)
DA:1,4
DA:2,4
DA:9,4
DA:10,30
DA:11,30
DA:13,30
DA:16,120
LF:7
LH:7
BRDA:11,0,0,14
BRDA:11,0,1,16
BRDA:11,1,0,14
BRDA:11,1,1,2
BRDA:11,2,0,2
BRDA:11,2,1,0
BRDA:11,3,0,0
BRDA:11,3,1,0
BRDA:20,4,0,102
BRDA:20,4,1,18
BRF:10
BRH:7
end_of_record
TN:
SF:src/components/ui/PageSkeleton.tsx
FN:8,PageSkeleton
FN:20,(anonymous_1)
FNF:2
FNH:2
FNDA:4,PageSkeleton
FNDA:13,(anonymous_1)
DA:1,4
DA:8,4
DA:9,4
DA:21,13
LF:4
LH:4
BRDA:8,0,0,0
BRDA:8,1,0,0
BRF:2
BRH:0
end_of_record
TN:
SF:src/components/ui/ProbabilityBar.tsx
FN:12,ProbabilityBar
FNF:1
FNH:1
FNDA:34,ProbabilityBar
DA:1,5
DA:12,5
DA:20,34
DA:22,34
DA:25,34
DA:35,34
LF:6
LH:6
BRDA:14,0,0,4
BRDA:15,1,0,1
BRDA:16,2,0,4
BRDA:22,3,0,3
BRDA:22,3,1,31
BRDA:23,4,0,31
BRDA:23,4,1,0
BRDA:25,5,0,3
BRDA:25,5,1,31
BRDA:38,6,0,34
BRDA:38,6,1,31
BRDA:39,7,0,31
BRDA:39,7,1,0
BRDA:47,8,0,34
BRDA:47,8,1,0
BRF:15
BRH:12
end_of_record
TN:
SF:src/components/ui/RRRatioBadge.tsx
FN:8,RRRatioBadge
FNF:1
FNH:1
FNDA:31,RRRatioBadge
DA:1,4
DA:8,4
DA:9,31
DA:10,24
DA:11,24
DA:14,24
DA:19,24
LF:7
LH:7
BRDA:9,0,0,7
BRDA:9,1,0,31
BRDA:9,1,1,24
BRDA:10,2,0,24
BRDA:10,2,1,0
BRDA:11,3,0,0
BRDA:14,4,0,0
BRDA:14,4,1,24
BRDA:15,5,0,24
BRDA:15,5,1,0
BRDA:16,6,0,0
BRDA:16,6,1,0
BRF:12
BRH:6
end_of_record
TN:
SF:src/components/ui/RegimeBadge.tsx
FN:28,RegimeBadge
FNF:1
FNH:1
FNDA:34,RegimeBadge
DA:1,5
DA:18,5
DA:28,5
DA:29,34
DA:30,18
DA:32,18
LF:6
LH:6
BRDA:29,0,0,16
BRDA:29,1,0,34
BRDA:29,1,1,18
BRDA:30,2,0,17
BRDA:30,2,1,1
BRDA:30,3,0,18
BRDA:30,3,1,18
BRF:7
BRH:7
end_of_record
TN:
SF:src/components/ui/Skeleton.tsx
FN:1,Skeleton
FN:7,SkeletonCard
FN:20,SkeletonTable
FN:23,(anonymous_3)
FN:36,SkeletonSignalCard
FN:50,(anonymous_5)
FNF:6
FNH:4
FNDA:193,Skeleton
FNDA:28,SkeletonCard
FNDA:4,SkeletonTable
FNDA:12,(anonymous_3)
FNDA:0,SkeletonSignalCard
FNDA:0,(anonymous_5)
DA:1,7
DA:2,193
DA:7,7
DA:8,28
DA:20,7
DA:21,4
DA:24,12
DA:36,7
DA:37,0
DA:50,0
LF:10
LH:8
BRDA:1,0,0,0
BRDA:20,1,0,0
BRF:2
BRH:0
end_of_record
TN:
SF:src/components/ui/TimeAgo.tsx
FN:9,formatAgo
FN:21,TimeAgo
FN:24,(anonymous_2)
FN:27,(anonymous_3)
FN:28,(anonymous_4)
FNF:5
FNH:4
FNDA:62,formatAgo
FNDA:39,TimeAgo
FNDA:23,(anonymous_2)
FNDA:0,(anonymous_3)
FNDA:23,(anonymous_4)
DA:2,4
DA:10,62
DA:11,62
DA:12,46
DA:13,46
DA:14,46
DA:15,44
DA:16,44
DA:17,44
DA:18,44
DA:21,4
DA:22,39
DA:24,39
DA:25,23
DA:26,23
DA:27,23
DA:28,23
DA:31,39
LF:18
LH:18
BRDA:11,0,0,16
BRDA:12,1,0,0
BRDA:14,2,0,2
BRDA:16,3,0,0
BRF:4
BRH:2
end_of_record
TN:
SF:src/components/ui/ToastProvider.tsx
FN:28,ToastProvider
FN:31,(anonymous_1)
FN:32,(anonymous_2)
FN:32,(anonymous_3)
FN:35,(anonymous_4)
FN:38,(anonymous_5)
FN:41,(anonymous_6)
FN:43,(anonymous_7)
FN:44,(anonymous_8)
FN:46,(anonymous_9)
FN:53,(anonymous_10)
FN:67,(anonymous_11)
FNF:12
FNH:11
FNDA:11,ToastProvider
FNDA:1,(anonymous_1)
FNDA:1,(anonymous_2)
FNDA:1,(anonymous_3)
FNDA:2,(anonymous_4)
FNDA:2,(anonymous_5)
FNDA:11,(anonymous_6)
FNDA:2,(anonymous_7)
FNDA:0,(anonymous_8)
FNDA:2,(anonymous_9)
FNDA:2,(anonymous_10)
FNDA:1,(anonymous_11)
DA:2,2
DA:3,2
DA:19,2
DA:21,2
DA:28,2
DA:29,11
DA:31,11
DA:32,1
DA:35,11
DA:36,2
DA:37,2
DA:38,2
DA:41,11
DA:42,11
DA:43,2
DA:44,2
DA:46,2
DA:49,11
DA:54,2
DA:55,2
DA:67,1
LF:21
LH:21
BRDA:37,0,0,1
BRDA:37,0,1,1
BRDA:37,1,0,2
BRDA:37,1,1,2
BRDA:37,2,0,1
BRDA:37,2,1,1
BRDA:37,3,0,2
BRDA:37,3,1,2
BRDA:38,4,0,1
BRDA:38,4,1,1
BRDA:38,5,0,2
BRDA:38,5,1,2
BRDA:42,6,0,9
BRDA:63,7,0,2
BRDA:63,7,1,1
BRF:15
BRH:15
end_of_record
TN:
SF:src/hooks/useToast.ts
FN:5,useToast
FNF:1
FNH:1
FNDA:10,useToast
DA:2,1
DA:3,1
DA:5,1
DA:6,10
DA:7,10
DA:8,0
DA:10,10
LF:7
LH:6
BRDA:7,0,0,0
BRF:1
BRH:0
end_of_record
TN:
SF:src/lib/export.ts
FN:6,escapeCsv
FN:14,downloadCsv
FN:15,(anonymous_2)
FN:16,(anonymous_3)
FN:16,(anonymous_4)
FNF:5
FNH:0
FNDA:0,escapeCsv
FNDA:0,downloadCsv
FNDA:0,(anonymous_2)
FNDA:0,(anonymous_3)
FNDA:0,(anonymous_4)
DA:7,0
DA:8,0
DA:9,0
DA:11,0
DA:14,1
DA:15,0
DA:16,0
DA:17,0
DA:19,0
DA:20,0
DA:21,0
DA:22,0
DA:23,0
DA:24,0
DA:25,0
DA:26,0
DA:27,0
LF:17
LH:1
BRDA:7,0,0,0
BRDA:7,0,1,0
BRDA:7,1,0,0
BRDA:7,1,1,0
BRDA:8,2,0,0
BRDA:8,3,0,0
BRDA:8,3,1,0
BRDA:8,3,2,0
BRDA:8,3,3,0
BRF:9
BRH:0
end_of_record
TN:
SF:src/lib/pdf.ts
FN:26,downloadPerformancePDF
FN:31,(anonymous_10)
FN:32,(anonymous_11)
FN:68,(anonymous_12)
FNF:4
FNH:0
FNDA:0,downloadPerformancePDF
FNDA:0,(anonymous_10)
FNDA:0,(anonymous_11)
FNDA:0,(anonymous_12)
DA:26,1
DA:31,0
DA:32,0
DA:33,0
DA:35,0
DA:36,0
DA:37,0
DA:38,0
DA:40,0
DA:41,0
DA:42,0
DA:44,0
DA:45,0
DA:46,0
DA:57,0
DA:67,0
DA:68,0
DA:80,0
DA:91,0
LF:19
LH:1
BRDA:29,0,0,0
BRDA:48,1,0,0
BRDA:48,1,1,0
BRDA:49,2,0,0
BRDA:49,2,1,0
BRDA:50,3,0,0
BRDA:50,3,1,0
BRDA:50,4,0,0
BRDA:50,4,1,0
BRDA:67,5,0,0
BRDA:69,6,0,0
BRDA:69,6,1,0
BRDA:69,7,0,0
BRDA:69,7,1,0
BRDA:69,8,0,0
BRDA:69,8,1,0
BRDA:69,9,0,0
BRDA:69,9,1,0
BRDA:70,10,0,0
BRDA:70,10,1,0
BRDA:70,11,0,0
BRDA:70,11,1,0
BRDA:71,12,0,0
BRDA:71,12,1,0
BRDA:71,13,0,0
BRDA:71,13,1,0
BRDA:72,14,0,0
BRDA:72,14,1,0
BRDA:72,15,0,0
BRDA:72,15,1,0
BRDA:73,16,0,0
BRDA:73,16,1,0
BRDA:73,17,0,0
BRDA:73,17,1,0
BRDA:74,18,0,0
BRDA:74,18,1,0
BRDA:74,19,0,0
BRDA:74,19,1,0
BRDA:75,20,0,0
BRDA:75,20,1,0
BRDA:75,21,0,0
BRDA:75,21,1,0
BRDA:76,22,0,0
BRDA:76,22,1,0
BRDA:77,23,0,0
BRDA:77,23,1,0
BRF:46
BRH:0
end_of_record
TN:
SF:src/lib/test-utils.tsx
FN:4,createTestQueryClient
FN:12,TestWrapper
FNF:2
FNH:1
FNDA:39,createTestQueryClient
FNDA:0,TestWrapper
DA:2,16
DA:4,16
DA:5,39
DA:12,16
DA:13,0
DA:14,0
LF:6
LH:4
BRF:0
BRH:0
end_of_record
TN:
SF:src/store/mode.store.ts
FN:14,getStoredMode
FN:20,setStoredMode
FN:25,(anonymous_2)
FN:27,(anonymous_3)
FN:32,(anonymous_4)
FNF:5
FNH:4
FNDA:4,getStoredMode
FNDA:1,setStoredMode
FNDA:4,(anonymous_2)
FNDA:1,(anonymous_3)
FNDA:0,(anonymous_4)
DA:2,4
DA:12,4
DA:15,4
DA:16,4
DA:17,4
DA:21,1
DA:22,1
DA:25,4
DA:28,1
DA:29,1
DA:30,1
DA:33,0
DA:34,0
LF:13
LH:11
BRDA:15,0,0,0
BRDA:17,1,0,0
BRDA:17,1,1,4
BRDA:21,2,0,0
BRDA:28,3,0,0
BRDA:28,3,1,1
BRF:6
BRH:2
end_of_record
TN:
SF:src/store/trading.store.ts
FN:27,(anonymous_0)
FN:31,(anonymous_1)
FN:31,(anonymous_2)
FN:32,(anonymous_3)
FN:40,(anonymous_4)
FN:59,(anonymous_5)
FNF:6
FNH:5
FNDA:5,(anonymous_0)
FNDA:1,(anonymous_1)
FNDA:1,(anonymous_2)
FNDA:1,(anonymous_3)
FNDA:5,(anonymous_4)
FNDA:0,(anonymous_5)
DA:2,5
DA:3,5
DA:25,5
DA:27,5
DA:31,1
DA:32,1
DA:41,5
DA:42,5
DA:43,5
DA:45,5
DA:46,5
DA:47,4
DA:49,3
DA:50,3
DA:51,3
DA:52,2
DA:53,2
DA:55,1
DA:59,0
LF:19
LH:18
BRDA:40,0,0,0
BRDA:42,1,0,5
BRDA:42,1,1,0
BRDA:45,2,0,0
BRDA:46,3,0,1
BRDA:47,4,0,1
BRDA:47,5,0,4
BRDA:47,5,1,1
BRDA:47,5,2,1
BRDA:52,6,0,2
BRDA:52,6,1,0
BRDA:52,7,0,2
BRDA:52,7,1,2
BRDA:52,8,0,2
BRDA:52,8,1,0
BRDA:52,9,0,2
BRDA:52,9,1,2
BRDA:52,10,0,0
BRDA:52,10,1,2
BRDA:52,11,0,2
BRDA:52,11,1,2
BRDA:55,12,0,1
BRDA:55,12,1,0
BRDA:55,13,0,1
BRDA:55,13,1,1
BRDA:55,14,0,0
BRDA:55,14,1,1
BRDA:55,15,0,1
BRDA:55,15,1,1
BRF:29
BRH:21
end_of_record
